[0.884s] Invoking command in '/home/cam/projects/CubeRover/src/pi_controller': PS1=(venv) \[\e]0;\u@\h: \w\a\]${debian_chroot:+($debian_chroot)}\[\033[01;32m\]\u@\h\[\033[00m\]:\[\033[01;34m\]\w\[\033[00m\]\$ PYTHONPATH=/home/cam/projects/CubeRover/build/pi_controller/prefix_override:/home/cam/projects/CubeRover/venv/lib/python3.12/site-packages/colcon_core/task/python/colcon_distutils_commands:/home/cam/projects/CubeRover/install/pi_controller/lib/python3.12/site-packages:${PYTHONPATH} /home/cam/projects/CubeRover/venv/bin/python -W ignore:setup.py install is deprecated -W ignore:easy_install command is deprecated setup.py egg_info --egg-base ../../build/pi_controller build --build-base /home/cam/projects/CubeRover/build/pi_controller/build install --record /home/cam/projects/CubeRover/build/pi_controller/install.log --single-version-externally-managed install_data
[1.063s] /home/cam/projects/CubeRover/venv/lib/python3.12/site-packages/setuptools/_distutils/dist.py:289: UserWarning: Unknown distribution option: 'tests_require'
[1.063s]   warnings.warn(msg)
[1.208s] running egg_info
[1.230s] writing ../../build/pi_controller/Serial.egg-info/PKG-INFO
[1.231s] writing dependency_links to ../../build/pi_controller/Serial.egg-info/dependency_links.txt
[1.232s] writing entry points to ../../build/pi_controller/Serial.egg-info/entry_points.txt
[1.233s] writing requirements to ../../build/pi_controller/Serial.egg-info/requires.txt
[1.234s] writing top-level names to ../../build/pi_controller/Serial.egg-info/top_level.txt
[1.277s] reading manifest file '../../build/pi_controller/Serial.egg-info/SOURCES.txt'
[1.278s] adding license file 'LICENSE'
[1.279s] writing manifest file '../../build/pi_controller/Serial.egg-info/SOURCES.txt'
[1.279s] running build
[1.279s] running build_py
[1.280s] copying pi_controller/__init__.py -> /home/cam/projects/CubeRover/build/pi_controller/build/lib/pi_controller
[1.280s] copying pi_controller/python_serial_teensy.py -> /home/cam/projects/CubeRover/build/pi_controller/build/lib/pi_controller
[1.281s] running install
[1.286s] running install_lib
[1.309s] copying /home/cam/projects/CubeRover/build/pi_controller/build/lib/pi_controller/python_serial_teensy.py -> /home/cam/projects/CubeRover/install/pi_controller/lib/python3.12/site-packages/pi_controller
[1.310s] byte-compiling /home/cam/projects/CubeRover/install/pi_controller/lib/python3.12/site-packages/pi_controller/python_serial_teensy.py to python_serial_teensy.cpython-312.pyc
[1.313s] running install_data
[1.313s] copying resource/pi_controller -> /home/cam/projects/CubeRover/install/pi_controller/share/ament_index/resource_index/packages
[1.314s] copying package.xml -> /home/cam/projects/CubeRover/install/pi_controller/share/pi_controller
[1.315s] running install_egg_info
[1.335s] removing '/home/cam/projects/CubeRover/install/pi_controller/lib/python3.12/site-packages/Serial-0.0.1-py3.12.egg-info' (and everything under it)
[1.336s] Copying ../../build/pi_controller/Serial.egg-info to /home/cam/projects/CubeRover/install/pi_controller/lib/python3.12/site-packages/Serial-0.0.1-py3.12.egg-info
[1.338s] running install_scripts
[1.371s] Installing Serial script to /home/cam/projects/CubeRover/install/pi_controller/bin
[1.372s] writing list of installed files to '/home/cam/projects/CubeRover/build/pi_controller/install.log'
[1.392s] Invoked command in '/home/cam/projects/CubeRover/src/pi_controller' returned '0': PS1=(venv) \[\e]0;\u@\h: \w\a\]${debian_chroot:+($debian_chroot)}\[\033[01;32m\]\u@\h\[\033[00m\]:\[\033[01;34m\]\w\[\033[00m\]\$ PYTHONPATH=/home/cam/projects/CubeRover/build/pi_controller/prefix_override:/home/cam/projects/CubeRover/venv/lib/python3.12/site-packages/colcon_core/task/python/colcon_distutils_commands:/home/cam/projects/CubeRover/install/pi_controller/lib/python3.12/site-packages:${PYTHONPATH} /home/cam/projects/CubeRover/venv/bin/python -W ignore:setup.py install is deprecated -W ignore:easy_install command is deprecated setup.py egg_info --egg-base ../../build/pi_controller build --build-base /home/cam/projects/CubeRover/build/pi_controller/build install --record /home/cam/projects/CubeRover/build/pi_controller/install.log --single-version-externally-managed install_data
