[1.016s] Invoking command in '/home/cam/projects/CubeRover/src/pi_controller': PYTHONPATH=/home/cam/projects/CubeRover/build/pi_controller/prefix_override:/usr/lib/python3/dist-packages/colcon_core/task/python/colcon_distutils_commands:/home/cam/projects/CubeRover/install/pi_controller/lib/python3.12/site-packages:${PYTHONPATH} /usr/bin/python3 -W ignore:setup.py install is deprecated -W ignore:easy_install command is deprecated setup.py egg_info --egg-base ../../build/pi_controller build --build-base /home/cam/projects/CubeRover/build/pi_controller/build install --record /home/cam/projects/CubeRover/build/pi_controller/install.log --single-version-externally-managed install_data
[1.226s] running egg_info
[1.243s] writing ../../build/pi_controller/Serial.egg-info/PKG-INFO
[1.244s] writing dependency_links to ../../build/pi_controller/Serial.egg-info/dependency_links.txt
[1.244s] writing entry points to ../../build/pi_controller/Serial.egg-info/entry_points.txt
[1.244s] writing requirements to ../../build/pi_controller/Serial.egg-info/requires.txt
[1.244s] writing top-level names to ../../build/pi_controller/Serial.egg-info/top_level.txt
[1.279s] reading manifest file '../../build/pi_controller/Serial.egg-info/SOURCES.txt'
[1.280s] adding license file 'LICENSE'
[1.281s] writing manifest file '../../build/pi_controller/Serial.egg-info/SOURCES.txt'
[1.281s] running build
[1.281s] running build_py
[1.281s] copying pi_controller/python_serial_teensy.py -> /home/cam/projects/CubeRover/build/pi_controller/build/lib/pi_controller
[1.282s] running install
[1.286s] running install_lib
[1.304s] copying /home/cam/projects/CubeRover/build/pi_controller/build/lib/pi_controller/python_serial_teensy.py -> /home/cam/projects/CubeRover/install/pi_controller/lib/python3.12/site-packages/pi_controller
[1.305s] byte-compiling /home/cam/projects/CubeRover/install/pi_controller/lib/python3.12/site-packages/pi_controller/python_serial_teensy.py to python_serial_teensy.cpython-312.pyc
[1.306s] running install_data
[1.307s] copying package.xml -> /home/cam/projects/CubeRover/install/pi_controller/share/pi_controller
[1.307s] running install_egg_info
[1.326s] removing '/home/cam/projects/CubeRover/install/pi_controller/lib/python3.12/site-packages/Serial-0.0.1-py3.12.egg-info' (and everything under it)
[1.327s] Copying ../../build/pi_controller/Serial.egg-info to /home/cam/projects/CubeRover/install/pi_controller/lib/python3.12/site-packages/Serial-0.0.1-py3.12.egg-info
[1.328s] running install_scripts
[1.434s] Installing Serial script to /home/cam/projects/CubeRover/install/pi_controller/lib/pi_controller
[1.435s] writing list of installed files to '/home/cam/projects/CubeRover/build/pi_controller/install.log'
[1.454s] Invoked command in '/home/cam/projects/CubeRover/src/pi_controller' returned '0': PYTHONPATH=/home/cam/projects/CubeRover/build/pi_controller/prefix_override:/usr/lib/python3/dist-packages/colcon_core/task/python/colcon_distutils_commands:/home/cam/projects/CubeRover/install/pi_controller/lib/python3.12/site-packages:${PYTHONPATH} /usr/bin/python3 -W ignore:setup.py install is deprecated -W ignore:easy_install command is deprecated setup.py egg_info --egg-base ../../build/pi_controller build --build-base /home/cam/projects/CubeRover/build/pi_controller/build install --record /home/cam/projects/CubeRover/build/pi_controller/install.log --single-version-externally-managed install_data
