[0.335s] DEBUG:colcon:Command line arguments: ['/usr/bin/colcon', 'build']
[0.336s] DEBUG:colcon:Parsed command line arguments: Namespace(log_base=None, log_level=None, verb_name='build', build_base='build', install_base='install', merge_install=False, symlink_install=False, test_result_base=None, continue_on_error=False, executor='parallel', parallel_workers=16, event_handlers=None, ignore_user_meta=False, metas=['./colcon.meta'], base_paths=['.'], packages_ignore=None, packages_ignore_regex=None, paths=None, packages_up_to=None, packages_up_to_regex=None, packages_above=None, packages_above_and_dependencies=None, packages_above_depth=None, packages_select_by_dep=None, packages_skip_by_dep=None, packages_skip_up_to=None, packages_select_build_failed=False, packages_skip_build_finished=False, packages_select_test_failures=False, packages_skip_test_passed=False, packages_select=None, packages_skip=None, packages_select_regex=None, packages_skip_regex=None, packages_start=None, packages_end=None, allow_overriding=[], cmake_args=None, cmake_target=None, cmake_target_skip_unavailable=False, cmake_clean_cache=False, cmake_clean_first=False, cmake_force_configure=False, ament_cmake_args=None, catkin_cmake_args=None, catkin_skip_building_tests=False, mixin_files=None, mixin=None, verb_parser=<colcon_mixin.mixin.mixin_argument.MixinArgumentDecorator object at 0x790476f85d90>, verb_extension=<colcon_core.verb.build.BuildVerb object at 0x790476f07d70>, main=<bound method BuildVerb.main of <colcon_core.verb.build.BuildVerb object at 0x790476f07d70>>, mixin_verb=('build',))
[0.397s] Level 1:colcon.colcon_core.package_discovery:discover_packages(colcon_meta) check parameters
[0.397s] Level 1:colcon.colcon_core.package_discovery:discover_packages(recursive) check parameters
[0.397s] Level 1:colcon.colcon_core.package_discovery:discover_packages(ignore) check parameters
[0.397s] Level 1:colcon.colcon_core.package_discovery:discover_packages(path) check parameters
[0.397s] Level 1:colcon.colcon_core.package_discovery:discover_packages(colcon_meta) discover
[0.398s] Level 1:colcon.colcon_core.package_discovery:discover_packages(recursive) discover
[0.398s] INFO:colcon.colcon_core.package_discovery:Crawling recursively for packages in '/home/cam/projects/CubeRover'
[0.398s] Level 1:colcon.colcon_core.package_identification:_identify(.) by extensions ['ignore', 'ignore_ament_install']
[0.398s] Level 1:colcon.colcon_core.package_identification:_identify(.) by extension 'ignore'
[0.398s] Level 1:colcon.colcon_core.package_identification:_identify(.) by extension 'ignore_ament_install'
[0.398s] Level 1:colcon.colcon_core.package_identification:_identify(.) by extensions ['colcon_pkg']
[0.398s] Level 1:colcon.colcon_core.package_identification:_identify(.) by extension 'colcon_pkg'
[0.398s] Level 1:colcon.colcon_core.package_identification:_identify(.) by extensions ['colcon_meta']
[0.398s] Level 1:colcon.colcon_core.package_identification:_identify(.) by extension 'colcon_meta'
[0.398s] Level 1:colcon.colcon_core.package_identification:_identify(.) by extensions ['ros']
[0.398s] Level 1:colcon.colcon_core.package_identification:_identify(.) by extension 'ros'
[0.429s] Level 1:colcon.colcon_core.package_identification:_identify(.) by extensions ['cmake', 'python']
[0.429s] Level 1:colcon.colcon_core.package_identification:_identify(.) by extension 'cmake'
[0.429s] Level 1:colcon.colcon_core.package_identification:_identify(.) by extension 'python'
[0.429s] Level 1:colcon.colcon_core.package_identification:_identify(.) by extensions ['python_setup_py']
[0.429s] Level 1:colcon.colcon_core.package_identification:_identify(.) by extension 'python_setup_py'
[0.430s] Level 1:colcon.colcon_core.package_identification:_identify(build) by extensions ['ignore', 'ignore_ament_install']
[0.430s] Level 1:colcon.colcon_core.package_identification:_identify(build) by extension 'ignore'
[0.430s] Level 1:colcon.colcon_core.package_identification:_identify(build) ignored
[0.430s] Level 1:colcon.colcon_core.package_identification:_identify(install) by extensions ['ignore', 'ignore_ament_install']
[0.430s] Level 1:colcon.colcon_core.package_identification:_identify(install) by extension 'ignore'
[0.430s] Level 1:colcon.colcon_core.package_identification:_identify(install) ignored
[0.430s] Level 1:colcon.colcon_core.package_identification:_identify(log) by extensions ['ignore', 'ignore_ament_install']
[0.430s] Level 1:colcon.colcon_core.package_identification:_identify(log) by extension 'ignore'
[0.430s] Level 1:colcon.colcon_core.package_identification:_identify(log) ignored
[0.431s] Level 1:colcon.colcon_core.package_identification:_identify(src) by extensions ['ignore', 'ignore_ament_install']
[0.431s] Level 1:colcon.colcon_core.package_identification:_identify(src) by extension 'ignore'
[0.431s] Level 1:colcon.colcon_core.package_identification:_identify(src) by extension 'ignore_ament_install'
[0.431s] Level 1:colcon.colcon_core.package_identification:_identify(src) by extensions ['colcon_pkg']
[0.431s] Level 1:colcon.colcon_core.package_identification:_identify(src) by extension 'colcon_pkg'
[0.431s] Level 1:colcon.colcon_core.package_identification:_identify(src) by extensions ['colcon_meta']
[0.431s] Level 1:colcon.colcon_core.package_identification:_identify(src) by extension 'colcon_meta'
[0.431s] Level 1:colcon.colcon_core.package_identification:_identify(src) by extensions ['ros']
[0.431s] Level 1:colcon.colcon_core.package_identification:_identify(src) by extension 'ros'
[0.431s] Level 1:colcon.colcon_core.package_identification:_identify(src) by extensions ['cmake', 'python']
[0.431s] Level 1:colcon.colcon_core.package_identification:_identify(src) by extension 'cmake'
[0.431s] Level 1:colcon.colcon_core.package_identification:_identify(src) by extension 'python'
[0.431s] Level 1:colcon.colcon_core.package_identification:_identify(src) by extensions ['python_setup_py']
[0.431s] Level 1:colcon.colcon_core.package_identification:_identify(src) by extension 'python_setup_py'
[0.431s] Level 1:colcon.colcon_core.package_identification:_identify(src/pi_controller) by extensions ['ignore', 'ignore_ament_install']
[0.431s] Level 1:colcon.colcon_core.package_identification:_identify(src/pi_controller) by extension 'ignore'
[0.431s] Level 1:colcon.colcon_core.package_identification:_identify(src/pi_controller) by extension 'ignore_ament_install'
[0.431s] Level 1:colcon.colcon_core.package_identification:_identify(src/pi_controller) by extensions ['colcon_pkg']
[0.431s] Level 1:colcon.colcon_core.package_identification:_identify(src/pi_controller) by extension 'colcon_pkg'
[0.431s] Level 1:colcon.colcon_core.package_identification:_identify(src/pi_controller) by extensions ['colcon_meta']
[0.431s] Level 1:colcon.colcon_core.package_identification:_identify(src/pi_controller) by extension 'colcon_meta'
[0.431s] Level 1:colcon.colcon_core.package_identification:_identify(src/pi_controller) by extensions ['ros']
[0.431s] Level 1:colcon.colcon_core.package_identification:_identify(src/pi_controller) by extension 'ros'
[0.434s] DEBUG:colcon.colcon_core.package_identification:Package 'src/pi_controller' with type 'ros.ament_python' and name 'pi_controller'
[0.434s] Level 1:colcon.colcon_core.package_identification:_identify(src/rover_interfaces) by extensions ['ignore', 'ignore_ament_install']
[0.434s] Level 1:colcon.colcon_core.package_identification:_identify(src/rover_interfaces) by extension 'ignore'
[0.435s] Level 1:colcon.colcon_core.package_identification:_identify(src/rover_interfaces) by extension 'ignore_ament_install'
[0.435s] Level 1:colcon.colcon_core.package_identification:_identify(src/rover_interfaces) by extensions ['colcon_pkg']
[0.435s] Level 1:colcon.colcon_core.package_identification:_identify(src/rover_interfaces) by extension 'colcon_pkg'
[0.435s] Level 1:colcon.colcon_core.package_identification:_identify(src/rover_interfaces) by extensions ['colcon_meta']
[0.435s] Level 1:colcon.colcon_core.package_identification:_identify(src/rover_interfaces) by extension 'colcon_meta'
[0.435s] Level 1:colcon.colcon_core.package_identification:_identify(src/rover_interfaces) by extensions ['ros']
[0.435s] Level 1:colcon.colcon_core.package_identification:_identify(src/rover_interfaces) by extension 'ros'
[0.435s] DEBUG:colcon.colcon_core.package_identification:Package 'src/rover_interfaces' with type 'ros.ament_cmake' and name 'rover_interfaces'
[0.436s] Level 1:colcon.colcon_core.package_identification:_identify(venv) by extensions ['ignore', 'ignore_ament_install']
[0.436s] Level 1:colcon.colcon_core.package_identification:_identify(venv) by extension 'ignore'
[0.436s] Level 1:colcon.colcon_core.package_identification:_identify(venv) ignored
[0.436s] Level 1:colcon.colcon_core.package_discovery:discover_packages(recursive) using defaults
[0.436s] Level 1:colcon.colcon_core.package_discovery:discover_packages(ignore) discover
[0.436s] Level 1:colcon.colcon_core.package_discovery:discover_packages(ignore) using defaults
[0.436s] Level 1:colcon.colcon_core.package_discovery:discover_packages(path) discover
[0.436s] Level 1:colcon.colcon_core.package_discovery:discover_packages(path) using defaults
[0.462s] Level 1:colcon.colcon_core.package_discovery:discover_packages(prefix_path) check parameters
[0.462s] Level 1:colcon.colcon_core.package_discovery:discover_packages(prefix_path) discover
[0.466s] DEBUG:colcon.colcon_installed_package_information.package_discovery:Found 318 installed packages in /opt/ros/jazzy
[0.467s] Level 1:colcon.colcon_core.package_discovery:discover_packages(prefix_path) using defaults
[0.506s] Level 5:colcon.colcon_core.verb:set package 'pi_controller' build argument 'cmake_args' from command line to 'None'
[0.506s] Level 5:colcon.colcon_core.verb:set package 'pi_controller' build argument 'cmake_target' from command line to 'None'
[0.507s] Level 5:colcon.colcon_core.verb:set package 'pi_controller' build argument 'cmake_target_skip_unavailable' from command line to 'False'
[0.507s] Level 5:colcon.colcon_core.verb:set package 'pi_controller' build argument 'cmake_clean_cache' from command line to 'False'
[0.507s] Level 5:colcon.colcon_core.verb:set package 'pi_controller' build argument 'cmake_clean_first' from command line to 'False'
[0.507s] Level 5:colcon.colcon_core.verb:set package 'pi_controller' build argument 'cmake_force_configure' from command line to 'False'
[0.507s] Level 5:colcon.colcon_core.verb:set package 'pi_controller' build argument 'ament_cmake_args' from command line to 'None'
[0.507s] Level 5:colcon.colcon_core.verb:set package 'pi_controller' build argument 'catkin_cmake_args' from command line to 'None'
[0.507s] Level 5:colcon.colcon_core.verb:set package 'pi_controller' build argument 'catkin_skip_building_tests' from command line to 'False'
[0.507s] DEBUG:colcon.colcon_core.verb:Building package 'pi_controller' with the following arguments: {'ament_cmake_args': None, 'build_base': '/home/cam/projects/CubeRover/build/pi_controller', 'catkin_cmake_args': None, 'catkin_skip_building_tests': False, 'cmake_args': None, 'cmake_clean_cache': False, 'cmake_clean_first': False, 'cmake_force_configure': False, 'cmake_target': None, 'cmake_target_skip_unavailable': False, 'install_base': '/home/cam/projects/CubeRover/install/pi_controller', 'merge_install': False, 'path': '/home/cam/projects/CubeRover/src/pi_controller', 'symlink_install': False, 'test_result_base': None}
[0.507s] Level 5:colcon.colcon_core.verb:set package 'rover_interfaces' build argument 'cmake_args' from command line to 'None'
[0.507s] Level 5:colcon.colcon_core.verb:set package 'rover_interfaces' build argument 'cmake_target' from command line to 'None'
[0.507s] Level 5:colcon.colcon_core.verb:set package 'rover_interfaces' build argument 'cmake_target_skip_unavailable' from command line to 'False'
[0.507s] Level 5:colcon.colcon_core.verb:set package 'rover_interfaces' build argument 'cmake_clean_cache' from command line to 'False'
[0.507s] Level 5:colcon.colcon_core.verb:set package 'rover_interfaces' build argument 'cmake_clean_first' from command line to 'False'
[0.507s] Level 5:colcon.colcon_core.verb:set package 'rover_interfaces' build argument 'cmake_force_configure' from command line to 'False'
[0.507s] Level 5:colcon.colcon_core.verb:set package 'rover_interfaces' build argument 'ament_cmake_args' from command line to 'None'
[0.507s] Level 5:colcon.colcon_core.verb:set package 'rover_interfaces' build argument 'catkin_cmake_args' from command line to 'None'
[0.507s] Level 5:colcon.colcon_core.verb:set package 'rover_interfaces' build argument 'catkin_skip_building_tests' from command line to 'False'
[0.507s] DEBUG:colcon.colcon_core.verb:Building package 'rover_interfaces' with the following arguments: {'ament_cmake_args': None, 'build_base': '/home/cam/projects/CubeRover/build/rover_interfaces', 'catkin_cmake_args': None, 'catkin_skip_building_tests': False, 'cmake_args': None, 'cmake_clean_cache': False, 'cmake_clean_first': False, 'cmake_force_configure': False, 'cmake_target': None, 'cmake_target_skip_unavailable': False, 'install_base': '/home/cam/projects/CubeRover/install/rover_interfaces', 'merge_install': False, 'path': '/home/cam/projects/CubeRover/src/rover_interfaces', 'symlink_install': False, 'test_result_base': None}
[0.507s] INFO:colcon.colcon_core.executor:Executing jobs using 'parallel' executor
[0.508s] DEBUG:colcon.colcon_parallel_executor.executor.parallel:run_until_complete
[0.508s] INFO:colcon.colcon_ros.task.ament_python.build:Building ROS package in '/home/cam/projects/CubeRover/src/pi_controller' with build type 'ament_python'
[0.508s] Level 1:colcon.colcon_core.shell:create_environment_hook('pi_controller', 'ament_prefix_path')
[0.514s] INFO:colcon.colcon_core.plugin_system:Skipping extension 'colcon_core.shell.bat': Not used on non-Windows systems
[0.515s] INFO:colcon.colcon_core.shell:Creating environment hook '/home/cam/projects/CubeRover/install/pi_controller/share/pi_controller/hook/ament_prefix_path.ps1'
[0.516s] INFO:colcon.colcon_core.shell:Creating environment descriptor '/home/cam/projects/CubeRover/install/pi_controller/share/pi_controller/hook/ament_prefix_path.dsv'
[0.516s] INFO:colcon.colcon_core.shell:Creating environment hook '/home/cam/projects/CubeRover/install/pi_controller/share/pi_controller/hook/ament_prefix_path.sh'
[0.517s] INFO:colcon.colcon_core.shell:Skip shell extension 'powershell' for command environment: Not usable outside of PowerShell
[0.517s] DEBUG:colcon.colcon_core.shell:Skip shell extension 'dsv' for command environment
[0.519s] INFO:colcon.colcon_ros.task.ament_cmake.build:Building ROS package in '/home/cam/projects/CubeRover/src/rover_interfaces' with build type 'ament_cmake'
[0.519s] INFO:colcon.colcon_cmake.task.cmake.build:Building CMake package in '/home/cam/projects/CubeRover/src/rover_interfaces'
[0.519s] INFO:colcon.colcon_core.shell:Skip shell extension 'powershell' for command environment: Not usable outside of PowerShell
[0.520s] DEBUG:colcon.colcon_core.shell:Skip shell extension 'dsv' for command environment
[0.695s] INFO:colcon.colcon_core.task.python.build:Building Python package in '/home/cam/projects/CubeRover/src/pi_controller'
[0.695s] INFO:colcon.colcon_core.shell:Skip shell extension 'powershell' for command environment: Not usable outside of PowerShell
[0.695s] DEBUG:colcon.colcon_core.shell:Skip shell extension 'dsv' for command environment
[0.704s] DEBUG:colcon.colcon_core.event_handler.log_command:Invoking command in '/home/cam/projects/CubeRover/build/rover_interfaces': CMAKE_PREFIX_PATH=${CMAKE_PREFIX_PATH}:/opt/ros/jazzy /usr/bin/cmake --build /home/cam/projects/CubeRover/build/rover_interfaces -- -j16 -l16
[1.154s] DEBUG:colcon.colcon_core.event_handler.log_command:Invoked command in '/home/cam/projects/CubeRover/build/rover_interfaces' returned '0': CMAKE_PREFIX_PATH=${CMAKE_PREFIX_PATH}:/opt/ros/jazzy /usr/bin/cmake --build /home/cam/projects/CubeRover/build/rover_interfaces -- -j16 -l16
[1.164s] DEBUG:colcon.colcon_core.event_handler.log_command:Invoking command in '/home/cam/projects/CubeRover/build/rover_interfaces': CMAKE_PREFIX_PATH=${CMAKE_PREFIX_PATH}:/opt/ros/jazzy /usr/bin/cmake --install /home/cam/projects/CubeRover/build/rover_interfaces
[1.240s] Level 1:colcon.colcon_core.environment:create_environment_scripts_only(rover_interfaces)
[1.241s] DEBUG:colcon.colcon_core.event_handler.log_command:Invoked command in '/home/cam/projects/CubeRover/build/rover_interfaces' returned '0': CMAKE_PREFIX_PATH=${CMAKE_PREFIX_PATH}:/opt/ros/jazzy /usr/bin/cmake --install /home/cam/projects/CubeRover/build/rover_interfaces
[1.246s] Level 1:colcon.colcon_core.environment:checking '/home/cam/projects/CubeRover/install/rover_interfaces' for CMake module files
[1.247s] Level 1:colcon.colcon_core.environment:checking '/home/cam/projects/CubeRover/install/rover_interfaces' for CMake config files
[1.248s] Level 1:colcon.colcon_core.shell:create_environment_hook('rover_interfaces', 'cmake_prefix_path')
[1.248s] INFO:colcon.colcon_core.shell:Creating environment hook '/home/cam/projects/CubeRover/install/rover_interfaces/share/rover_interfaces/hook/cmake_prefix_path.ps1'
[1.248s] INFO:colcon.colcon_core.shell:Creating environment descriptor '/home/cam/projects/CubeRover/install/rover_interfaces/share/rover_interfaces/hook/cmake_prefix_path.dsv'
[1.248s] INFO:colcon.colcon_core.shell:Creating environment hook '/home/cam/projects/CubeRover/install/rover_interfaces/share/rover_interfaces/hook/cmake_prefix_path.sh'
[1.249s] Level 1:colcon.colcon_core.environment:checking '/home/cam/projects/CubeRover/install/rover_interfaces/lib'
[1.249s] Level 1:colcon.colcon_core.shell:create_environment_hook('rover_interfaces', 'ld_library_path_lib')
[1.249s] INFO:colcon.colcon_core.shell:Creating environment hook '/home/cam/projects/CubeRover/install/rover_interfaces/share/rover_interfaces/hook/ld_library_path_lib.ps1'
[1.249s] INFO:colcon.colcon_core.shell:Creating environment descriptor '/home/cam/projects/CubeRover/install/rover_interfaces/share/rover_interfaces/hook/ld_library_path_lib.dsv'
[1.250s] INFO:colcon.colcon_core.shell:Creating environment hook '/home/cam/projects/CubeRover/install/rover_interfaces/share/rover_interfaces/hook/ld_library_path_lib.sh'
[1.250s] Level 1:colcon.colcon_core.environment:checking '/home/cam/projects/CubeRover/install/rover_interfaces/bin'
[1.250s] Level 1:colcon.colcon_core.environment:checking '/home/cam/projects/CubeRover/install/rover_interfaces/lib/pkgconfig/rover_interfaces.pc'
[1.250s] Level 1:colcon.colcon_core.environment:checking '/home/cam/projects/CubeRover/install/rover_interfaces/lib/python3.12/site-packages'
[1.250s] Level 1:colcon.colcon_core.shell:create_environment_hook('rover_interfaces', 'pythonpath')
[1.251s] INFO:colcon.colcon_core.shell:Creating environment hook '/home/cam/projects/CubeRover/install/rover_interfaces/share/rover_interfaces/hook/pythonpath.ps1'
[1.251s] INFO:colcon.colcon_core.shell:Creating environment descriptor '/home/cam/projects/CubeRover/install/rover_interfaces/share/rover_interfaces/hook/pythonpath.dsv'
[1.251s] INFO:colcon.colcon_core.shell:Creating environment hook '/home/cam/projects/CubeRover/install/rover_interfaces/share/rover_interfaces/hook/pythonpath.sh'
[1.251s] Level 1:colcon.colcon_core.environment:checking '/home/cam/projects/CubeRover/install/rover_interfaces/bin'
[1.252s] INFO:colcon.colcon_core.shell:Creating package script '/home/cam/projects/CubeRover/install/rover_interfaces/share/rover_interfaces/package.ps1'
[1.252s] INFO:colcon.colcon_core.shell:Creating package descriptor '/home/cam/projects/CubeRover/install/rover_interfaces/share/rover_interfaces/package.dsv'
[1.253s] INFO:colcon.colcon_core.shell:Creating package script '/home/cam/projects/CubeRover/install/rover_interfaces/share/rover_interfaces/package.sh'
[1.254s] INFO:colcon.colcon_core.shell:Creating package script '/home/cam/projects/CubeRover/install/rover_interfaces/share/rover_interfaces/package.bash'
[1.255s] INFO:colcon.colcon_core.shell:Creating package script '/home/cam/projects/CubeRover/install/rover_interfaces/share/rover_interfaces/package.zsh'
[1.255s] Level 1:colcon.colcon_core.environment:create_file_with_runtime_dependencies(/home/cam/projects/CubeRover/install/rover_interfaces/share/colcon-core/packages/rover_interfaces)
[1.256s] Level 1:colcon.colcon_core.environment:create_environment_scripts_only(rover_interfaces)
[1.256s] Level 1:colcon.colcon_core.environment:checking '/home/cam/projects/CubeRover/install/rover_interfaces' for CMake module files
[1.256s] Level 1:colcon.colcon_core.environment:checking '/home/cam/projects/CubeRover/install/rover_interfaces' for CMake config files
[1.257s] Level 1:colcon.colcon_core.shell:create_environment_hook('rover_interfaces', 'cmake_prefix_path')
[1.257s] INFO:colcon.colcon_core.shell:Creating environment hook '/home/cam/projects/CubeRover/install/rover_interfaces/share/rover_interfaces/hook/cmake_prefix_path.ps1'
[1.257s] INFO:colcon.colcon_core.shell:Creating environment descriptor '/home/cam/projects/CubeRover/install/rover_interfaces/share/rover_interfaces/hook/cmake_prefix_path.dsv'
[1.257s] INFO:colcon.colcon_core.shell:Creating environment hook '/home/cam/projects/CubeRover/install/rover_interfaces/share/rover_interfaces/hook/cmake_prefix_path.sh'
[1.258s] Level 1:colcon.colcon_core.environment:checking '/home/cam/projects/CubeRover/install/rover_interfaces/lib'
[1.258s] Level 1:colcon.colcon_core.shell:create_environment_hook('rover_interfaces', 'ld_library_path_lib')
[1.258s] INFO:colcon.colcon_core.shell:Creating environment hook '/home/cam/projects/CubeRover/install/rover_interfaces/share/rover_interfaces/hook/ld_library_path_lib.ps1'
[1.258s] INFO:colcon.colcon_core.shell:Creating environment descriptor '/home/cam/projects/CubeRover/install/rover_interfaces/share/rover_interfaces/hook/ld_library_path_lib.dsv'
[1.258s] INFO:colcon.colcon_core.shell:Creating environment hook '/home/cam/projects/CubeRover/install/rover_interfaces/share/rover_interfaces/hook/ld_library_path_lib.sh'
[1.259s] Level 1:colcon.colcon_core.environment:checking '/home/cam/projects/CubeRover/install/rover_interfaces/bin'
[1.259s] Level 1:colcon.colcon_core.environment:checking '/home/cam/projects/CubeRover/install/rover_interfaces/lib/pkgconfig/rover_interfaces.pc'
[1.259s] Level 1:colcon.colcon_core.environment:checking '/home/cam/projects/CubeRover/install/rover_interfaces/lib/python3.12/site-packages'
[1.259s] Level 1:colcon.colcon_core.shell:create_environment_hook('rover_interfaces', 'pythonpath')
[1.259s] INFO:colcon.colcon_core.shell:Creating environment hook '/home/cam/projects/CubeRover/install/rover_interfaces/share/rover_interfaces/hook/pythonpath.ps1'
[1.259s] INFO:colcon.colcon_core.shell:Creating environment descriptor '/home/cam/projects/CubeRover/install/rover_interfaces/share/rover_interfaces/hook/pythonpath.dsv'
[1.260s] INFO:colcon.colcon_core.shell:Creating environment hook '/home/cam/projects/CubeRover/install/rover_interfaces/share/rover_interfaces/hook/pythonpath.sh'
[1.260s] Level 1:colcon.colcon_core.environment:checking '/home/cam/projects/CubeRover/install/rover_interfaces/bin'
[1.260s] INFO:colcon.colcon_core.shell:Creating package script '/home/cam/projects/CubeRover/install/rover_interfaces/share/rover_interfaces/package.ps1'
[1.260s] INFO:colcon.colcon_core.shell:Creating package descriptor '/home/cam/projects/CubeRover/install/rover_interfaces/share/rover_interfaces/package.dsv'
[1.261s] INFO:colcon.colcon_core.shell:Creating package script '/home/cam/projects/CubeRover/install/rover_interfaces/share/rover_interfaces/package.sh'
[1.261s] INFO:colcon.colcon_core.shell:Creating package script '/home/cam/projects/CubeRover/install/rover_interfaces/share/rover_interfaces/package.bash'
[1.262s] INFO:colcon.colcon_core.shell:Creating package script '/home/cam/projects/CubeRover/install/rover_interfaces/share/rover_interfaces/package.zsh'
[1.262s] Level 1:colcon.colcon_core.environment:create_file_with_runtime_dependencies(/home/cam/projects/CubeRover/install/rover_interfaces/share/colcon-core/packages/rover_interfaces)
[1.525s] DEBUG:colcon.colcon_core.event_handler.log_command:Invoking command in '/home/cam/projects/CubeRover/src/pi_controller': PYTHONPATH=/home/cam/projects/CubeRover/build/pi_controller/prefix_override:/usr/lib/python3/dist-packages/colcon_core/task/python/colcon_distutils_commands:/home/cam/projects/CubeRover/install/pi_controller/lib/python3.12/site-packages:${PYTHONPATH} /usr/bin/python3 -W ignore:setup.py install is deprecated -W ignore:easy_install command is deprecated setup.py egg_info --egg-base ../../build/pi_controller build --build-base /home/cam/projects/CubeRover/build/pi_controller/build install --record /home/cam/projects/CubeRover/build/pi_controller/install.log --single-version-externally-managed install_data
[1.962s] Level 1:colcon.colcon_core.environment:checking '/home/cam/projects/CubeRover/install/pi_controller' for CMake module files
[1.963s] DEBUG:colcon.colcon_core.event_handler.log_command:Invoked command in '/home/cam/projects/CubeRover/src/pi_controller' returned '0': PYTHONPATH=/home/cam/projects/CubeRover/build/pi_controller/prefix_override:/usr/lib/python3/dist-packages/colcon_core/task/python/colcon_distutils_commands:/home/cam/projects/CubeRover/install/pi_controller/lib/python3.12/site-packages:${PYTHONPATH} /usr/bin/python3 -W ignore:setup.py install is deprecated -W ignore:easy_install command is deprecated setup.py egg_info --egg-base ../../build/pi_controller build --build-base /home/cam/projects/CubeRover/build/pi_controller/build install --record /home/cam/projects/CubeRover/build/pi_controller/install.log --single-version-externally-managed install_data
[1.964s] Level 1:colcon.colcon_core.environment:checking '/home/cam/projects/CubeRover/install/pi_controller' for CMake config files
[1.968s] Level 1:colcon.colcon_core.environment:checking '/home/cam/projects/CubeRover/install/pi_controller/lib'
[1.968s] Level 1:colcon.colcon_core.environment:checking '/home/cam/projects/CubeRover/install/pi_controller/bin'
[1.968s] Level 1:colcon.colcon_core.shell:create_environment_hook('pi_controller', 'path')
[1.968s] INFO:colcon.colcon_core.shell:Creating environment hook '/home/cam/projects/CubeRover/install/pi_controller/share/pi_controller/hook/path.ps1'
[1.968s] INFO:colcon.colcon_core.shell:Creating environment descriptor '/home/cam/projects/CubeRover/install/pi_controller/share/pi_controller/hook/path.dsv'
[1.969s] INFO:colcon.colcon_core.shell:Creating environment hook '/home/cam/projects/CubeRover/install/pi_controller/share/pi_controller/hook/path.sh'
[1.969s] Level 1:colcon.colcon_core.environment:checking '/home/cam/projects/CubeRover/install/pi_controller/lib/pkgconfig/pi_controller.pc'
[1.969s] Level 1:colcon.colcon_core.environment:checking '/home/cam/projects/CubeRover/install/pi_controller/lib/python3.12/site-packages'
[1.969s] Level 1:colcon.colcon_core.shell:create_environment_hook('pi_controller', 'pythonpath')
[1.970s] INFO:colcon.colcon_core.shell:Creating environment hook '/home/cam/projects/CubeRover/install/pi_controller/share/pi_controller/hook/pythonpath.ps1'
[1.970s] INFO:colcon.colcon_core.shell:Creating environment descriptor '/home/cam/projects/CubeRover/install/pi_controller/share/pi_controller/hook/pythonpath.dsv'
[1.970s] INFO:colcon.colcon_core.shell:Creating environment hook '/home/cam/projects/CubeRover/install/pi_controller/share/pi_controller/hook/pythonpath.sh'
[1.971s] Level 1:colcon.colcon_core.environment:checking '/home/cam/projects/CubeRover/install/pi_controller/bin'
[1.971s] Level 1:colcon.colcon_core.shell:create_environment_hook('pi_controller', 'pythonscriptspath')
[1.971s] INFO:colcon.colcon_core.shell:Creating environment hook '/home/cam/projects/CubeRover/install/pi_controller/share/pi_controller/hook/pythonscriptspath.ps1'
[1.971s] INFO:colcon.colcon_core.shell:Creating environment descriptor '/home/cam/projects/CubeRover/install/pi_controller/share/pi_controller/hook/pythonscriptspath.dsv'
[1.972s] INFO:colcon.colcon_core.shell:Creating environment hook '/home/cam/projects/CubeRover/install/pi_controller/share/pi_controller/hook/pythonscriptspath.sh'
[1.972s] Level 1:colcon.colcon_core.environment:create_environment_scripts_only(pi_controller)
[1.972s] INFO:colcon.colcon_core.shell:Creating package script '/home/cam/projects/CubeRover/install/pi_controller/share/pi_controller/package.ps1'
[1.973s] INFO:colcon.colcon_core.shell:Creating package descriptor '/home/cam/projects/CubeRover/install/pi_controller/share/pi_controller/package.dsv'
[1.973s] INFO:colcon.colcon_core.shell:Creating package script '/home/cam/projects/CubeRover/install/pi_controller/share/pi_controller/package.sh'
[1.973s] INFO:colcon.colcon_core.shell:Creating package script '/home/cam/projects/CubeRover/install/pi_controller/share/pi_controller/package.bash'
[1.974s] INFO:colcon.colcon_core.shell:Creating package script '/home/cam/projects/CubeRover/install/pi_controller/share/pi_controller/package.zsh'
[1.974s] Level 1:colcon.colcon_core.environment:create_file_with_runtime_dependencies(/home/cam/projects/CubeRover/install/pi_controller/share/colcon-core/packages/pi_controller)
[1.974s] DEBUG:colcon.colcon_parallel_executor.executor.parallel:closing loop
[1.975s] DEBUG:colcon.colcon_parallel_executor.executor.parallel:loop closed
[1.975s] DEBUG:colcon.colcon_parallel_executor.executor.parallel:run_until_complete finished with '0'
[1.975s] DEBUG:colcon.colcon_core.event_reactor:joining thread
[2.040s] INFO:colcon.colcon_core.plugin_system:Skipping extension 'colcon_notification.desktop_notification.notify_send': Could not find 'notify-send'
[2.041s] INFO:colcon.colcon_core.plugin_system:Skipping extension 'colcon_notification.desktop_notification.terminal_notifier': Not used on non-Darwin systems
[2.041s] INFO:colcon.colcon_core.plugin_system:Skipping extension 'colcon_notification.desktop_notification.win32': Not used on non-Windows systems
[2.041s] INFO:colcon.colcon_notification.desktop_notification:Sending desktop notification using 'notify2'
[2.044s] DEBUG:colcon.colcon_notification.desktop_notification.notify2:Failed to initialize notify2: org.freedesktop.DBus.Error.ServiceUnknown: The name org.freedesktop.Notifications was not provided by any .service files
[2.044s] DEBUG:colcon.colcon_core.event_reactor:joined thread
[2.045s] INFO:colcon.colcon_core.shell:Creating prefix script '/home/cam/projects/CubeRover/install/local_setup.ps1'
[2.046s] INFO:colcon.colcon_core.shell:Creating prefix util module '/home/cam/projects/CubeRover/install/_local_setup_util_ps1.py'
[2.047s] INFO:colcon.colcon_core.shell:Creating prefix chain script '/home/cam/projects/CubeRover/install/setup.ps1'
[2.047s] INFO:colcon.colcon_core.shell:Creating prefix script '/home/cam/projects/CubeRover/install/local_setup.sh'
[2.048s] INFO:colcon.colcon_core.shell:Creating prefix util module '/home/cam/projects/CubeRover/install/_local_setup_util_sh.py'
[2.048s] INFO:colcon.colcon_core.shell:Creating prefix chain script '/home/cam/projects/CubeRover/install/setup.sh'
[2.049s] INFO:colcon.colcon_core.shell:Creating prefix script '/home/cam/projects/CubeRover/install/local_setup.bash'
[2.050s] INFO:colcon.colcon_core.shell:Creating prefix chain script '/home/cam/projects/CubeRover/install/setup.bash'
[2.051s] INFO:colcon.colcon_core.shell:Creating prefix script '/home/cam/projects/CubeRover/install/local_setup.zsh'
[2.051s] INFO:colcon.colcon_core.shell:Creating prefix chain script '/home/cam/projects/CubeRover/install/setup.zsh'
