[1.038s] Invoking command in '/home/cam/projects/CubeRover/src/pi_controller': PYTHONPATH=/home/cam/projects/CubeRover/build/pi_controller/prefix_override:/usr/lib/python3/dist-packages/colcon_core/task/python/colcon_distutils_commands:/home/cam/projects/CubeRover/install/pi_controller/lib/python3.12/site-packages:${PYTHONPATH} /usr/bin/python3 -W ignore:setup.py install is deprecated -W ignore:easy_install command is deprecated setup.py egg_info --egg-base ../../build/pi_controller build --build-base /home/cam/projects/CubeRover/build/pi_controller/build install --record /home/cam/projects/CubeRover/build/pi_controller/install.log --single-version-externally-managed install_data
[1.272s] running egg_info
[1.290s] writing ../../build/pi_controller/Serial.egg-info/PKG-INFO
[1.291s] writing dependency_links to ../../build/pi_controller/Serial.egg-info/dependency_links.txt
[1.291s] writing entry points to ../../build/pi_controller/Serial.egg-info/entry_points.txt
[1.292s] writing requirements to ../../build/pi_controller/Serial.egg-info/requires.txt
[1.292s] writing top-level names to ../../build/pi_controller/Serial.egg-info/top_level.txt
[1.330s] reading manifest file '../../build/pi_controller/Serial.egg-info/SOURCES.txt'
[1.331s] adding license file 'LICENSE'
[1.331s] writing manifest file '../../build/pi_controller/Serial.egg-info/SOURCES.txt'
[1.332s] running build
[1.332s] running build_py
[1.332s] running install
[1.337s] running install_lib
[1.356s] running install_data
[1.356s] running install_egg_info
[1.375s] removing '/home/cam/projects/CubeRover/install/pi_controller/lib/python3.12/site-packages/Serial-0.0.1-py3.12.egg-info' (and everything under it)
[1.376s] Copying ../../build/pi_controller/Serial.egg-info to /home/cam/projects/CubeRover/install/pi_controller/lib/python3.12/site-packages/Serial-0.0.1-py3.12.egg-info
[1.377s] running install_scripts
[1.495s] Installing Serial script to /home/cam/projects/CubeRover/install/pi_controller/lib/pi_controller
[1.495s] writing list of installed files to '/home/cam/projects/CubeRover/build/pi_controller/install.log'
[1.515s] Invoked command in '/home/cam/projects/CubeRover/src/pi_controller' returned '0': PYTHONPATH=/home/cam/projects/CubeRover/build/pi_controller/prefix_override:/usr/lib/python3/dist-packages/colcon_core/task/python/colcon_distutils_commands:/home/cam/projects/CubeRover/install/pi_controller/lib/python3.12/site-packages:${PYTHONPATH} /usr/bin/python3 -W ignore:setup.py install is deprecated -W ignore:easy_install command is deprecated setup.py egg_info --egg-base ../../build/pi_controller build --build-base /home/cam/projects/CubeRover/build/pi_controller/build install --record /home/cam/projects/CubeRover/build/pi_controller/install.log --single-version-externally-managed install_data
