[0.821s] DEBUG:colcon:Command line arguments: ['/home/cam/projects/CubeRover/venv/bin/colcon', 'build']
[0.821s] DEBUG:colcon:Parsed command line arguments: Namespace(log_base=None, log_level=None, verb_name='build', build_base='build', install_base='install', merge_install=False, symlink_install=False, test_result_base=None, continue_on_error=False, executor='parallel', parallel_workers=16, event_handlers=None, ignore_user_meta=False, metas=['./colcon.meta'], base_paths=['.'], packages_ignore=None, packages_ignore_regex=None, paths=None, packages_up_to=None, packages_up_to_regex=None, packages_above=None, packages_above_and_dependencies=None, packages_above_depth=None, packages_select_by_dep=None, packages_skip_by_dep=None, packages_skip_up_to=None, packages_select_build_failed=False, packages_skip_build_finished=False, packages_select_test_failures=False, packages_skip_test_passed=False, packages_select=None, packages_skip=None, packages_select_regex=None, packages_skip_regex=None, packages_start=None, packages_end=None, cmake_args=None, cmake_target=None, cmake_target_skip_unavailable=False, cmake_clean_cache=False, cmake_clean_first=False, cmake_force_configure=False, ament_cmake_args=None, catkin_cmake_args=None, catkin_skip_building_tests=False, verb_parser=<colcon_defaults.argument_parser.defaults.DefaultArgumentsDecorator object at 0x702aa0194770>, verb_extension=<colcon_core.verb.build.BuildVerb object at 0x702aa0194410>, main=<bound method BuildVerb.main of <colcon_core.verb.build.BuildVerb object at 0x702aa0194410>>)
[0.945s] Level 1:colcon.colcon_core.package_discovery:discover_packages(colcon_meta) check parameters
[0.945s] Level 1:colcon.colcon_core.package_discovery:discover_packages(recursive) check parameters
[0.945s] Level 1:colcon.colcon_core.package_discovery:discover_packages(ignore) check parameters
[0.945s] Level 1:colcon.colcon_core.package_discovery:discover_packages(path) check parameters
[0.945s] Level 1:colcon.colcon_core.package_discovery:discover_packages(colcon_meta) discover
[0.945s] Level 1:colcon.colcon_core.package_discovery:discover_packages(recursive) discover
[0.945s] INFO:colcon.colcon_core.package_discovery:Crawling recursively for packages in '/home/cam/projects/CubeRover'
[0.946s] Level 1:colcon.colcon_core.package_identification:_identify(.) by extensions ['ignore', 'ignore_ament_install']
[0.946s] Level 1:colcon.colcon_core.package_identification:_identify(.) by extension 'ignore'
[0.946s] Level 1:colcon.colcon_core.package_identification:_identify(.) by extension 'ignore_ament_install'
[0.946s] Level 1:colcon.colcon_core.package_identification:_identify(.) by extensions ['colcon_pkg']
[0.946s] Level 1:colcon.colcon_core.package_identification:_identify(.) by extension 'colcon_pkg'
[0.946s] Level 1:colcon.colcon_core.package_identification:_identify(.) by extensions ['colcon_meta']
[0.946s] Level 1:colcon.colcon_core.package_identification:_identify(.) by extension 'colcon_meta'
[0.946s] Level 1:colcon.colcon_core.package_identification:_identify(.) by extensions ['ros']
[0.946s] Level 1:colcon.colcon_core.package_identification:_identify(.) by extension 'ros'
[0.993s] Level 1:colcon.colcon_core.package_identification:_identify(.) by extensions ['cmake', 'python']
[0.993s] Level 1:colcon.colcon_core.package_identification:_identify(.) by extension 'cmake'
[0.993s] Level 1:colcon.colcon_core.package_identification:_identify(.) by extension 'python'
[0.993s] Level 1:colcon.colcon_core.package_identification:_identify(.) by extensions ['python_setup_py']
[0.993s] Level 1:colcon.colcon_core.package_identification:_identify(.) by extension 'python_setup_py'
[0.994s] Level 1:colcon.colcon_core.package_identification:_identify(build) by extensions ['ignore', 'ignore_ament_install']
[0.994s] Level 1:colcon.colcon_core.package_identification:_identify(build) by extension 'ignore'
[0.994s] Level 1:colcon.colcon_core.package_identification:_identify(build) ignored
[0.995s] Level 1:colcon.colcon_core.package_identification:_identify(install) by extensions ['ignore', 'ignore_ament_install']
[0.995s] Level 1:colcon.colcon_core.package_identification:_identify(install) by extension 'ignore'
[0.995s] Level 1:colcon.colcon_core.package_identification:_identify(install) ignored
[0.995s] Level 1:colcon.colcon_core.package_identification:_identify(log) by extensions ['ignore', 'ignore_ament_install']
[0.995s] Level 1:colcon.colcon_core.package_identification:_identify(log) by extension 'ignore'
[0.995s] Level 1:colcon.colcon_core.package_identification:_identify(log) ignored
[0.995s] Level 1:colcon.colcon_core.package_identification:_identify(src) by extensions ['ignore', 'ignore_ament_install']
[0.995s] Level 1:colcon.colcon_core.package_identification:_identify(src) by extension 'ignore'
[0.995s] Level 1:colcon.colcon_core.package_identification:_identify(src) by extension 'ignore_ament_install'
[0.995s] Level 1:colcon.colcon_core.package_identification:_identify(src) by extensions ['colcon_pkg']
[0.996s] Level 1:colcon.colcon_core.package_identification:_identify(src) by extension 'colcon_pkg'
[0.996s] Level 1:colcon.colcon_core.package_identification:_identify(src) by extensions ['colcon_meta']
[0.996s] Level 1:colcon.colcon_core.package_identification:_identify(src) by extension 'colcon_meta'
[0.996s] Level 1:colcon.colcon_core.package_identification:_identify(src) by extensions ['ros']
[0.996s] Level 1:colcon.colcon_core.package_identification:_identify(src) by extension 'ros'
[0.996s] Level 1:colcon.colcon_core.package_identification:_identify(src) by extensions ['cmake', 'python']
[0.996s] Level 1:colcon.colcon_core.package_identification:_identify(src) by extension 'cmake'
[0.996s] Level 1:colcon.colcon_core.package_identification:_identify(src) by extension 'python'
[0.996s] Level 1:colcon.colcon_core.package_identification:_identify(src) by extensions ['python_setup_py']
[0.996s] Level 1:colcon.colcon_core.package_identification:_identify(src) by extension 'python_setup_py'
[0.996s] Level 1:colcon.colcon_core.package_identification:_identify(src/pi_controller) by extensions ['ignore', 'ignore_ament_install']
[0.996s] Level 1:colcon.colcon_core.package_identification:_identify(src/pi_controller) by extension 'ignore'
[0.996s] Level 1:colcon.colcon_core.package_identification:_identify(src/pi_controller) by extension 'ignore_ament_install'
[0.996s] Level 1:colcon.colcon_core.package_identification:_identify(src/pi_controller) by extensions ['colcon_pkg']
[0.997s] Level 1:colcon.colcon_core.package_identification:_identify(src/pi_controller) by extension 'colcon_pkg'
[0.997s] Level 1:colcon.colcon_core.package_identification:_identify(src/pi_controller) by extensions ['colcon_meta']
[0.997s] Level 1:colcon.colcon_core.package_identification:_identify(src/pi_controller) by extension 'colcon_meta'
[0.997s] Level 1:colcon.colcon_core.package_identification:_identify(src/pi_controller) by extensions ['ros']
[0.997s] Level 1:colcon.colcon_core.package_identification:_identify(src/pi_controller) by extension 'ros'
[1.001s] DEBUG:colcon.colcon_core.package_identification:Package 'src/pi_controller' with type 'ros.ament_python' and name 'pi_controller'
[1.002s] Level 1:colcon.colcon_core.package_identification:_identify(src/rover_interfaces) by extensions ['ignore', 'ignore_ament_install']
[1.002s] Level 1:colcon.colcon_core.package_identification:_identify(src/rover_interfaces) by extension 'ignore'
[1.002s] Level 1:colcon.colcon_core.package_identification:_identify(src/rover_interfaces) by extension 'ignore_ament_install'
[1.002s] Level 1:colcon.colcon_core.package_identification:_identify(src/rover_interfaces) by extensions ['colcon_pkg']
[1.002s] Level 1:colcon.colcon_core.package_identification:_identify(src/rover_interfaces) by extension 'colcon_pkg'
[1.002s] Level 1:colcon.colcon_core.package_identification:_identify(src/rover_interfaces) by extensions ['colcon_meta']
[1.002s] Level 1:colcon.colcon_core.package_identification:_identify(src/rover_interfaces) by extension 'colcon_meta'
[1.002s] Level 1:colcon.colcon_core.package_identification:_identify(src/rover_interfaces) by extensions ['ros']
[1.002s] Level 1:colcon.colcon_core.package_identification:_identify(src/rover_interfaces) by extension 'ros'
[1.003s] DEBUG:colcon.colcon_core.package_identification:Package 'src/rover_interfaces' with type 'ros.ament_cmake' and name 'rover_interfaces'
[1.004s] Level 1:colcon.colcon_core.package_identification:_identify(venv) by extensions ['ignore', 'ignore_ament_install']
[1.004s] Level 1:colcon.colcon_core.package_identification:_identify(venv) by extension 'ignore'
[1.004s] Level 1:colcon.colcon_core.package_identification:_identify(venv) ignored
[1.004s] Level 1:colcon.colcon_core.package_discovery:discover_packages(recursive) using defaults
[1.004s] Level 1:colcon.colcon_core.package_discovery:discover_packages(ignore) discover
[1.004s] Level 1:colcon.colcon_core.package_discovery:discover_packages(ignore) using defaults
[1.004s] Level 1:colcon.colcon_core.package_discovery:discover_packages(path) discover
[1.004s] Level 1:colcon.colcon_core.package_discovery:discover_packages(path) using defaults
[1.047s] Level 5:colcon.colcon_core.verb:set package 'pi_controller' build argument 'cmake_args' from command line to 'None'
[1.047s] Level 5:colcon.colcon_core.verb:set package 'pi_controller' build argument 'cmake_target' from command line to 'None'
[1.047s] Level 5:colcon.colcon_core.verb:set package 'pi_controller' build argument 'cmake_target_skip_unavailable' from command line to 'False'
[1.047s] Level 5:colcon.colcon_core.verb:set package 'pi_controller' build argument 'cmake_clean_cache' from command line to 'False'
[1.047s] Level 5:colcon.colcon_core.verb:set package 'pi_controller' build argument 'cmake_clean_first' from command line to 'False'
[1.047s] Level 5:colcon.colcon_core.verb:set package 'pi_controller' build argument 'cmake_force_configure' from command line to 'False'
[1.047s] Level 5:colcon.colcon_core.verb:set package 'pi_controller' build argument 'ament_cmake_args' from command line to 'None'
[1.047s] Level 5:colcon.colcon_core.verb:set package 'pi_controller' build argument 'catkin_cmake_args' from command line to 'None'
[1.047s] Level 5:colcon.colcon_core.verb:set package 'pi_controller' build argument 'catkin_skip_building_tests' from command line to 'False'
[1.047s] DEBUG:colcon.colcon_core.verb:Building package 'pi_controller' with the following arguments: {'ament_cmake_args': None, 'build_base': '/home/cam/projects/CubeRover/build/pi_controller', 'catkin_cmake_args': None, 'catkin_skip_building_tests': False, 'cmake_args': None, 'cmake_clean_cache': False, 'cmake_clean_first': False, 'cmake_force_configure': False, 'cmake_target': None, 'cmake_target_skip_unavailable': False, 'install_base': '/home/cam/projects/CubeRover/install/pi_controller', 'merge_install': False, 'path': '/home/cam/projects/CubeRover/src/pi_controller', 'symlink_install': False, 'test_result_base': None}
[1.047s] Level 5:colcon.colcon_core.verb:set package 'rover_interfaces' build argument 'cmake_args' from command line to 'None'
[1.047s] Level 5:colcon.colcon_core.verb:set package 'rover_interfaces' build argument 'cmake_target' from command line to 'None'
[1.047s] Level 5:colcon.colcon_core.verb:set package 'rover_interfaces' build argument 'cmake_target_skip_unavailable' from command line to 'False'
[1.047s] Level 5:colcon.colcon_core.verb:set package 'rover_interfaces' build argument 'cmake_clean_cache' from command line to 'False'
[1.047s] Level 5:colcon.colcon_core.verb:set package 'rover_interfaces' build argument 'cmake_clean_first' from command line to 'False'
[1.048s] Level 5:colcon.colcon_core.verb:set package 'rover_interfaces' build argument 'cmake_force_configure' from command line to 'False'
[1.048s] Level 5:colcon.colcon_core.verb:set package 'rover_interfaces' build argument 'ament_cmake_args' from command line to 'None'
[1.048s] Level 5:colcon.colcon_core.verb:set package 'rover_interfaces' build argument 'catkin_cmake_args' from command line to 'None'
[1.048s] Level 5:colcon.colcon_core.verb:set package 'rover_interfaces' build argument 'catkin_skip_building_tests' from command line to 'False'
[1.048s] DEBUG:colcon.colcon_core.verb:Building package 'rover_interfaces' with the following arguments: {'ament_cmake_args': None, 'build_base': '/home/cam/projects/CubeRover/build/rover_interfaces', 'catkin_cmake_args': None, 'catkin_skip_building_tests': False, 'cmake_args': None, 'cmake_clean_cache': False, 'cmake_clean_first': False, 'cmake_force_configure': False, 'cmake_target': None, 'cmake_target_skip_unavailable': False, 'install_base': '/home/cam/projects/CubeRover/install/rover_interfaces', 'merge_install': False, 'path': '/home/cam/projects/CubeRover/src/rover_interfaces', 'symlink_install': False, 'test_result_base': None}
[1.048s] INFO:colcon.colcon_core.executor:Executing jobs using 'parallel' executor
[1.049s] DEBUG:colcon.colcon_parallel_executor.executor.parallel:run_until_complete
[1.050s] INFO:colcon.colcon_ros.task.ament_python.build:Building ROS package in '/home/cam/projects/CubeRover/src/pi_controller' with build type 'ament_python'
[1.050s] Level 1:colcon.colcon_core.shell:create_environment_hook('pi_controller', 'ament_prefix_path')
[1.058s] INFO:colcon.colcon_core.plugin_system:Skipping extension 'colcon_core.shell.bat': Not used on non-Windows systems
[1.058s] INFO:colcon.colcon_core.shell:Creating environment hook '/home/cam/projects/CubeRover/install/pi_controller/share/pi_controller/hook/ament_prefix_path.ps1'
[1.062s] INFO:colcon.colcon_core.shell:Creating environment descriptor '/home/cam/projects/CubeRover/install/pi_controller/share/pi_controller/hook/ament_prefix_path.dsv'
[1.063s] INFO:colcon.colcon_core.shell:Creating environment hook '/home/cam/projects/CubeRover/install/pi_controller/share/pi_controller/hook/ament_prefix_path.sh'
[1.066s] INFO:colcon.colcon_core.shell:Skip shell extension 'powershell' for command environment: Not usable outside of PowerShell
[1.066s] DEBUG:colcon.colcon_core.shell:Skip shell extension 'dsv' for command environment
[1.082s] INFO:colcon.colcon_ros.task.ament_cmake.build:Building ROS package in '/home/cam/projects/CubeRover/src/rover_interfaces' with build type 'ament_cmake'
[1.082s] INFO:colcon.colcon_cmake.task.cmake.build:Building CMake package in '/home/cam/projects/CubeRover/src/rover_interfaces'
[1.082s] INFO:colcon.colcon_core.shell:Skip shell extension 'powershell' for command environment: Not usable outside of PowerShell
[1.083s] DEBUG:colcon.colcon_core.shell:Skip shell extension 'dsv' for command environment
[1.443s] INFO:colcon.colcon_core.task.python.build:Building Python package in '/home/cam/projects/CubeRover/src/pi_controller'
[1.443s] INFO:colcon.colcon_core.shell:Skip shell extension 'powershell' for command environment: Not usable outside of PowerShell
[1.443s] DEBUG:colcon.colcon_core.shell:Skip shell extension 'dsv' for command environment
[1.456s] DEBUG:colcon.colcon_core.event_handler.log_command:Invoking command in '/home/cam/projects/CubeRover/build/rover_interfaces': CMAKE_PREFIX_PATH=${CMAKE_PREFIX_PATH}:/home/cam/projects/CubeRover/install/pi_controller:/opt/ros/jazzy PS1=(venv) \[\e]0;\u@\h: \w\a\]${debian_chroot:+($debian_chroot)}\[\033[01;32m\]\u@\h\[\033[00m\]:\[\033[01;34m\]\w\[\033[00m\]\$ /usr/bin/cmake --build /home/cam/projects/CubeRover/build/rover_interfaces -- -j16 -l16
[2.051s] DEBUG:colcon.colcon_core.event_handler.log_command:Invoking command in '/home/cam/projects/CubeRover/src/pi_controller': PS1=(venv) \[\e]0;\u@\h: \w\a\]${debian_chroot:+($debian_chroot)}\[\033[01;32m\]\u@\h\[\033[00m\]:\[\033[01;34m\]\w\[\033[00m\]\$ PYTHONPATH=/home/cam/projects/CubeRover/build/pi_controller/prefix_override:/home/cam/projects/CubeRover/venv/lib/python3.12/site-packages/colcon_core/task/python/colcon_distutils_commands:/home/cam/projects/CubeRover/install/pi_controller/lib/python3.12/site-packages:${PYTHONPATH} /home/cam/projects/CubeRover/venv/bin/python -W ignore:setup.py install is deprecated -W ignore:easy_install command is deprecated setup.py egg_info --egg-base ../../build/pi_controller build --build-base /home/cam/projects/CubeRover/build/pi_controller/build install --record /home/cam/projects/CubeRover/build/pi_controller/install.log --single-version-externally-managed install_data
[2.228s] DEBUG:colcon.colcon_core.event_handler.log_command:Invoked command in '/home/cam/projects/CubeRover/build/rover_interfaces' returned '0': CMAKE_PREFIX_PATH=${CMAKE_PREFIX_PATH}:/home/cam/projects/CubeRover/install/pi_controller:/opt/ros/jazzy PS1=(venv) \[\e]0;\u@\h: \w\a\]${debian_chroot:+($debian_chroot)}\[\033[01;32m\]\u@\h\[\033[00m\]:\[\033[01;34m\]\w\[\033[00m\]\$ /usr/bin/cmake --build /home/cam/projects/CubeRover/build/rover_interfaces -- -j16 -l16
[2.240s] DEBUG:colcon.colcon_core.event_handler.log_command:Invoking command in '/home/cam/projects/CubeRover/build/rover_interfaces': CMAKE_PREFIX_PATH=${CMAKE_PREFIX_PATH}:/home/cam/projects/CubeRover/install/pi_controller:/opt/ros/jazzy PS1=(venv) \[\e]0;\u@\h: \w\a\]${debian_chroot:+($debian_chroot)}\[\033[01;32m\]\u@\h\[\033[00m\]:\[\033[01;34m\]\w\[\033[00m\]\$ /usr/bin/cmake --install /home/cam/projects/CubeRover/build/rover_interfaces
[2.378s] Level 1:colcon.colcon_core.environment:create_environment_scripts_only(rover_interfaces)
[2.379s] DEBUG:colcon.colcon_core.event_handler.log_command:Invoked command in '/home/cam/projects/CubeRover/build/rover_interfaces' returned '0': CMAKE_PREFIX_PATH=${CMAKE_PREFIX_PATH}:/home/cam/projects/CubeRover/install/pi_controller:/opt/ros/jazzy PS1=(venv) \[\e]0;\u@\h: \w\a\]${debian_chroot:+($debian_chroot)}\[\033[01;32m\]\u@\h\[\033[00m\]:\[\033[01;34m\]\w\[\033[00m\]\$ /usr/bin/cmake --install /home/cam/projects/CubeRover/build/rover_interfaces
[2.391s] Level 1:colcon.colcon_core.environment:checking '/home/cam/projects/CubeRover/install/rover_interfaces' for CMake module files
[2.392s] Level 1:colcon.colcon_core.environment:checking '/home/cam/projects/CubeRover/install/rover_interfaces' for CMake config files
[2.393s] Level 1:colcon.colcon_core.shell:create_environment_hook('rover_interfaces', 'cmake_prefix_path')
[2.393s] INFO:colcon.colcon_core.shell:Creating environment hook '/home/cam/projects/CubeRover/install/rover_interfaces/share/rover_interfaces/hook/cmake_prefix_path.ps1'
[2.394s] INFO:colcon.colcon_core.shell:Creating environment descriptor '/home/cam/projects/CubeRover/install/rover_interfaces/share/rover_interfaces/hook/cmake_prefix_path.dsv'
[2.395s] INFO:colcon.colcon_core.shell:Creating environment hook '/home/cam/projects/CubeRover/install/rover_interfaces/share/rover_interfaces/hook/cmake_prefix_path.sh'
[2.395s] Level 1:colcon.colcon_core.environment:checking '/home/cam/projects/CubeRover/install/rover_interfaces/lib'
[2.396s] Level 1:colcon.colcon_core.shell:create_environment_hook('rover_interfaces', 'ld_library_path_lib')
[2.396s] INFO:colcon.colcon_core.shell:Creating environment hook '/home/cam/projects/CubeRover/install/rover_interfaces/share/rover_interfaces/hook/ld_library_path_lib.ps1'
[2.397s] INFO:colcon.colcon_core.shell:Creating environment descriptor '/home/cam/projects/CubeRover/install/rover_interfaces/share/rover_interfaces/hook/ld_library_path_lib.dsv'
[2.397s] INFO:colcon.colcon_core.shell:Creating environment hook '/home/cam/projects/CubeRover/install/rover_interfaces/share/rover_interfaces/hook/ld_library_path_lib.sh'
[2.398s] Level 1:colcon.colcon_core.environment:checking '/home/cam/projects/CubeRover/install/rover_interfaces/bin'
[2.398s] Level 1:colcon.colcon_core.environment:checking '/home/cam/projects/CubeRover/install/rover_interfaces/lib/pkgconfig/rover_interfaces.pc'
[2.398s] Level 1:colcon.colcon_core.environment:checking '/home/cam/projects/CubeRover/install/rover_interfaces/lib/python3.12/site-packages'
[2.399s] Level 1:colcon.colcon_core.shell:create_environment_hook('rover_interfaces', 'pythonpath')
[2.399s] INFO:colcon.colcon_core.shell:Creating environment hook '/home/cam/projects/CubeRover/install/rover_interfaces/share/rover_interfaces/hook/pythonpath.ps1'
[2.400s] INFO:colcon.colcon_core.shell:Creating environment descriptor '/home/cam/projects/CubeRover/install/rover_interfaces/share/rover_interfaces/hook/pythonpath.dsv'
[2.400s] INFO:colcon.colcon_core.shell:Creating environment hook '/home/cam/projects/CubeRover/install/rover_interfaces/share/rover_interfaces/hook/pythonpath.sh'
[2.401s] Level 1:colcon.colcon_core.environment:checking '/home/cam/projects/CubeRover/install/rover_interfaces/bin'
[2.401s] INFO:colcon.colcon_core.shell:Creating package script '/home/cam/projects/CubeRover/install/rover_interfaces/share/rover_interfaces/package.ps1'
[2.403s] INFO:colcon.colcon_core.shell:Creating package descriptor '/home/cam/projects/CubeRover/install/rover_interfaces/share/rover_interfaces/package.dsv'
[2.404s] INFO:colcon.colcon_core.shell:Creating package script '/home/cam/projects/CubeRover/install/rover_interfaces/share/rover_interfaces/package.sh'
[2.405s] INFO:colcon.colcon_core.shell:Creating package script '/home/cam/projects/CubeRover/install/rover_interfaces/share/rover_interfaces/package.bash'
[2.407s] INFO:colcon.colcon_core.shell:Creating package script '/home/cam/projects/CubeRover/install/rover_interfaces/share/rover_interfaces/package.zsh'
[2.408s] Level 1:colcon.colcon_core.environment:create_file_with_runtime_dependencies(/home/cam/projects/CubeRover/install/rover_interfaces/share/colcon-core/packages/rover_interfaces)
[2.409s] Level 1:colcon.colcon_core.environment:create_environment_scripts_only(rover_interfaces)
[2.409s] Level 1:colcon.colcon_core.environment:checking '/home/cam/projects/CubeRover/install/rover_interfaces' for CMake module files
[2.409s] Level 1:colcon.colcon_core.environment:checking '/home/cam/projects/CubeRover/install/rover_interfaces' for CMake config files
[2.410s] Level 1:colcon.colcon_core.shell:create_environment_hook('rover_interfaces', 'cmake_prefix_path')
[2.410s] INFO:colcon.colcon_core.shell:Creating environment hook '/home/cam/projects/CubeRover/install/rover_interfaces/share/rover_interfaces/hook/cmake_prefix_path.ps1'
[2.410s] INFO:colcon.colcon_core.shell:Creating environment descriptor '/home/cam/projects/CubeRover/install/rover_interfaces/share/rover_interfaces/hook/cmake_prefix_path.dsv'
[2.411s] INFO:colcon.colcon_core.shell:Creating environment hook '/home/cam/projects/CubeRover/install/rover_interfaces/share/rover_interfaces/hook/cmake_prefix_path.sh'
[2.412s] Level 1:colcon.colcon_core.environment:checking '/home/cam/projects/CubeRover/install/rover_interfaces/lib'
[2.412s] Level 1:colcon.colcon_core.shell:create_environment_hook('rover_interfaces', 'ld_library_path_lib')
[2.412s] INFO:colcon.colcon_core.shell:Creating environment hook '/home/cam/projects/CubeRover/install/rover_interfaces/share/rover_interfaces/hook/ld_library_path_lib.ps1'
[2.413s] INFO:colcon.colcon_core.shell:Creating environment descriptor '/home/cam/projects/CubeRover/install/rover_interfaces/share/rover_interfaces/hook/ld_library_path_lib.dsv'
[2.413s] INFO:colcon.colcon_core.shell:Creating environment hook '/home/cam/projects/CubeRover/install/rover_interfaces/share/rover_interfaces/hook/ld_library_path_lib.sh'
[2.414s] Level 1:colcon.colcon_core.environment:checking '/home/cam/projects/CubeRover/install/rover_interfaces/bin'
[2.414s] Level 1:colcon.colcon_core.environment:checking '/home/cam/projects/CubeRover/install/rover_interfaces/lib/pkgconfig/rover_interfaces.pc'
[2.415s] Level 1:colcon.colcon_core.environment:checking '/home/cam/projects/CubeRover/install/rover_interfaces/lib/python3.12/site-packages'
[2.415s] Level 1:colcon.colcon_core.shell:create_environment_hook('rover_interfaces', 'pythonpath')
[2.415s] INFO:colcon.colcon_core.shell:Creating environment hook '/home/cam/projects/CubeRover/install/rover_interfaces/share/rover_interfaces/hook/pythonpath.ps1'
[2.415s] INFO:colcon.colcon_core.shell:Creating environment descriptor '/home/cam/projects/CubeRover/install/rover_interfaces/share/rover_interfaces/hook/pythonpath.dsv'
[2.416s] INFO:colcon.colcon_core.shell:Creating environment hook '/home/cam/projects/CubeRover/install/rover_interfaces/share/rover_interfaces/hook/pythonpath.sh'
[2.417s] Level 1:colcon.colcon_core.environment:checking '/home/cam/projects/CubeRover/install/rover_interfaces/bin'
[2.417s] INFO:colcon.colcon_core.shell:Creating package script '/home/cam/projects/CubeRover/install/rover_interfaces/share/rover_interfaces/package.ps1'
[2.418s] INFO:colcon.colcon_core.shell:Creating package descriptor '/home/cam/projects/CubeRover/install/rover_interfaces/share/rover_interfaces/package.dsv'
[2.419s] INFO:colcon.colcon_core.shell:Creating package script '/home/cam/projects/CubeRover/install/rover_interfaces/share/rover_interfaces/package.sh'
[2.420s] INFO:colcon.colcon_core.shell:Creating package script '/home/cam/projects/CubeRover/install/rover_interfaces/share/rover_interfaces/package.bash'
[2.420s] INFO:colcon.colcon_core.shell:Creating package script '/home/cam/projects/CubeRover/install/rover_interfaces/share/rover_interfaces/package.zsh'
[2.421s] Level 1:colcon.colcon_core.environment:create_file_with_runtime_dependencies(/home/cam/projects/CubeRover/install/rover_interfaces/share/colcon-core/packages/rover_interfaces)
[2.536s] Level 1:colcon.colcon_core.environment:checking '/home/cam/projects/CubeRover/install/pi_controller' for CMake module files
[2.537s] DEBUG:colcon.colcon_core.event_handler.log_command:Invoked command in '/home/cam/projects/CubeRover/src/pi_controller' returned '0': PS1=(venv) \[\e]0;\u@\h: \w\a\]${debian_chroot:+($debian_chroot)}\[\033[01;32m\]\u@\h\[\033[00m\]:\[\033[01;34m\]\w\[\033[00m\]\$ PYTHONPATH=/home/cam/projects/CubeRover/build/pi_controller/prefix_override:/home/cam/projects/CubeRover/venv/lib/python3.12/site-packages/colcon_core/task/python/colcon_distutils_commands:/home/cam/projects/CubeRover/install/pi_controller/lib/python3.12/site-packages:${PYTHONPATH} /home/cam/projects/CubeRover/venv/bin/python -W ignore:setup.py install is deprecated -W ignore:easy_install command is deprecated setup.py egg_info --egg-base ../../build/pi_controller build --build-base /home/cam/projects/CubeRover/build/pi_controller/build install --record /home/cam/projects/CubeRover/build/pi_controller/install.log --single-version-externally-managed install_data
[2.538s] Level 1:colcon.colcon_core.environment:checking '/home/cam/projects/CubeRover/install/pi_controller' for CMake config files
[2.543s] Level 1:colcon.colcon_core.environment:checking '/home/cam/projects/CubeRover/install/pi_controller/lib'
[2.543s] Level 1:colcon.colcon_core.environment:checking '/home/cam/projects/CubeRover/install/pi_controller/bin'
[2.543s] Level 1:colcon.colcon_core.shell:create_environment_hook('pi_controller', 'path')
[2.543s] INFO:colcon.colcon_core.shell:Creating environment hook '/home/cam/projects/CubeRover/install/pi_controller/share/pi_controller/hook/path.ps1'
[2.544s] INFO:colcon.colcon_core.shell:Creating environment descriptor '/home/cam/projects/CubeRover/install/pi_controller/share/pi_controller/hook/path.dsv'
[2.545s] INFO:colcon.colcon_core.shell:Creating environment hook '/home/cam/projects/CubeRover/install/pi_controller/share/pi_controller/hook/path.sh'
[2.545s] Level 1:colcon.colcon_core.environment:checking '/home/cam/projects/CubeRover/install/pi_controller/lib/pkgconfig/pi_controller.pc'
[2.546s] Level 1:colcon.colcon_core.environment:checking '/home/cam/projects/CubeRover/install/pi_controller/lib/python3.12/site-packages'
[2.546s] Level 1:colcon.colcon_core.shell:create_environment_hook('pi_controller', 'pythonpath')
[2.546s] INFO:colcon.colcon_core.shell:Creating environment hook '/home/cam/projects/CubeRover/install/pi_controller/share/pi_controller/hook/pythonpath.ps1'
[2.547s] INFO:colcon.colcon_core.shell:Creating environment descriptor '/home/cam/projects/CubeRover/install/pi_controller/share/pi_controller/hook/pythonpath.dsv'
[2.547s] INFO:colcon.colcon_core.shell:Creating environment hook '/home/cam/projects/CubeRover/install/pi_controller/share/pi_controller/hook/pythonpath.sh'
[2.548s] Level 1:colcon.colcon_core.environment:checking '/home/cam/projects/CubeRover/install/pi_controller/bin'
[2.548s] Level 1:colcon.colcon_core.shell:create_environment_hook('pi_controller', 'pythonscriptspath')
[2.548s] INFO:colcon.colcon_core.shell:Creating environment hook '/home/cam/projects/CubeRover/install/pi_controller/share/pi_controller/hook/pythonscriptspath.ps1'
[2.549s] INFO:colcon.colcon_core.shell:Creating environment descriptor '/home/cam/projects/CubeRover/install/pi_controller/share/pi_controller/hook/pythonscriptspath.dsv'
[2.549s] INFO:colcon.colcon_core.shell:Creating environment hook '/home/cam/projects/CubeRover/install/pi_controller/share/pi_controller/hook/pythonscriptspath.sh'
[2.550s] Level 1:colcon.colcon_core.environment:create_environment_scripts_only(pi_controller)
[2.551s] INFO:colcon.colcon_core.shell:Creating package script '/home/cam/projects/CubeRover/install/pi_controller/share/pi_controller/package.ps1'
[2.551s] INFO:colcon.colcon_core.shell:Creating package descriptor '/home/cam/projects/CubeRover/install/pi_controller/share/pi_controller/package.dsv'
[2.553s] INFO:colcon.colcon_core.shell:Creating package script '/home/cam/projects/CubeRover/install/pi_controller/share/pi_controller/package.sh'
[2.554s] INFO:colcon.colcon_core.shell:Creating package script '/home/cam/projects/CubeRover/install/pi_controller/share/pi_controller/package.bash'
[2.555s] INFO:colcon.colcon_core.shell:Creating package script '/home/cam/projects/CubeRover/install/pi_controller/share/pi_controller/package.zsh'
[2.555s] Level 1:colcon.colcon_core.environment:create_file_with_runtime_dependencies(/home/cam/projects/CubeRover/install/pi_controller/share/colcon-core/packages/pi_controller)
[2.556s] DEBUG:colcon.colcon_parallel_executor.executor.parallel:closing loop
[2.557s] DEBUG:colcon.colcon_parallel_executor.executor.parallel:loop closed
[2.557s] DEBUG:colcon.colcon_parallel_executor.executor.parallel:run_until_complete finished with '0'
[2.557s] DEBUG:colcon.colcon_core.event_reactor:joining thread
[2.564s] INFO:colcon.colcon_core.plugin_system:Skipping extension 'colcon_notification.desktop_notification.notify2': 'notify2' not found
[2.755s] INFO:colcon.colcon_core.plugin_system:Skipping extension 'colcon_notification.desktop_notification.notify_send': Could not find 'notify-send'
[2.755s] INFO:colcon.colcon_core.plugin_system:Skipping extension 'colcon_notification.desktop_notification.terminal_notifier': Not used on non-Darwin systems
[2.755s] INFO:colcon.colcon_core.plugin_system:Skipping extension 'colcon_notification.desktop_notification.win32': Not used on non-Windows systems
[2.755s] DEBUG:colcon.colcon_core.event_reactor:joined thread
[2.755s] INFO:colcon.colcon_core.shell:Creating prefix script '/home/cam/projects/CubeRover/install/local_setup.ps1'
[2.759s] INFO:colcon.colcon_core.shell:Creating prefix util module '/home/cam/projects/CubeRover/install/_local_setup_util_ps1.py'
[2.761s] INFO:colcon.colcon_core.shell:Creating prefix chain script '/home/cam/projects/CubeRover/install/setup.ps1'
[2.763s] INFO:colcon.colcon_core.shell:Creating prefix script '/home/cam/projects/CubeRover/install/local_setup.sh'
[2.764s] INFO:colcon.colcon_core.shell:Creating prefix util module '/home/cam/projects/CubeRover/install/_local_setup_util_sh.py'
[2.765s] INFO:colcon.colcon_core.shell:Creating prefix chain script '/home/cam/projects/CubeRover/install/setup.sh'
[2.767s] INFO:colcon.colcon_core.shell:Creating prefix script '/home/cam/projects/CubeRover/install/local_setup.bash'
[2.768s] INFO:colcon.colcon_core.shell:Creating prefix chain script '/home/cam/projects/CubeRover/install/setup.bash'
[2.770s] INFO:colcon.colcon_core.shell:Creating prefix script '/home/cam/projects/CubeRover/install/local_setup.zsh'
[2.771s] INFO:colcon.colcon_core.shell:Creating prefix chain script '/home/cam/projects/CubeRover/install/setup.zsh'
