running egg_info
creating ../../build/pi_controller/Serial.egg-info
writing ../../build/pi_controller/Serial.egg-info/PKG-INFO
writing dependency_links to ../../build/pi_controller/Serial.egg-info/dependency_links.txt
writing entry points to ../../build/pi_controller/Serial.egg-info/entry_points.txt
writing requirements to ../../build/pi_controller/Serial.egg-info/requires.txt
writing top-level names to ../../build/pi_controller/Serial.egg-info/top_level.txt
writing manifest file '../../build/pi_controller/Serial.egg-info/SOURCES.txt'
reading manifest file '../../build/pi_controller/Serial.egg-info/SOURCES.txt'
adding license file 'LICENSE'
writing manifest file '../../build/pi_controller/Serial.egg-info/SOURCES.txt'
running build
running build_py
creating /home/cam/projects/CubeRover/build/pi_controller/build
creating /home/cam/projects/CubeRover/build/pi_controller/build/lib
creating /home/cam/projects/CubeRover/build/pi_controller/build/lib/pi_controller
copying pi_controller/__init__.py -> /home/cam/projects/CubeRover/build/pi_controller/build/lib/pi_controller
copying pi_controller/python_serial_teensy.py -> /home/cam/projects/CubeRover/build/pi_controller/build/lib/pi_controller
running install
running install_lib
creating /home/cam/projects/CubeRover/install/pi_controller/lib/python3.12/site-packages/pi_controller
copying /home/cam/projects/CubeRover/build/pi_controller/build/lib/pi_controller/__init__.py -> /home/cam/projects/CubeRover/install/pi_controller/lib/python3.12/site-packages/pi_controller
copying /home/cam/projects/CubeRover/build/pi_controller/build/lib/pi_controller/python_serial_teensy.py -> /home/cam/projects/CubeRover/install/pi_controller/lib/python3.12/site-packages/pi_controller
byte-compiling /home/cam/projects/CubeRover/install/pi_controller/lib/python3.12/site-packages/pi_controller/__init__.py to __init__.cpython-312.pyc
byte-compiling /home/cam/projects/CubeRover/install/pi_controller/lib/python3.12/site-packages/pi_controller/python_serial_teensy.py to python_serial_teensy.cpython-312.pyc
running install_data
creating /home/cam/projects/CubeRover/install/pi_controller/share/ament_index
creating /home/cam/projects/CubeRover/install/pi_controller/share/ament_index/resource_index
creating /home/cam/projects/CubeRover/install/pi_controller/share/ament_index/resource_index/packages
copying resource/pi_controller -> /home/cam/projects/CubeRover/install/pi_controller/share/ament_index/resource_index/packages
copying package.xml -> /home/cam/projects/CubeRover/install/pi_controller/share/pi_controller
running install_egg_info
Copying ../../build/pi_controller/Serial.egg-info to /home/cam/projects/CubeRover/install/pi_controller/lib/python3.12/site-packages/Serial-0.0.1-py3.12.egg-info
running install_scripts
Installing Serial script to /home/cam/projects/CubeRover/install/pi_controller/lib/pi_controller
writing list of installed files to '/home/cam/projects/CubeRover/build/pi_controller/install.log'
