[1.086s] Invoking command in '/home/cam/projects/CubeRover/src/pi_controller': PS1=\[\e]0;\u@\h: \w\a\]${debian_chroot:+($debian_chroot)}\[\033[01;32m\]\u@\h\[\033[00m\]:\[\033[01;34m\]\w\[\033[00m\]\$ PYTHONPATH=/home/cam/projects/CubeRover/build/pi_controller/prefix_override:/usr/lib/python3/dist-packages/colcon_core/task/python/colcon_distutils_commands:/home/cam/projects/CubeRover/install/pi_controller/lib/python3.12/site-packages:${PYTHONPATH} /usr/bin/python3 -W ignore:setup.py install is deprecated -W ignore:easy_install command is deprecated setup.py egg_info --egg-base ../../build/pi_controller build --build-base /home/cam/projects/CubeRover/build/pi_controller/build install --record /home/cam/projects/CubeRover/build/pi_controller/install.log --single-version-externally-managed install_data
[1.338s] running egg_info
[1.338s] creating ../../build/pi_controller/Serial.egg-info
[1.358s] writing ../../build/pi_controller/Serial.egg-info/PKG-INFO
[1.359s] writing dependency_links to ../../build/pi_controller/Serial.egg-info/dependency_links.txt
[1.359s] writing entry points to ../../build/pi_controller/Serial.egg-info/entry_points.txt
[1.359s] writing requirements to ../../build/pi_controller/Serial.egg-info/requires.txt
[1.359s] writing top-level names to ../../build/pi_controller/Serial.egg-info/top_level.txt
[1.359s] writing manifest file '../../build/pi_controller/Serial.egg-info/SOURCES.txt'
[1.399s] reading manifest file '../../build/pi_controller/Serial.egg-info/SOURCES.txt'
[1.400s] adding license file 'LICENSE'
[1.400s] writing manifest file '../../build/pi_controller/Serial.egg-info/SOURCES.txt'
[1.400s] running build
[1.400s] running build_py
[1.400s] creating /home/cam/projects/CubeRover/build/pi_controller/build
[1.401s] creating /home/cam/projects/CubeRover/build/pi_controller/build/lib
[1.401s] creating /home/cam/projects/CubeRover/build/pi_controller/build/lib/pi_controller
[1.401s] copying pi_controller/__init__.py -> /home/cam/projects/CubeRover/build/pi_controller/build/lib/pi_controller
[1.402s] copying pi_controller/python_serial_teensy.py -> /home/cam/projects/CubeRover/build/pi_controller/build/lib/pi_controller
[1.402s] running install
[1.407s] running install_lib
[1.428s] creating /home/cam/projects/CubeRover/install/pi_controller/lib/python3.12/site-packages/pi_controller
[1.428s] copying /home/cam/projects/CubeRover/build/pi_controller/build/lib/pi_controller/__init__.py -> /home/cam/projects/CubeRover/install/pi_controller/lib/python3.12/site-packages/pi_controller
[1.428s] copying /home/cam/projects/CubeRover/build/pi_controller/build/lib/pi_controller/python_serial_teensy.py -> /home/cam/projects/CubeRover/install/pi_controller/lib/python3.12/site-packages/pi_controller
[1.429s] byte-compiling /home/cam/projects/CubeRover/install/pi_controller/lib/python3.12/site-packages/pi_controller/__init__.py to __init__.cpython-312.pyc
[1.429s] byte-compiling /home/cam/projects/CubeRover/install/pi_controller/lib/python3.12/site-packages/pi_controller/python_serial_teensy.py to python_serial_teensy.cpython-312.pyc
[1.430s] running install_data
[1.430s] creating /home/cam/projects/CubeRover/install/pi_controller/share/ament_index
[1.430s] creating /home/cam/projects/CubeRover/install/pi_controller/share/ament_index/resource_index
[1.431s] creating /home/cam/projects/CubeRover/install/pi_controller/share/ament_index/resource_index/packages
[1.431s] copying resource/pi_controller -> /home/cam/projects/CubeRover/install/pi_controller/share/ament_index/resource_index/packages
[1.432s] copying package.xml -> /home/cam/projects/CubeRover/install/pi_controller/share/pi_controller
[1.432s] running install_egg_info
[1.452s] Copying ../../build/pi_controller/Serial.egg-info to /home/cam/projects/CubeRover/install/pi_controller/lib/python3.12/site-packages/Serial-0.0.1-py3.12.egg-info
[1.453s] running install_scripts
[1.578s] Installing Serial script to /home/cam/projects/CubeRover/install/pi_controller/lib/pi_controller
[1.579s] writing list of installed files to '/home/cam/projects/CubeRover/build/pi_controller/install.log'
[1.599s] Invoked command in '/home/cam/projects/CubeRover/src/pi_controller' returned '0': PS1=\[\e]0;\u@\h: \w\a\]${debian_chroot:+($debian_chroot)}\[\033[01;32m\]\u@\h\[\033[00m\]:\[\033[01;34m\]\w\[\033[00m\]\$ PYTHONPATH=/home/cam/projects/CubeRover/build/pi_controller/prefix_override:/usr/lib/python3/dist-packages/colcon_core/task/python/colcon_distutils_commands:/home/cam/projects/CubeRover/install/pi_controller/lib/python3.12/site-packages:${PYTHONPATH} /usr/bin/python3 -W ignore:setup.py install is deprecated -W ignore:easy_install command is deprecated setup.py egg_info --egg-base ../../build/pi_controller build --build-base /home/cam/projects/CubeRover/build/pi_controller/build install --record /home/cam/projects/CubeRover/build/pi_controller/install.log --single-version-externally-managed install_data
