[0.192s] Invoking command in '/home/cam/projects/CubeRover/build/rover_interfaces': CMAKE_PREFIX_PATH=${CMAKE_PREFIX_PATH}:/home/cam/projects/CubeRover/install/pi_controller:/opt/ros/jazzy PS1=(venv) \[\e]0;\u@\h: \w\a\]${debian_chroot:+($debian_chroot)}\[\033[01;32m\]\u@\h\[\033[00m\]:\[\033[01;34m\]\w\[\033[00m\]\$ /usr/bin/cmake --build /home/cam/projects/CubeRover/build/rover_interfaces -- -j16 -l16
[0.228s] -- Found ament_cmake: 2.5.4 (/opt/ros/jazzy/share/ament_cmake/cmake)
[0.259s] -- Found Python3: /usr/bin/python3 (found version "3.12.3") found components: Interpreter 
[0.357s] -- Found rosidl_default_generators: 1.6.0 (/opt/ros/jazzy/share/rosidl_default_generators/cmake)
[0.362s] -- Using all available rosidl_typesupport_c: rosidl_typesupport_fastrtps_c;rosidl_typesupport_introspection_c
[0.616s] -- Using all available rosidl_typesupport_cpp: rosidl_typesupport_fastrtps_cpp;rosidl_typesupport_introspection_cpp
[0.655s] -- Found rosidl_adapter: 4.6.5 (/opt/ros/jazzy/share/rosidl_adapter/cmake)
[0.937s] -- Found ament_cmake_ros: 0.12.0 (/opt/ros/jazzy/share/ament_cmake_ros/cmake)
[1.022s] -- Using all available rosidl_typesupport_c: rosidl_typesupport_fastrtps_c;rosidl_typesupport_introspection_c
[1.127s] -- Using all available rosidl_typesupport_cpp: rosidl_typesupport_fastrtps_cpp;rosidl_typesupport_introspection_cpp
[1.130s] -- Found python_cmake_module: 0.11.1 (/opt/ros/jazzy/share/python_cmake_module/cmake)
[1.382s] -- Found Python3: /usr/bin/python3 (found version "3.12.3") found components: Interpreter Development NumPy Development.Module Development.Embed 
[1.410s] -- Configuring done (1.2s)
[1.459s] -- Generating done (0.0s)
[1.471s] -- Build files have been written to: /home/cam/projects/CubeRover/build/rover_interfaces
[1.502s] [  2%] [34m[1mGenerating type hashes for ROS interfaces[0m
[1.511s] [  2%] Built target ament_cmake_python_copy_rover_interfaces
[1.704s] [  2%] Built target rover_interfaces__rosidl_generator_type_description
[1.714s] [  4%] [34m[1mGenerating C code for ROS interfaces[0m
[1.720s] running egg_info
[1.724s] [  6%] [34m[1mGenerating C++ code for ROS interfaces[0m
[1.744s] writing rover_interfaces.egg-info/PKG-INFO
[1.744s] writing dependency_links to rover_interfaces.egg-info/dependency_links.txt
[1.744s] writing top-level names to rover_interfaces.egg-info/top_level.txt
[1.805s] reading manifest file 'rover_interfaces.egg-info/SOURCES.txt'
[1.805s] writing manifest file 'rover_interfaces.egg-info/SOURCES.txt'
[1.827s] [  6%] Built target ament_cmake_python_build_rover_interfaces_egg
[2.065s] [  6%] Built target rover_interfaces__cpp
[2.100s] [ 13%] [32mBuilding C object CMakeFiles/rover_interfaces__rosidl_generator_c.dir/rosidl_generator_c/rover_interfaces/msg/detail/telem_data__functions.c.o[0m
[2.101s] [ 13%] [32mBuilding C object CMakeFiles/rover_interfaces__rosidl_generator_c.dir/rosidl_generator_c/rover_interfaces/msg/detail/telem_data__description.c.o[0m
[2.101s] [ 13%] [32mBuilding C object CMakeFiles/rover_interfaces__rosidl_generator_c.dir/rosidl_generator_c/rover_interfaces/msg/detail/telem_data__type_support.c.o[0m
[2.101s] [ 15%] [32mBuilding C object CMakeFiles/rover_interfaces__rosidl_generator_c.dir/rosidl_generator_c/rover_interfaces/srv/detail/rover_command__functions.c.o[0m
[2.101s] [ 18%] [32mBuilding C object CMakeFiles/rover_interfaces__rosidl_generator_c.dir/rosidl_generator_c/rover_interfaces/srv/detail/rover_command__description.c.o[0m
[2.101s] [ 20%] [32mBuilding C object CMakeFiles/rover_interfaces__rosidl_generator_c.dir/rosidl_generator_c/rover_interfaces/srv/detail/rover_command__type_support.c.o[0m
[2.215s] [ 22%] [32m[1mLinking C shared library librover_interfaces__rosidl_generator_c.so[0m
[2.378s] [ 22%] Built target rover_interfaces__rosidl_generator_c
[2.389s] [ 31%] [34m[1mGenerating C++ type support dispatch for ROS interfaces[0m
[2.389s] [ 31%] [34m[1mGenerating C type support dispatch for ROS interfaces[0m
[2.389s] [ 31%] [34m[1mGenerating C type support for eProsima Fast-RTPS[0m
[2.389s] [ 31%] [34m[1mGenerating C introspection for ROS interfaces[0m
[2.390s] [ 34%] [34m[1mGenerating C++ type support for eProsima Fast-RTPS[0m
[2.390s] [ 36%] [34m[1mGenerating C++ introspection for ROS interfaces[0m
[2.677s] [ 38%] [32mBuilding CXX object CMakeFiles/rover_interfaces__rosidl_typesupport_c.dir/rosidl_typesupport_c/rover_interfaces/srv/rover_command__type_support.cpp.o[0m
[2.677s] [ 40%] [32mBuilding CXX object CMakeFiles/rover_interfaces__rosidl_typesupport_c.dir/rosidl_typesupport_c/rover_interfaces/msg/telem_data__type_support.cpp.o[0m
[2.697s] [ 43%] [32mBuilding CXX object CMakeFiles/rover_interfaces__rosidl_typesupport_introspection_cpp.dir/rosidl_typesupport_introspection_cpp/rover_interfaces/msg/detail/telem_data__type_support.cpp.o[0m
[2.698s] [ 45%] [32mBuilding CXX object CMakeFiles/rover_interfaces__rosidl_typesupport_introspection_cpp.dir/rosidl_typesupport_introspection_cpp/rover_interfaces/srv/detail/rover_command__type_support.cpp.o[0m
[2.721s] [ 50%] [32mBuilding CXX object CMakeFiles/rover_interfaces__rosidl_typesupport_cpp.dir/rosidl_typesupport_cpp/rover_interfaces/msg/telem_data__type_support.cpp.o[0m
[2.721s] [ 50%] [32mBuilding CXX object CMakeFiles/rover_interfaces__rosidl_typesupport_cpp.dir/rosidl_typesupport_cpp/rover_interfaces/srv/rover_command__type_support.cpp.o[0m
[2.775s] [ 54%] [32mBuilding C object CMakeFiles/rover_interfaces__rosidl_typesupport_introspection_c.dir/rosidl_typesupport_introspection_c/rover_interfaces/msg/detail/telem_data__type_support.c.o[0m
[2.776s] [ 54%] [32mBuilding C object CMakeFiles/rover_interfaces__rosidl_typesupport_introspection_c.dir/rosidl_typesupport_introspection_c/rover_interfaces/srv/detail/rover_command__type_support.c.o[0m
[2.788s] [ 56%] [32m[1mLinking CXX shared library librover_interfaces__rosidl_typesupport_c.so[0m
[2.812s] [ 61%] [32mBuilding CXX object CMakeFiles/rover_interfaces__rosidl_typesupport_fastrtps_cpp.dir/rosidl_typesupport_fastrtps_cpp/rover_interfaces/msg/detail/dds_fastrtps/telem_data__type_support.cpp.o[0m
[2.812s] [ 61%] [32mBuilding CXX object CMakeFiles/rover_interfaces__rosidl_typesupport_fastrtps_cpp.dir/rosidl_typesupport_fastrtps_cpp/rover_interfaces/srv/detail/dds_fastrtps/rover_command__type_support.cpp.o[0m
[2.813s] [ 63%] [32mBuilding CXX object CMakeFiles/rover_interfaces__rosidl_typesupport_fastrtps_c.dir/rosidl_typesupport_fastrtps_c/rover_interfaces/srv/detail/rover_command__type_support_c.cpp.o[0m
[2.813s] [ 65%] [32mBuilding CXX object CMakeFiles/rover_interfaces__rosidl_typesupport_fastrtps_c.dir/rosidl_typesupport_fastrtps_c/rover_interfaces/msg/detail/telem_data__type_support_c.cpp.o[0m
[2.844s] [ 68%] [32m[1mLinking C shared library librover_interfaces__rosidl_typesupport_introspection_c.so[0m
[2.992s] [ 68%] Built target rover_interfaces__rosidl_typesupport_c
[3.031s] [ 68%] Built target rover_interfaces__rosidl_typesupport_introspection_c
[3.250s] [ 70%] [32m[1mLinking CXX shared library librover_interfaces__rosidl_typesupport_cpp.so[0m
[3.321s] [ 72%] [32m[1mLinking CXX shared library librover_interfaces__rosidl_typesupport_introspection_cpp.so[0m
[3.425s] [ 75%] [32m[1mLinking CXX shared library librover_interfaces__rosidl_typesupport_fastrtps_c.so[0m
[3.449s] [ 75%] Built target rover_interfaces__rosidl_typesupport_cpp
[3.522s] [ 75%] Built target rover_interfaces__rosidl_typesupport_introspection_cpp
[3.599s] [ 77%] [32m[1mLinking CXX shared library librover_interfaces__rosidl_typesupport_fastrtps_cpp.so[0m
[3.649s] [ 77%] Built target rover_interfaces__rosidl_typesupport_fastrtps_c
[3.801s] [ 77%] Built target rover_interfaces__rosidl_typesupport_fastrtps_cpp
[3.819s] [ 77%] Built target rover_interfaces
[3.837s] [ 79%] [34m[1mGenerating Python code for ROS interfaces[0m
[4.251s] [ 79%] Built target rover_interfaces__py
[4.273s] [ 84%] [32mBuilding C object CMakeFiles/rover_interfaces__rosidl_generator_py.dir/rosidl_generator_py/rover_interfaces/msg/_telem_data_s.c.o[0m
[4.273s] [ 84%] [32mBuilding C object CMakeFiles/rover_interfaces__rosidl_generator_py.dir/rosidl_generator_py/rover_interfaces/srv/_rover_command_s.c.o[0m
[4.455s] [ 86%] [32m[1mLinking C shared library librover_interfaces__rosidl_generator_py.so[0m
[4.616s] [ 86%] Built target rover_interfaces__rosidl_generator_py
[4.637s] [ 93%] [32mBuilding C object CMakeFiles/rover_interfaces_s__rosidl_typesupport_introspection_c.dir/rosidl_generator_py/rover_interfaces/_rover_interfaces_s.ep.rosidl_typesupport_introspection_c.c.o[0m
[4.637s] [ 93%] [32mBuilding C object CMakeFiles/rover_interfaces_s__rosidl_typesupport_fastrtps_c.dir/rosidl_generator_py/rover_interfaces/_rover_interfaces_s.ep.rosidl_typesupport_fastrtps_c.c.o[0m
[4.638s] [ 93%] [32mBuilding C object CMakeFiles/rover_interfaces_s__rosidl_typesupport_c.dir/rosidl_generator_py/rover_interfaces/_rover_interfaces_s.ep.rosidl_typesupport_c.c.o[0m
[4.733s] [ 97%] [32m[1mLinking C shared module rosidl_generator_py/rover_interfaces/rover_interfaces_s__rosidl_typesupport_introspection_c.so[0m
[4.733s] [ 97%] [32m[1mLinking C shared module rosidl_generator_py/rover_interfaces/rover_interfaces_s__rosidl_typesupport_c.so[0m
[4.738s] [100%] [32m[1mLinking C shared module rosidl_generator_py/rover_interfaces/rover_interfaces_s__rosidl_typesupport_fastrtps_c.so[0m
[4.851s] [100%] Built target rover_interfaces_s__rosidl_typesupport_c
[4.851s] [100%] Built target rover_interfaces_s__rosidl_typesupport_introspection_c
[4.890s] [100%] Built target rover_interfaces_s__rosidl_typesupport_fastrtps_c
[4.900s] Invoked command in '/home/cam/projects/CubeRover/build/rover_interfaces' returned '0': CMAKE_PREFIX_PATH=${CMAKE_PREFIX_PATH}:/home/cam/projects/CubeRover/install/pi_controller:/opt/ros/jazzy PS1=(venv) \[\e]0;\u@\h: \w\a\]${debian_chroot:+($debian_chroot)}\[\033[01;32m\]\u@\h\[\033[00m\]:\[\033[01;34m\]\w\[\033[00m\]\$ /usr/bin/cmake --build /home/cam/projects/CubeRover/build/rover_interfaces -- -j16 -l16
[4.909s] Invoking command in '/home/cam/projects/CubeRover/build/rover_interfaces': CMAKE_PREFIX_PATH=${CMAKE_PREFIX_PATH}:/home/cam/projects/CubeRover/install/pi_controller:/opt/ros/jazzy PS1=(venv) \[\e]0;\u@\h: \w\a\]${debian_chroot:+($debian_chroot)}\[\033[01;32m\]\u@\h\[\033[00m\]:\[\033[01;34m\]\w\[\033[00m\]\$ /usr/bin/cmake --install /home/cam/projects/CubeRover/build/rover_interfaces
[4.917s] -- Install configuration: ""
[4.917s] -- Up-to-date: /home/cam/projects/CubeRover/install/rover_interfaces/share/ament_index/resource_index/rosidl_interfaces/rover_interfaces
[4.917s] -- Installing: /home/cam/projects/CubeRover/install/rover_interfaces/share/rover_interfaces/msg/TelemData.json
[4.917s] -- Installing: /home/cam/projects/CubeRover/install/rover_interfaces/share/rover_interfaces/srv/RoverCommand.json
[4.918s] -- Up-to-date: /home/cam/projects/CubeRover/install/rover_interfaces/include/rover_interfaces/rover_interfaces
[4.918s] -- Up-to-date: /home/cam/projects/CubeRover/install/rover_interfaces/include/rover_interfaces/rover_interfaces/srv
[4.918s] -- Installing: /home/cam/projects/CubeRover/install/rover_interfaces/include/rover_interfaces/rover_interfaces/srv/rover_command.h
[4.919s] -- Up-to-date: /home/cam/projects/CubeRover/install/rover_interfaces/include/rover_interfaces/rover_interfaces/srv/detail
[4.919s] -- Installing: /home/cam/projects/CubeRover/install/rover_interfaces/include/rover_interfaces/rover_interfaces/srv/detail/rover_command__type_support.c
[4.919s] -- Installing: /home/cam/projects/CubeRover/install/rover_interfaces/include/rover_interfaces/rover_interfaces/srv/detail/rover_command__description.c
[4.919s] -- Installing: /home/cam/projects/CubeRover/install/rover_interfaces/include/rover_interfaces/rover_interfaces/srv/detail/rover_command__struct.h
[4.920s] -- Installing: /home/cam/projects/CubeRover/install/rover_interfaces/include/rover_interfaces/rover_interfaces/srv/detail/rover_command__functions.c
[4.920s] -- Installing: /home/cam/projects/CubeRover/install/rover_interfaces/include/rover_interfaces/rover_interfaces/srv/detail/rover_command__functions.h
[4.920s] -- Installing: /home/cam/projects/CubeRover/install/rover_interfaces/include/rover_interfaces/rover_interfaces/srv/detail/rover_command__type_support.h
[4.920s] -- Up-to-date: /home/cam/projects/CubeRover/install/rover_interfaces/include/rover_interfaces/rover_interfaces/msg
[4.920s] -- Installing: /home/cam/projects/CubeRover/install/rover_interfaces/include/rover_interfaces/rover_interfaces/msg/telem_data.h
[4.920s] -- Up-to-date: /home/cam/projects/CubeRover/install/rover_interfaces/include/rover_interfaces/rover_interfaces/msg/detail
[4.920s] -- Installing: /home/cam/projects/CubeRover/install/rover_interfaces/include/rover_interfaces/rover_interfaces/msg/detail/telem_data__functions.c
[4.921s] -- Installing: /home/cam/projects/CubeRover/install/rover_interfaces/include/rover_interfaces/rover_interfaces/msg/detail/telem_data__struct.h
[4.921s] -- Installing: /home/cam/projects/CubeRover/install/rover_interfaces/include/rover_interfaces/rover_interfaces/msg/detail/telem_data__type_support.h
[4.921s] -- Installing: /home/cam/projects/CubeRover/install/rover_interfaces/include/rover_interfaces/rover_interfaces/msg/detail/telem_data__functions.h
[4.922s] -- Installing: /home/cam/projects/CubeRover/install/rover_interfaces/include/rover_interfaces/rover_interfaces/msg/detail/telem_data__description.c
[4.922s] -- Installing: /home/cam/projects/CubeRover/install/rover_interfaces/include/rover_interfaces/rover_interfaces/msg/detail/telem_data__type_support.c
[4.922s] -- Up-to-date: /home/cam/projects/CubeRover/install/rover_interfaces/include/rover_interfaces/rover_interfaces/msg/rosidl_generator_c__visibility_control.h
[4.922s] -- Up-to-date: /home/cam/projects/CubeRover/install/rover_interfaces/share/rover_interfaces/environment/library_path.sh
[4.922s] -- Up-to-date: /home/cam/projects/CubeRover/install/rover_interfaces/share/rover_interfaces/environment/library_path.dsv
[4.923s] -- Installing: /home/cam/projects/CubeRover/install/rover_interfaces/lib/librover_interfaces__rosidl_generator_c.so
[4.923s] -- Set non-toolchain portion of runtime path of "/home/cam/projects/CubeRover/install/rover_interfaces/lib/librover_interfaces__rosidl_generator_c.so" to ""
[4.923s] -- Up-to-date: /home/cam/projects/CubeRover/install/rover_interfaces/include/rover_interfaces/rover_interfaces
[4.923s] -- Up-to-date: /home/cam/projects/CubeRover/install/rover_interfaces/include/rover_interfaces/rover_interfaces/srv
[4.923s] -- Up-to-date: /home/cam/projects/CubeRover/install/rover_interfaces/include/rover_interfaces/rover_interfaces/srv/detail
[4.923s] -- Installing: /home/cam/projects/CubeRover/install/rover_interfaces/include/rover_interfaces/rover_interfaces/srv/detail/rover_command__rosidl_typesupport_fastrtps_c.h
[4.924s] -- Up-to-date: /home/cam/projects/CubeRover/install/rover_interfaces/include/rover_interfaces/rover_interfaces/msg
[4.924s] -- Up-to-date: /home/cam/projects/CubeRover/install/rover_interfaces/include/rover_interfaces/rover_interfaces/msg/rosidl_typesupport_fastrtps_c__visibility_control.h
[4.924s] -- Up-to-date: /home/cam/projects/CubeRover/install/rover_interfaces/include/rover_interfaces/rover_interfaces/msg/detail
[4.925s] -- Installing: /home/cam/projects/CubeRover/install/rover_interfaces/include/rover_interfaces/rover_interfaces/msg/detail/telem_data__rosidl_typesupport_fastrtps_c.h
[4.925s] -- Installing: /home/cam/projects/CubeRover/install/rover_interfaces/lib/librover_interfaces__rosidl_typesupport_fastrtps_c.so
[4.925s] -- Set non-toolchain portion of runtime path of "/home/cam/projects/CubeRover/install/rover_interfaces/lib/librover_interfaces__rosidl_typesupport_fastrtps_c.so" to ""
[4.925s] -- Up-to-date: /home/cam/projects/CubeRover/install/rover_interfaces/include/rover_interfaces/rover_interfaces
[4.925s] -- Up-to-date: /home/cam/projects/CubeRover/install/rover_interfaces/include/rover_interfaces/rover_interfaces/srv
[4.926s] -- Up-to-date: /home/cam/projects/CubeRover/install/rover_interfaces/include/rover_interfaces/rover_interfaces/srv/detail
[4.926s] -- Installing: /home/cam/projects/CubeRover/install/rover_interfaces/include/rover_interfaces/rover_interfaces/srv/detail/rover_command__type_support.c
[4.926s] -- Installing: /home/cam/projects/CubeRover/install/rover_interfaces/include/rover_interfaces/rover_interfaces/srv/detail/rover_command__rosidl_typesupport_introspection_c.h
[4.926s] -- Up-to-date: /home/cam/projects/CubeRover/install/rover_interfaces/include/rover_interfaces/rover_interfaces/msg
[4.927s] -- Up-to-date: /home/cam/projects/CubeRover/install/rover_interfaces/include/rover_interfaces/rover_interfaces/msg/rosidl_typesupport_introspection_c__visibility_control.h
[4.927s] -- Up-to-date: /home/cam/projects/CubeRover/install/rover_interfaces/include/rover_interfaces/rover_interfaces/msg/detail
[4.927s] -- Installing: /home/cam/projects/CubeRover/install/rover_interfaces/include/rover_interfaces/rover_interfaces/msg/detail/telem_data__rosidl_typesupport_introspection_c.h
[4.927s] -- Installing: /home/cam/projects/CubeRover/install/rover_interfaces/include/rover_interfaces/rover_interfaces/msg/detail/telem_data__type_support.c
[4.927s] -- Installing: /home/cam/projects/CubeRover/install/rover_interfaces/lib/librover_interfaces__rosidl_typesupport_introspection_c.so
[4.928s] -- Set non-toolchain portion of runtime path of "/home/cam/projects/CubeRover/install/rover_interfaces/lib/librover_interfaces__rosidl_typesupport_introspection_c.so" to ""
[4.928s] -- Installing: /home/cam/projects/CubeRover/install/rover_interfaces/lib/librover_interfaces__rosidl_typesupport_c.so
[4.928s] -- Set non-toolchain portion of runtime path of "/home/cam/projects/CubeRover/install/rover_interfaces/lib/librover_interfaces__rosidl_typesupport_c.so" to ""
[4.928s] -- Up-to-date: /home/cam/projects/CubeRover/install/rover_interfaces/include/rover_interfaces/rover_interfaces
[4.928s] -- Up-to-date: /home/cam/projects/CubeRover/install/rover_interfaces/include/rover_interfaces/rover_interfaces/srv
[4.928s] -- Installing: /home/cam/projects/CubeRover/install/rover_interfaces/include/rover_interfaces/rover_interfaces/srv/rover_command.hpp
[4.929s] -- Up-to-date: /home/cam/projects/CubeRover/install/rover_interfaces/include/rover_interfaces/rover_interfaces/srv/detail
[4.929s] -- Installing: /home/cam/projects/CubeRover/install/rover_interfaces/include/rover_interfaces/rover_interfaces/srv/detail/rover_command__builder.hpp
[4.929s] -- Installing: /home/cam/projects/CubeRover/install/rover_interfaces/include/rover_interfaces/rover_interfaces/srv/detail/rover_command__traits.hpp
[4.929s] -- Installing: /home/cam/projects/CubeRover/install/rover_interfaces/include/rover_interfaces/rover_interfaces/srv/detail/rover_command__struct.hpp
[4.929s] -- Installing: /home/cam/projects/CubeRover/install/rover_interfaces/include/rover_interfaces/rover_interfaces/srv/detail/rover_command__type_support.hpp
[4.929s] -- Up-to-date: /home/cam/projects/CubeRover/install/rover_interfaces/include/rover_interfaces/rover_interfaces/msg
[4.930s] -- Up-to-date: /home/cam/projects/CubeRover/install/rover_interfaces/include/rover_interfaces/rover_interfaces/msg/detail
[4.930s] -- Installing: /home/cam/projects/CubeRover/install/rover_interfaces/include/rover_interfaces/rover_interfaces/msg/detail/telem_data__type_support.hpp
[4.930s] -- Installing: /home/cam/projects/CubeRover/install/rover_interfaces/include/rover_interfaces/rover_interfaces/msg/detail/telem_data__traits.hpp
[4.931s] -- Installing: /home/cam/projects/CubeRover/install/rover_interfaces/include/rover_interfaces/rover_interfaces/msg/detail/telem_data__builder.hpp
[4.931s] -- Installing: /home/cam/projects/CubeRover/install/rover_interfaces/include/rover_interfaces/rover_interfaces/msg/detail/telem_data__struct.hpp
[4.931s] -- Installing: /home/cam/projects/CubeRover/install/rover_interfaces/include/rover_interfaces/rover_interfaces/msg/rosidl_generator_cpp__visibility_control.hpp
[4.931s] -- Installing: /home/cam/projects/CubeRover/install/rover_interfaces/include/rover_interfaces/rover_interfaces/msg/telem_data.hpp
[4.931s] -- Up-to-date: /home/cam/projects/CubeRover/install/rover_interfaces/include/rover_interfaces/rover_interfaces
[4.932s] -- Up-to-date: /home/cam/projects/CubeRover/install/rover_interfaces/include/rover_interfaces/rover_interfaces/srv
[4.932s] -- Up-to-date: /home/cam/projects/CubeRover/install/rover_interfaces/include/rover_interfaces/rover_interfaces/srv/detail
[4.932s] -- Up-to-date: /home/cam/projects/CubeRover/install/rover_interfaces/include/rover_interfaces/rover_interfaces/srv/detail/dds_fastrtps
[4.932s] -- Installing: /home/cam/projects/CubeRover/install/rover_interfaces/include/rover_interfaces/rover_interfaces/srv/detail/rover_command__rosidl_typesupport_fastrtps_cpp.hpp
[4.933s] -- Up-to-date: /home/cam/projects/CubeRover/install/rover_interfaces/include/rover_interfaces/rover_interfaces/msg
[4.933s] -- Up-to-date: /home/cam/projects/CubeRover/install/rover_interfaces/include/rover_interfaces/rover_interfaces/msg/detail
[4.933s] -- Up-to-date: /home/cam/projects/CubeRover/install/rover_interfaces/include/rover_interfaces/rover_interfaces/msg/detail/dds_fastrtps
[4.933s] -- Installing: /home/cam/projects/CubeRover/install/rover_interfaces/include/rover_interfaces/rover_interfaces/msg/detail/telem_data__rosidl_typesupport_fastrtps_cpp.hpp
[4.933s] -- Up-to-date: /home/cam/projects/CubeRover/install/rover_interfaces/include/rover_interfaces/rover_interfaces/msg/rosidl_typesupport_fastrtps_cpp__visibility_control.h
[4.933s] -- Installing: /home/cam/projects/CubeRover/install/rover_interfaces/lib/librover_interfaces__rosidl_typesupport_fastrtps_cpp.so
[4.934s] -- Set non-toolchain portion of runtime path of "/home/cam/projects/CubeRover/install/rover_interfaces/lib/librover_interfaces__rosidl_typesupport_fastrtps_cpp.so" to ""
[4.934s] -- Up-to-date: /home/cam/projects/CubeRover/install/rover_interfaces/include/rover_interfaces/rover_interfaces
[4.934s] -- Up-to-date: /home/cam/projects/CubeRover/install/rover_interfaces/include/rover_interfaces/rover_interfaces/srv
[4.934s] -- Up-to-date: /home/cam/projects/CubeRover/install/rover_interfaces/include/rover_interfaces/rover_interfaces/srv/detail
[4.934s] -- Installing: /home/cam/projects/CubeRover/install/rover_interfaces/include/rover_interfaces/rover_interfaces/srv/detail/rover_command__type_support.cpp
[4.935s] -- Installing: /home/cam/projects/CubeRover/install/rover_interfaces/include/rover_interfaces/rover_interfaces/srv/detail/rover_command__rosidl_typesupport_introspection_cpp.hpp
[4.935s] -- Up-to-date: /home/cam/projects/CubeRover/install/rover_interfaces/include/rover_interfaces/rover_interfaces/msg
[4.935s] -- Up-to-date: /home/cam/projects/CubeRover/install/rover_interfaces/include/rover_interfaces/rover_interfaces/msg/detail
[4.935s] -- Installing: /home/cam/projects/CubeRover/install/rover_interfaces/include/rover_interfaces/rover_interfaces/msg/detail/telem_data__type_support.cpp
[4.935s] -- Installing: /home/cam/projects/CubeRover/install/rover_interfaces/include/rover_interfaces/rover_interfaces/msg/detail/telem_data__rosidl_typesupport_introspection_cpp.hpp
[4.935s] -- Installing: /home/cam/projects/CubeRover/install/rover_interfaces/lib/librover_interfaces__rosidl_typesupport_introspection_cpp.so
[4.935s] -- Set non-toolchain portion of runtime path of "/home/cam/projects/CubeRover/install/rover_interfaces/lib/librover_interfaces__rosidl_typesupport_introspection_cpp.so" to ""
[4.935s] -- Installing: /home/cam/projects/CubeRover/install/rover_interfaces/lib/librover_interfaces__rosidl_typesupport_cpp.so
[4.935s] -- Set non-toolchain portion of runtime path of "/home/cam/projects/CubeRover/install/rover_interfaces/lib/librover_interfaces__rosidl_typesupport_cpp.so" to ""
[4.935s] -- Up-to-date: /home/cam/projects/CubeRover/install/rover_interfaces/share/rover_interfaces/environment/pythonpath.sh
[4.935s] -- Up-to-date: /home/cam/projects/CubeRover/install/rover_interfaces/share/rover_interfaces/environment/pythonpath.dsv
[4.935s] -- Up-to-date: /home/cam/projects/CubeRover/install/rover_interfaces/lib/python3.12/site-packages/rover_interfaces-0.0.0-py3.12.egg-info
[4.936s] -- Installing: /home/cam/projects/CubeRover/install/rover_interfaces/lib/python3.12/site-packages/rover_interfaces-0.0.0-py3.12.egg-info/PKG-INFO
[4.936s] -- Installing: /home/cam/projects/CubeRover/install/rover_interfaces/lib/python3.12/site-packages/rover_interfaces-0.0.0-py3.12.egg-info/SOURCES.txt
[4.936s] -- Installing: /home/cam/projects/CubeRover/install/rover_interfaces/lib/python3.12/site-packages/rover_interfaces-0.0.0-py3.12.egg-info/dependency_links.txt
[4.936s] -- Installing: /home/cam/projects/CubeRover/install/rover_interfaces/lib/python3.12/site-packages/rover_interfaces-0.0.0-py3.12.egg-info/top_level.txt
[4.936s] -- Up-to-date: /home/cam/projects/CubeRover/install/rover_interfaces/lib/python3.12/site-packages/rover_interfaces
[4.936s] -- Installing: /home/cam/projects/CubeRover/install/rover_interfaces/lib/python3.12/site-packages/rover_interfaces/__init__.py
[4.936s] -- Installing: /home/cam/projects/CubeRover/install/rover_interfaces/lib/python3.12/site-packages/rover_interfaces/rover_interfaces_s__rosidl_typesupport_c.so
[4.936s] -- Installing: /home/cam/projects/CubeRover/install/rover_interfaces/lib/python3.12/site-packages/rover_interfaces/rover_interfaces_s__rosidl_typesupport_introspection_c.so
[4.936s] -- Installing: /home/cam/projects/CubeRover/install/rover_interfaces/lib/python3.12/site-packages/rover_interfaces/_rover_interfaces_s.ep.rosidl_typesupport_c.c
[4.936s] -- Installing: /home/cam/projects/CubeRover/install/rover_interfaces/lib/python3.12/site-packages/rover_interfaces/_rover_interfaces_s.ep.rosidl_typesupport_introspection_c.c
[4.936s] -- Up-to-date: /home/cam/projects/CubeRover/install/rover_interfaces/lib/python3.12/site-packages/rover_interfaces/srv
[4.936s] -- Installing: /home/cam/projects/CubeRover/install/rover_interfaces/lib/python3.12/site-packages/rover_interfaces/srv/__init__.py
[4.936s] -- Installing: /home/cam/projects/CubeRover/install/rover_interfaces/lib/python3.12/site-packages/rover_interfaces/srv/_rover_command.py
[4.936s] -- Installing: /home/cam/projects/CubeRover/install/rover_interfaces/lib/python3.12/site-packages/rover_interfaces/srv/_rover_command_s.c
[4.936s] -- Installing: /home/cam/projects/CubeRover/install/rover_interfaces/lib/python3.12/site-packages/rover_interfaces/_rover_interfaces_s.ep.rosidl_typesupport_fastrtps_c.c
[4.936s] -- Installing: /home/cam/projects/CubeRover/install/rover_interfaces/lib/python3.12/site-packages/rover_interfaces/rover_interfaces_s__rosidl_typesupport_fastrtps_c.so
[4.936s] -- Up-to-date: /home/cam/projects/CubeRover/install/rover_interfaces/lib/python3.12/site-packages/rover_interfaces/msg
[4.936s] -- Installing: /home/cam/projects/CubeRover/install/rover_interfaces/lib/python3.12/site-packages/rover_interfaces/msg/__init__.py
[4.936s] -- Installing: /home/cam/projects/CubeRover/install/rover_interfaces/lib/python3.12/site-packages/rover_interfaces/msg/_telem_data_s.c
[4.936s] -- Installing: /home/cam/projects/CubeRover/install/rover_interfaces/lib/python3.12/site-packages/rover_interfaces/msg/_telem_data.py
[4.970s] Listing '/home/cam/projects/CubeRover/install/rover_interfaces/lib/python3.12/site-packages/rover_interfaces'...
[4.970s] Compiling '/home/cam/projects/CubeRover/install/rover_interfaces/lib/python3.12/site-packages/rover_interfaces/__init__.py'...
[4.970s] Listing '/home/cam/projects/CubeRover/install/rover_interfaces/lib/python3.12/site-packages/rover_interfaces/msg'...
[4.970s] Compiling '/home/cam/projects/CubeRover/install/rover_interfaces/lib/python3.12/site-packages/rover_interfaces/msg/__init__.py'...
[4.970s] Compiling '/home/cam/projects/CubeRover/install/rover_interfaces/lib/python3.12/site-packages/rover_interfaces/msg/_telem_data.py'...
[4.970s] Listing '/home/cam/projects/CubeRover/install/rover_interfaces/lib/python3.12/site-packages/rover_interfaces/srv'...
[4.970s] Compiling '/home/cam/projects/CubeRover/install/rover_interfaces/lib/python3.12/site-packages/rover_interfaces/srv/__init__.py'...
[4.970s] Compiling '/home/cam/projects/CubeRover/install/rover_interfaces/lib/python3.12/site-packages/rover_interfaces/srv/_rover_command.py'...
[4.975s] -- Installing: /home/cam/projects/CubeRover/install/rover_interfaces/lib/python3.12/site-packages/rover_interfaces/rover_interfaces_s__rosidl_typesupport_fastrtps_c.so
[4.975s] -- Set non-toolchain portion of runtime path of "/home/cam/projects/CubeRover/install/rover_interfaces/lib/python3.12/site-packages/rover_interfaces/rover_interfaces_s__rosidl_typesupport_fastrtps_c.so" to ""
[4.975s] -- Installing: /home/cam/projects/CubeRover/install/rover_interfaces/lib/python3.12/site-packages/rover_interfaces/rover_interfaces_s__rosidl_typesupport_introspection_c.so
[4.975s] -- Set non-toolchain portion of runtime path of "/home/cam/projects/CubeRover/install/rover_interfaces/lib/python3.12/site-packages/rover_interfaces/rover_interfaces_s__rosidl_typesupport_introspection_c.so" to ""
[4.976s] -- Installing: /home/cam/projects/CubeRover/install/rover_interfaces/lib/python3.12/site-packages/rover_interfaces/rover_interfaces_s__rosidl_typesupport_c.so
[4.976s] -- Set non-toolchain portion of runtime path of "/home/cam/projects/CubeRover/install/rover_interfaces/lib/python3.12/site-packages/rover_interfaces/rover_interfaces_s__rosidl_typesupport_c.so" to ""
[4.976s] -- Installing: /home/cam/projects/CubeRover/install/rover_interfaces/lib/librover_interfaces__rosidl_generator_py.so
[4.977s] -- Set non-toolchain portion of runtime path of "/home/cam/projects/CubeRover/install/rover_interfaces/lib/librover_interfaces__rosidl_generator_py.so" to ""
[4.977s] -- Up-to-date: /home/cam/projects/CubeRover/install/rover_interfaces/share/rover_interfaces/msg/TelemData.idl
[4.977s] -- Installing: /home/cam/projects/CubeRover/install/rover_interfaces/share/rover_interfaces/srv/RoverCommand.idl
[4.977s] -- Up-to-date: /home/cam/projects/CubeRover/install/rover_interfaces/share/rover_interfaces/msg/TelemData.msg
[4.977s] -- Installing: /home/cam/projects/CubeRover/install/rover_interfaces/share/rover_interfaces/srv/RoverCommand.srv
[4.977s] -- Up-to-date: /home/cam/projects/CubeRover/install/rover_interfaces/share/ament_index/resource_index/package_run_dependencies/rover_interfaces
[4.978s] -- Up-to-date: /home/cam/projects/CubeRover/install/rover_interfaces/share/ament_index/resource_index/parent_prefix_path/rover_interfaces
[4.978s] -- Up-to-date: /home/cam/projects/CubeRover/install/rover_interfaces/share/rover_interfaces/environment/ament_prefix_path.sh
[4.978s] -- Up-to-date: /home/cam/projects/CubeRover/install/rover_interfaces/share/rover_interfaces/environment/ament_prefix_path.dsv
[4.978s] -- Up-to-date: /home/cam/projects/CubeRover/install/rover_interfaces/share/rover_interfaces/environment/path.sh
[4.979s] -- Up-to-date: /home/cam/projects/CubeRover/install/rover_interfaces/share/rover_interfaces/environment/path.dsv
[4.979s] -- Up-to-date: /home/cam/projects/CubeRover/install/rover_interfaces/share/rover_interfaces/local_setup.bash
[4.979s] -- Up-to-date: /home/cam/projects/CubeRover/install/rover_interfaces/share/rover_interfaces/local_setup.sh
[4.979s] -- Up-to-date: /home/cam/projects/CubeRover/install/rover_interfaces/share/rover_interfaces/local_setup.zsh
[4.979s] -- Up-to-date: /home/cam/projects/CubeRover/install/rover_interfaces/share/rover_interfaces/local_setup.dsv
[4.980s] -- Installing: /home/cam/projects/CubeRover/install/rover_interfaces/share/rover_interfaces/package.dsv
[4.980s] -- Up-to-date: /home/cam/projects/CubeRover/install/rover_interfaces/share/ament_index/resource_index/packages/rover_interfaces
[4.980s] -- Up-to-date: /home/cam/projects/CubeRover/install/rover_interfaces/share/rover_interfaces/cmake/export_rover_interfaces__rosidl_generator_cExport.cmake
[4.980s] -- Up-to-date: /home/cam/projects/CubeRover/install/rover_interfaces/share/rover_interfaces/cmake/export_rover_interfaces__rosidl_generator_cExport-noconfig.cmake
[4.980s] -- Up-to-date: /home/cam/projects/CubeRover/install/rover_interfaces/share/rover_interfaces/cmake/export_rover_interfaces__rosidl_typesupport_fastrtps_cExport.cmake
[4.981s] -- Up-to-date: /home/cam/projects/CubeRover/install/rover_interfaces/share/rover_interfaces/cmake/export_rover_interfaces__rosidl_typesupport_fastrtps_cExport-noconfig.cmake
[4.981s] -- Up-to-date: /home/cam/projects/CubeRover/install/rover_interfaces/share/rover_interfaces/cmake/rover_interfaces__rosidl_typesupport_introspection_cExport.cmake
[4.981s] -- Up-to-date: /home/cam/projects/CubeRover/install/rover_interfaces/share/rover_interfaces/cmake/rover_interfaces__rosidl_typesupport_introspection_cExport-noconfig.cmake
[4.981s] -- Up-to-date: /home/cam/projects/CubeRover/install/rover_interfaces/share/rover_interfaces/cmake/rover_interfaces__rosidl_typesupport_cExport.cmake
[4.981s] -- Up-to-date: /home/cam/projects/CubeRover/install/rover_interfaces/share/rover_interfaces/cmake/rover_interfaces__rosidl_typesupport_cExport-noconfig.cmake
[4.981s] -- Up-to-date: /home/cam/projects/CubeRover/install/rover_interfaces/share/rover_interfaces/cmake/export_rover_interfaces__rosidl_generator_cppExport.cmake
[4.981s] -- Up-to-date: /home/cam/projects/CubeRover/install/rover_interfaces/share/rover_interfaces/cmake/export_rover_interfaces__rosidl_typesupport_fastrtps_cppExport.cmake
[4.981s] -- Up-to-date: /home/cam/projects/CubeRover/install/rover_interfaces/share/rover_interfaces/cmake/export_rover_interfaces__rosidl_typesupport_fastrtps_cppExport-noconfig.cmake
[4.981s] -- Up-to-date: /home/cam/projects/CubeRover/install/rover_interfaces/share/rover_interfaces/cmake/rover_interfaces__rosidl_typesupport_introspection_cppExport.cmake
[4.981s] -- Up-to-date: /home/cam/projects/CubeRover/install/rover_interfaces/share/rover_interfaces/cmake/rover_interfaces__rosidl_typesupport_introspection_cppExport-noconfig.cmake
[4.981s] -- Up-to-date: /home/cam/projects/CubeRover/install/rover_interfaces/share/rover_interfaces/cmake/rover_interfaces__rosidl_typesupport_cppExport.cmake
[4.981s] -- Up-to-date: /home/cam/projects/CubeRover/install/rover_interfaces/share/rover_interfaces/cmake/rover_interfaces__rosidl_typesupport_cppExport-noconfig.cmake
[4.981s] -- Up-to-date: /home/cam/projects/CubeRover/install/rover_interfaces/share/rover_interfaces/cmake/export_rover_interfaces__rosidl_generator_pyExport.cmake
[4.981s] -- Up-to-date: /home/cam/projects/CubeRover/install/rover_interfaces/share/rover_interfaces/cmake/export_rover_interfaces__rosidl_generator_pyExport-noconfig.cmake
[4.981s] -- Up-to-date: /home/cam/projects/CubeRover/install/rover_interfaces/share/rover_interfaces/cmake/rosidl_cmake-extras.cmake
[4.982s] -- Up-to-date: /home/cam/projects/CubeRover/install/rover_interfaces/share/rover_interfaces/cmake/ament_cmake_export_dependencies-extras.cmake
[4.983s] -- Up-to-date: /home/cam/projects/CubeRover/install/rover_interfaces/share/rover_interfaces/cmake/ament_cmake_export_include_directories-extras.cmake
[4.983s] -- Up-to-date: /home/cam/projects/CubeRover/install/rover_interfaces/share/rover_interfaces/cmake/ament_cmake_export_libraries-extras.cmake
[4.983s] -- Up-to-date: /home/cam/projects/CubeRover/install/rover_interfaces/share/rover_interfaces/cmake/ament_cmake_export_targets-extras.cmake
[4.983s] -- Up-to-date: /home/cam/projects/CubeRover/install/rover_interfaces/share/rover_interfaces/cmake/rosidl_cmake_export_typesupport_targets-extras.cmake
[4.983s] -- Up-to-date: /home/cam/projects/CubeRover/install/rover_interfaces/share/rover_interfaces/cmake/rosidl_cmake_export_typesupport_libraries-extras.cmake
[4.984s] -- Up-to-date: /home/cam/projects/CubeRover/install/rover_interfaces/share/rover_interfaces/cmake/rover_interfacesConfig.cmake
[4.984s] -- Up-to-date: /home/cam/projects/CubeRover/install/rover_interfaces/share/rover_interfaces/cmake/rover_interfacesConfig-version.cmake
[4.984s] -- Up-to-date: /home/cam/projects/CubeRover/install/rover_interfaces/share/rover_interfaces/package.xml
[4.985s] Invoked command in '/home/cam/projects/CubeRover/build/rover_interfaces' returned '0': CMAKE_PREFIX_PATH=${CMAKE_PREFIX_PATH}:/home/cam/projects/CubeRover/install/pi_controller:/opt/ros/jazzy PS1=(venv) \[\e]0;\u@\h: \w\a\]${debian_chroot:+($debian_chroot)}\[\033[01;32m\]\u@\h\[\033[00m\]:\[\033[01;34m\]\w\[\033[00m\]\$ /usr/bin/cmake --install /home/cam/projects/CubeRover/build/rover_interfaces
