[0.626s] DEBUG:colcon:Command line arguments: ['/home/cam/projects/CubeRover/venv/bin/colcon', 'build']
[0.626s] DEBUG:colcon:Parsed command line arguments: Namespace(log_base=None, log_level=None, verb_name='build', build_base='build', install_base='install', merge_install=False, symlink_install=False, test_result_base=None, continue_on_error=False, executor='parallel', parallel_workers=16, event_handlers=None, ignore_user_meta=False, metas=['./colcon.meta'], base_paths=['.'], packages_ignore=None, packages_ignore_regex=None, paths=None, packages_up_to=None, packages_up_to_regex=None, packages_above=None, packages_above_and_dependencies=None, packages_above_depth=None, packages_select_by_dep=None, packages_skip_by_dep=None, packages_skip_up_to=None, packages_select_build_failed=False, packages_skip_build_finished=False, packages_select_test_failures=False, packages_skip_test_passed=False, packages_select=None, packages_skip=None, packages_select_regex=None, packages_skip_regex=None, packages_start=None, packages_end=None, cmake_args=None, cmake_target=None, cmake_target_skip_unavailable=False, cmake_clean_cache=False, cmake_clean_first=False, cmake_force_configure=False, ament_cmake_args=None, catkin_cmake_args=None, catkin_skip_building_tests=False, verb_parser=<colcon_defaults.argument_parser.defaults.DefaultArgumentsDecorator object at 0x7cbbdb0a8620>, verb_extension=<colcon_core.verb.build.BuildVerb object at 0x7cbbdb0a8260>, main=<bound method BuildVerb.main of <colcon_core.verb.build.BuildVerb object at 0x7cbbdb0a8260>>)
[0.721s] Level 1:colcon.colcon_core.package_discovery:discover_packages(colcon_meta) check parameters
[0.721s] Level 1:colcon.colcon_core.package_discovery:discover_packages(recursive) check parameters
[0.721s] Level 1:colcon.colcon_core.package_discovery:discover_packages(ignore) check parameters
[0.721s] Level 1:colcon.colcon_core.package_discovery:discover_packages(path) check parameters
[0.721s] Level 1:colcon.colcon_core.package_discovery:discover_packages(colcon_meta) discover
[0.721s] Level 1:colcon.colcon_core.package_discovery:discover_packages(recursive) discover
[0.721s] INFO:colcon.colcon_core.package_discovery:Crawling recursively for packages in '/home/cam/projects/CubeRover'
[0.721s] Level 1:colcon.colcon_core.package_identification:_identify(.) by extensions ['ignore', 'ignore_ament_install']
[0.721s] Level 1:colcon.colcon_core.package_identification:_identify(.) by extension 'ignore'
[0.721s] Level 1:colcon.colcon_core.package_identification:_identify(.) by extension 'ignore_ament_install'
[0.721s] Level 1:colcon.colcon_core.package_identification:_identify(.) by extensions ['colcon_pkg']
[0.721s] Level 1:colcon.colcon_core.package_identification:_identify(.) by extension 'colcon_pkg'
[0.721s] Level 1:colcon.colcon_core.package_identification:_identify(.) by extensions ['colcon_meta']
[0.721s] Level 1:colcon.colcon_core.package_identification:_identify(.) by extension 'colcon_meta'
[0.721s] Level 1:colcon.colcon_core.package_identification:_identify(.) by extensions ['ros']
[0.721s] Level 1:colcon.colcon_core.package_identification:_identify(.) by extension 'ros'
[0.763s] Level 1:colcon.colcon_core.package_identification:_identify(.) by extensions ['cmake', 'python']
[0.764s] Level 1:colcon.colcon_core.package_identification:_identify(.) by extension 'cmake'
[0.764s] Level 1:colcon.colcon_core.package_identification:_identify(.) by extension 'python'
[0.764s] Level 1:colcon.colcon_core.package_identification:_identify(.) by extensions ['python_setup_py']
[0.764s] Level 1:colcon.colcon_core.package_identification:_identify(.) by extension 'python_setup_py'
[0.764s] Level 1:colcon.colcon_core.package_identification:_identify(build) by extensions ['ignore', 'ignore_ament_install']
[0.765s] Level 1:colcon.colcon_core.package_identification:_identify(build) by extension 'ignore'
[0.765s] Level 1:colcon.colcon_core.package_identification:_identify(build) ignored
[0.765s] Level 1:colcon.colcon_core.package_identification:_identify(install) by extensions ['ignore', 'ignore_ament_install']
[0.765s] Level 1:colcon.colcon_core.package_identification:_identify(install) by extension 'ignore'
[0.766s] Level 1:colcon.colcon_core.package_identification:_identify(install) ignored
[0.766s] Level 1:colcon.colcon_core.package_identification:_identify(log) by extensions ['ignore', 'ignore_ament_install']
[0.766s] Level 1:colcon.colcon_core.package_identification:_identify(log) by extension 'ignore'
[0.766s] Level 1:colcon.colcon_core.package_identification:_identify(log) ignored
[0.766s] Level 1:colcon.colcon_core.package_identification:_identify(src) by extensions ['ignore', 'ignore_ament_install']
[0.766s] Level 1:colcon.colcon_core.package_identification:_identify(src) by extension 'ignore'
[0.766s] Level 1:colcon.colcon_core.package_identification:_identify(src) by extension 'ignore_ament_install'
[0.766s] Level 1:colcon.colcon_core.package_identification:_identify(src) by extensions ['colcon_pkg']
[0.766s] Level 1:colcon.colcon_core.package_identification:_identify(src) by extension 'colcon_pkg'
[0.766s] Level 1:colcon.colcon_core.package_identification:_identify(src) by extensions ['colcon_meta']
[0.766s] Level 1:colcon.colcon_core.package_identification:_identify(src) by extension 'colcon_meta'
[0.766s] Level 1:colcon.colcon_core.package_identification:_identify(src) by extensions ['ros']
[0.766s] Level 1:colcon.colcon_core.package_identification:_identify(src) by extension 'ros'
[0.766s] Level 1:colcon.colcon_core.package_identification:_identify(src) by extensions ['cmake', 'python']
[0.766s] Level 1:colcon.colcon_core.package_identification:_identify(src) by extension 'cmake'
[0.766s] Level 1:colcon.colcon_core.package_identification:_identify(src) by extension 'python'
[0.766s] Level 1:colcon.colcon_core.package_identification:_identify(src) by extensions ['python_setup_py']
[0.766s] Level 1:colcon.colcon_core.package_identification:_identify(src) by extension 'python_setup_py'
[0.767s] Level 1:colcon.colcon_core.package_identification:_identify(src/pi_controller) by extensions ['ignore', 'ignore_ament_install']
[0.767s] Level 1:colcon.colcon_core.package_identification:_identify(src/pi_controller) by extension 'ignore'
[0.767s] Level 1:colcon.colcon_core.package_identification:_identify(src/pi_controller) by extension 'ignore_ament_install'
[0.767s] Level 1:colcon.colcon_core.package_identification:_identify(src/pi_controller) by extensions ['colcon_pkg']
[0.767s] Level 1:colcon.colcon_core.package_identification:_identify(src/pi_controller) by extension 'colcon_pkg'
[0.767s] Level 1:colcon.colcon_core.package_identification:_identify(src/pi_controller) by extensions ['colcon_meta']
[0.767s] Level 1:colcon.colcon_core.package_identification:_identify(src/pi_controller) by extension 'colcon_meta'
[0.767s] Level 1:colcon.colcon_core.package_identification:_identify(src/pi_controller) by extensions ['ros']
[0.767s] Level 1:colcon.colcon_core.package_identification:_identify(src/pi_controller) by extension 'ros'
[0.772s] DEBUG:colcon.colcon_core.package_identification:Package 'src/pi_controller' with type 'ros.ament_python' and name 'pi_controller'
[0.772s] Level 1:colcon.colcon_core.package_identification:_identify(src/rover_interfaces) by extensions ['ignore', 'ignore_ament_install']
[0.772s] Level 1:colcon.colcon_core.package_identification:_identify(src/rover_interfaces) by extension 'ignore'
[0.772s] Level 1:colcon.colcon_core.package_identification:_identify(src/rover_interfaces) by extension 'ignore_ament_install'
[0.772s] Level 1:colcon.colcon_core.package_identification:_identify(src/rover_interfaces) by extensions ['colcon_pkg']
[0.772s] Level 1:colcon.colcon_core.package_identification:_identify(src/rover_interfaces) by extension 'colcon_pkg'
[0.772s] Level 1:colcon.colcon_core.package_identification:_identify(src/rover_interfaces) by extensions ['colcon_meta']
[0.772s] Level 1:colcon.colcon_core.package_identification:_identify(src/rover_interfaces) by extension 'colcon_meta'
[0.772s] Level 1:colcon.colcon_core.package_identification:_identify(src/rover_interfaces) by extensions ['ros']
[0.772s] Level 1:colcon.colcon_core.package_identification:_identify(src/rover_interfaces) by extension 'ros'
[0.773s] DEBUG:colcon.colcon_core.package_identification:Package 'src/rover_interfaces' with type 'ros.ament_cmake' and name 'rover_interfaces'
[0.773s] Level 1:colcon.colcon_core.package_identification:_identify(venv) by extensions ['ignore', 'ignore_ament_install']
[0.773s] Level 1:colcon.colcon_core.package_identification:_identify(venv) by extension 'ignore'
[0.773s] Level 1:colcon.colcon_core.package_identification:_identify(venv) ignored
[0.773s] Level 1:colcon.colcon_core.package_discovery:discover_packages(recursive) using defaults
[0.773s] Level 1:colcon.colcon_core.package_discovery:discover_packages(ignore) discover
[0.774s] Level 1:colcon.colcon_core.package_discovery:discover_packages(ignore) using defaults
[0.774s] Level 1:colcon.colcon_core.package_discovery:discover_packages(path) discover
[0.774s] Level 1:colcon.colcon_core.package_discovery:discover_packages(path) using defaults
[0.798s] Level 5:colcon.colcon_core.verb:set package 'pi_controller' build argument 'cmake_args' from command line to 'None'
[0.798s] Level 5:colcon.colcon_core.verb:set package 'pi_controller' build argument 'cmake_target' from command line to 'None'
[0.798s] Level 5:colcon.colcon_core.verb:set package 'pi_controller' build argument 'cmake_target_skip_unavailable' from command line to 'False'
[0.798s] Level 5:colcon.colcon_core.verb:set package 'pi_controller' build argument 'cmake_clean_cache' from command line to 'False'
[0.798s] Level 5:colcon.colcon_core.verb:set package 'pi_controller' build argument 'cmake_clean_first' from command line to 'False'
[0.798s] Level 5:colcon.colcon_core.verb:set package 'pi_controller' build argument 'cmake_force_configure' from command line to 'False'
[0.798s] Level 5:colcon.colcon_core.verb:set package 'pi_controller' build argument 'ament_cmake_args' from command line to 'None'
[0.798s] Level 5:colcon.colcon_core.verb:set package 'pi_controller' build argument 'catkin_cmake_args' from command line to 'None'
[0.799s] Level 5:colcon.colcon_core.verb:set package 'pi_controller' build argument 'catkin_skip_building_tests' from command line to 'False'
[0.799s] DEBUG:colcon.colcon_core.verb:Building package 'pi_controller' with the following arguments: {'ament_cmake_args': None, 'build_base': '/home/cam/projects/CubeRover/build/pi_controller', 'catkin_cmake_args': None, 'catkin_skip_building_tests': False, 'cmake_args': None, 'cmake_clean_cache': False, 'cmake_clean_first': False, 'cmake_force_configure': False, 'cmake_target': None, 'cmake_target_skip_unavailable': False, 'install_base': '/home/cam/projects/CubeRover/install/pi_controller', 'merge_install': False, 'path': '/home/cam/projects/CubeRover/src/pi_controller', 'symlink_install': False, 'test_result_base': None}
[0.799s] Level 5:colcon.colcon_core.verb:set package 'rover_interfaces' build argument 'cmake_args' from command line to 'None'
[0.799s] Level 5:colcon.colcon_core.verb:set package 'rover_interfaces' build argument 'cmake_target' from command line to 'None'
[0.799s] Level 5:colcon.colcon_core.verb:set package 'rover_interfaces' build argument 'cmake_target_skip_unavailable' from command line to 'False'
[0.799s] Level 5:colcon.colcon_core.verb:set package 'rover_interfaces' build argument 'cmake_clean_cache' from command line to 'False'
[0.799s] Level 5:colcon.colcon_core.verb:set package 'rover_interfaces' build argument 'cmake_clean_first' from command line to 'False'
[0.799s] Level 5:colcon.colcon_core.verb:set package 'rover_interfaces' build argument 'cmake_force_configure' from command line to 'False'
[0.799s] Level 5:colcon.colcon_core.verb:set package 'rover_interfaces' build argument 'ament_cmake_args' from command line to 'None'
[0.799s] Level 5:colcon.colcon_core.verb:set package 'rover_interfaces' build argument 'catkin_cmake_args' from command line to 'None'
[0.799s] Level 5:colcon.colcon_core.verb:set package 'rover_interfaces' build argument 'catkin_skip_building_tests' from command line to 'False'
[0.799s] DEBUG:colcon.colcon_core.verb:Building package 'rover_interfaces' with the following arguments: {'ament_cmake_args': None, 'build_base': '/home/cam/projects/CubeRover/build/rover_interfaces', 'catkin_cmake_args': None, 'catkin_skip_building_tests': False, 'cmake_args': None, 'cmake_clean_cache': False, 'cmake_clean_first': False, 'cmake_force_configure': False, 'cmake_target': None, 'cmake_target_skip_unavailable': False, 'install_base': '/home/cam/projects/CubeRover/install/rover_interfaces', 'merge_install': False, 'path': '/home/cam/projects/CubeRover/src/rover_interfaces', 'symlink_install': False, 'test_result_base': None}
[0.799s] INFO:colcon.colcon_core.executor:Executing jobs using 'parallel' executor
[0.801s] DEBUG:colcon.colcon_parallel_executor.executor.parallel:run_until_complete
[0.801s] INFO:colcon.colcon_ros.task.ament_python.build:Building ROS package in '/home/cam/projects/CubeRover/src/pi_controller' with build type 'ament_python'
[0.801s] Level 1:colcon.colcon_core.shell:create_environment_hook('pi_controller', 'ament_prefix_path')
[0.810s] INFO:colcon.colcon_core.plugin_system:Skipping extension 'colcon_core.shell.bat': Not used on non-Windows systems
[0.811s] INFO:colcon.colcon_core.shell:Creating environment hook '/home/cam/projects/CubeRover/install/pi_controller/share/pi_controller/hook/ament_prefix_path.ps1'
[0.813s] INFO:colcon.colcon_core.shell:Creating environment descriptor '/home/cam/projects/CubeRover/install/pi_controller/share/pi_controller/hook/ament_prefix_path.dsv'
[0.815s] INFO:colcon.colcon_core.shell:Creating environment hook '/home/cam/projects/CubeRover/install/pi_controller/share/pi_controller/hook/ament_prefix_path.sh'
[0.816s] INFO:colcon.colcon_core.shell:Skip shell extension 'powershell' for command environment: Not usable outside of PowerShell
[0.816s] DEBUG:colcon.colcon_core.shell:Skip shell extension 'dsv' for command environment
[0.829s] INFO:colcon.colcon_ros.task.ament_cmake.build:Building ROS package in '/home/cam/projects/CubeRover/src/rover_interfaces' with build type 'ament_cmake'
[0.829s] INFO:colcon.colcon_cmake.task.cmake.build:Building CMake package in '/home/cam/projects/CubeRover/src/rover_interfaces'
[0.830s] INFO:colcon.colcon_core.shell:Skip shell extension 'powershell' for command environment: Not usable outside of PowerShell
[0.830s] DEBUG:colcon.colcon_core.shell:Skip shell extension 'dsv' for command environment
[1.040s] INFO:colcon.colcon_core.task.python.build:Building Python package in '/home/cam/projects/CubeRover/src/pi_controller'
[1.040s] INFO:colcon.colcon_core.shell:Skip shell extension 'powershell' for command environment: Not usable outside of PowerShell
[1.040s] DEBUG:colcon.colcon_core.shell:Skip shell extension 'dsv' for command environment
[1.049s] DEBUG:colcon.colcon_core.event_handler.log_command:Invoking command in '/home/cam/projects/CubeRover/build/rover_interfaces': CMAKE_PREFIX_PATH=${CMAKE_PREFIX_PATH}:/home/cam/projects/CubeRover/install/pi_controller:/opt/ros/jazzy PS1=(venv) \[\e]0;\u@\h: \w\a\]${debian_chroot:+($debian_chroot)}\[\033[01;32m\]\u@\h\[\033[00m\]:\[\033[01;34m\]\w\[\033[00m\]\$ /usr/bin/cmake --build /home/cam/projects/CubeRover/build/rover_interfaces -- -j16 -l16
[1.598s] DEBUG:colcon.colcon_core.event_handler.log_command:Invoking command in '/home/cam/projects/CubeRover/src/pi_controller': PS1=(venv) \[\e]0;\u@\h: \w\a\]${debian_chroot:+($debian_chroot)}\[\033[01;32m\]\u@\h\[\033[00m\]:\[\033[01;34m\]\w\[\033[00m\]\$ PYTHONPATH=/home/cam/projects/CubeRover/build/pi_controller/prefix_override:/home/cam/projects/CubeRover/venv/lib/python3.12/site-packages/colcon_core/task/python/colcon_distutils_commands:/home/cam/projects/CubeRover/install/pi_controller/lib/python3.12/site-packages:${PYTHONPATH} /home/cam/projects/CubeRover/venv/bin/python -W ignore:setup.py install is deprecated -W ignore:easy_install command is deprecated setup.py egg_info --egg-base ../../build/pi_controller build --build-base /home/cam/projects/CubeRover/build/pi_controller/build install --record /home/cam/projects/CubeRover/build/pi_controller/install.log --single-version-externally-managed install_data
[1.733s] DEBUG:colcon.colcon_core.event_handler.log_command:Invoked command in '/home/cam/projects/CubeRover/build/rover_interfaces' returned '0': CMAKE_PREFIX_PATH=${CMAKE_PREFIX_PATH}:/home/cam/projects/CubeRover/install/pi_controller:/opt/ros/jazzy PS1=(venv) \[\e]0;\u@\h: \w\a\]${debian_chroot:+($debian_chroot)}\[\033[01;32m\]\u@\h\[\033[00m\]:\[\033[01;34m\]\w\[\033[00m\]\$ /usr/bin/cmake --build /home/cam/projects/CubeRover/build/rover_interfaces -- -j16 -l16
[1.747s] DEBUG:colcon.colcon_core.event_handler.log_command:Invoking command in '/home/cam/projects/CubeRover/build/rover_interfaces': CMAKE_PREFIX_PATH=${CMAKE_PREFIX_PATH}:/home/cam/projects/CubeRover/install/pi_controller:/opt/ros/jazzy PS1=(venv) \[\e]0;\u@\h: \w\a\]${debian_chroot:+($debian_chroot)}\[\033[01;32m\]\u@\h\[\033[00m\]:\[\033[01;34m\]\w\[\033[00m\]\$ /usr/bin/cmake --install /home/cam/projects/CubeRover/build/rover_interfaces
[1.859s] Level 1:colcon.colcon_core.environment:create_environment_scripts_only(rover_interfaces)
[1.860s] DEBUG:colcon.colcon_core.event_handler.log_command:Invoked command in '/home/cam/projects/CubeRover/build/rover_interfaces' returned '0': CMAKE_PREFIX_PATH=${CMAKE_PREFIX_PATH}:/home/cam/projects/CubeRover/install/pi_controller:/opt/ros/jazzy PS1=(venv) \[\e]0;\u@\h: \w\a\]${debian_chroot:+($debian_chroot)}\[\033[01;32m\]\u@\h\[\033[00m\]:\[\033[01;34m\]\w\[\033[00m\]\$ /usr/bin/cmake --install /home/cam/projects/CubeRover/build/rover_interfaces
[1.870s] Level 1:colcon.colcon_core.environment:checking '/home/cam/projects/CubeRover/install/rover_interfaces' for CMake module files
[1.871s] Level 1:colcon.colcon_core.environment:checking '/home/cam/projects/CubeRover/install/rover_interfaces' for CMake config files
[1.873s] Level 1:colcon.colcon_core.shell:create_environment_hook('rover_interfaces', 'cmake_prefix_path')
[1.873s] INFO:colcon.colcon_core.shell:Creating environment hook '/home/cam/projects/CubeRover/install/rover_interfaces/share/rover_interfaces/hook/cmake_prefix_path.ps1'
[1.874s] INFO:colcon.colcon_core.shell:Creating environment descriptor '/home/cam/projects/CubeRover/install/rover_interfaces/share/rover_interfaces/hook/cmake_prefix_path.dsv'
[1.874s] INFO:colcon.colcon_core.shell:Creating environment hook '/home/cam/projects/CubeRover/install/rover_interfaces/share/rover_interfaces/hook/cmake_prefix_path.sh'
[1.875s] Level 1:colcon.colcon_core.environment:checking '/home/cam/projects/CubeRover/install/rover_interfaces/lib'
[1.876s] Level 1:colcon.colcon_core.shell:create_environment_hook('rover_interfaces', 'ld_library_path_lib')
[1.876s] INFO:colcon.colcon_core.shell:Creating environment hook '/home/cam/projects/CubeRover/install/rover_interfaces/share/rover_interfaces/hook/ld_library_path_lib.ps1'
[1.877s] INFO:colcon.colcon_core.shell:Creating environment descriptor '/home/cam/projects/CubeRover/install/rover_interfaces/share/rover_interfaces/hook/ld_library_path_lib.dsv'
[1.877s] INFO:colcon.colcon_core.shell:Creating environment hook '/home/cam/projects/CubeRover/install/rover_interfaces/share/rover_interfaces/hook/ld_library_path_lib.sh'
[1.878s] Level 1:colcon.colcon_core.environment:checking '/home/cam/projects/CubeRover/install/rover_interfaces/bin'
[1.878s] Level 1:colcon.colcon_core.environment:checking '/home/cam/projects/CubeRover/install/rover_interfaces/lib/pkgconfig/rover_interfaces.pc'
[1.878s] Level 1:colcon.colcon_core.environment:checking '/home/cam/projects/CubeRover/install/rover_interfaces/lib/python3.12/site-packages'
[1.878s] Level 1:colcon.colcon_core.shell:create_environment_hook('rover_interfaces', 'pythonpath')
[1.878s] INFO:colcon.colcon_core.shell:Creating environment hook '/home/cam/projects/CubeRover/install/rover_interfaces/share/rover_interfaces/hook/pythonpath.ps1'
[1.879s] INFO:colcon.colcon_core.shell:Creating environment descriptor '/home/cam/projects/CubeRover/install/rover_interfaces/share/rover_interfaces/hook/pythonpath.dsv'
[1.879s] INFO:colcon.colcon_core.shell:Creating environment hook '/home/cam/projects/CubeRover/install/rover_interfaces/share/rover_interfaces/hook/pythonpath.sh'
[1.881s] Level 1:colcon.colcon_core.environment:checking '/home/cam/projects/CubeRover/install/rover_interfaces/bin'
[1.881s] INFO:colcon.colcon_core.shell:Creating package script '/home/cam/projects/CubeRover/install/rover_interfaces/share/rover_interfaces/package.ps1'
[1.882s] INFO:colcon.colcon_core.shell:Creating package descriptor '/home/cam/projects/CubeRover/install/rover_interfaces/share/rover_interfaces/package.dsv'
[1.884s] INFO:colcon.colcon_core.shell:Creating package script '/home/cam/projects/CubeRover/install/rover_interfaces/share/rover_interfaces/package.sh'
[1.885s] INFO:colcon.colcon_core.shell:Creating package script '/home/cam/projects/CubeRover/install/rover_interfaces/share/rover_interfaces/package.bash'
[1.887s] INFO:colcon.colcon_core.shell:Creating package script '/home/cam/projects/CubeRover/install/rover_interfaces/share/rover_interfaces/package.zsh'
[1.889s] Level 1:colcon.colcon_core.environment:create_file_with_runtime_dependencies(/home/cam/projects/CubeRover/install/rover_interfaces/share/colcon-core/packages/rover_interfaces)
[1.889s] Level 1:colcon.colcon_core.environment:create_environment_scripts_only(rover_interfaces)
[1.890s] Level 1:colcon.colcon_core.environment:checking '/home/cam/projects/CubeRover/install/rover_interfaces' for CMake module files
[1.891s] Level 1:colcon.colcon_core.environment:checking '/home/cam/projects/CubeRover/install/rover_interfaces' for CMake config files
[1.891s] Level 1:colcon.colcon_core.shell:create_environment_hook('rover_interfaces', 'cmake_prefix_path')
[1.891s] INFO:colcon.colcon_core.shell:Creating environment hook '/home/cam/projects/CubeRover/install/rover_interfaces/share/rover_interfaces/hook/cmake_prefix_path.ps1'
[1.892s] INFO:colcon.colcon_core.shell:Creating environment descriptor '/home/cam/projects/CubeRover/install/rover_interfaces/share/rover_interfaces/hook/cmake_prefix_path.dsv'
[1.893s] INFO:colcon.colcon_core.shell:Creating environment hook '/home/cam/projects/CubeRover/install/rover_interfaces/share/rover_interfaces/hook/cmake_prefix_path.sh'
[1.894s] Level 1:colcon.colcon_core.environment:checking '/home/cam/projects/CubeRover/install/rover_interfaces/lib'
[1.894s] Level 1:colcon.colcon_core.shell:create_environment_hook('rover_interfaces', 'ld_library_path_lib')
[1.894s] INFO:colcon.colcon_core.shell:Creating environment hook '/home/cam/projects/CubeRover/install/rover_interfaces/share/rover_interfaces/hook/ld_library_path_lib.ps1'
[1.894s] INFO:colcon.colcon_core.shell:Creating environment descriptor '/home/cam/projects/CubeRover/install/rover_interfaces/share/rover_interfaces/hook/ld_library_path_lib.dsv'
[1.895s] INFO:colcon.colcon_core.shell:Creating environment hook '/home/cam/projects/CubeRover/install/rover_interfaces/share/rover_interfaces/hook/ld_library_path_lib.sh'
[1.896s] Level 1:colcon.colcon_core.environment:checking '/home/cam/projects/CubeRover/install/rover_interfaces/bin'
[1.896s] Level 1:colcon.colcon_core.environment:checking '/home/cam/projects/CubeRover/install/rover_interfaces/lib/pkgconfig/rover_interfaces.pc'
[1.896s] Level 1:colcon.colcon_core.environment:checking '/home/cam/projects/CubeRover/install/rover_interfaces/lib/python3.12/site-packages'
[1.896s] Level 1:colcon.colcon_core.shell:create_environment_hook('rover_interfaces', 'pythonpath')
[1.896s] INFO:colcon.colcon_core.shell:Creating environment hook '/home/cam/projects/CubeRover/install/rover_interfaces/share/rover_interfaces/hook/pythonpath.ps1'
[1.897s] INFO:colcon.colcon_core.shell:Creating environment descriptor '/home/cam/projects/CubeRover/install/rover_interfaces/share/rover_interfaces/hook/pythonpath.dsv'
[1.897s] INFO:colcon.colcon_core.shell:Creating environment hook '/home/cam/projects/CubeRover/install/rover_interfaces/share/rover_interfaces/hook/pythonpath.sh'
[1.898s] Level 1:colcon.colcon_core.environment:checking '/home/cam/projects/CubeRover/install/rover_interfaces/bin'
[1.898s] INFO:colcon.colcon_core.shell:Creating package script '/home/cam/projects/CubeRover/install/rover_interfaces/share/rover_interfaces/package.ps1'
[1.899s] INFO:colcon.colcon_core.shell:Creating package descriptor '/home/cam/projects/CubeRover/install/rover_interfaces/share/rover_interfaces/package.dsv'
[1.900s] INFO:colcon.colcon_core.shell:Creating package script '/home/cam/projects/CubeRover/install/rover_interfaces/share/rover_interfaces/package.sh'
[1.901s] INFO:colcon.colcon_core.shell:Creating package script '/home/cam/projects/CubeRover/install/rover_interfaces/share/rover_interfaces/package.bash'
[1.901s] INFO:colcon.colcon_core.shell:Creating package script '/home/cam/projects/CubeRover/install/rover_interfaces/share/rover_interfaces/package.zsh'
[1.903s] Level 1:colcon.colcon_core.environment:create_file_with_runtime_dependencies(/home/cam/projects/CubeRover/install/rover_interfaces/share/colcon-core/packages/rover_interfaces)
[2.073s] Level 1:colcon.colcon_core.environment:checking '/home/cam/projects/CubeRover/install/pi_controller' for CMake module files
[2.074s] DEBUG:colcon.colcon_core.event_handler.log_command:Invoked command in '/home/cam/projects/CubeRover/src/pi_controller' returned '0': PS1=(venv) \[\e]0;\u@\h: \w\a\]${debian_chroot:+($debian_chroot)}\[\033[01;32m\]\u@\h\[\033[00m\]:\[\033[01;34m\]\w\[\033[00m\]\$ PYTHONPATH=/home/cam/projects/CubeRover/build/pi_controller/prefix_override:/home/cam/projects/CubeRover/venv/lib/python3.12/site-packages/colcon_core/task/python/colcon_distutils_commands:/home/cam/projects/CubeRover/install/pi_controller/lib/python3.12/site-packages:${PYTHONPATH} /home/cam/projects/CubeRover/venv/bin/python -W ignore:setup.py install is deprecated -W ignore:easy_install command is deprecated setup.py egg_info --egg-base ../../build/pi_controller build --build-base /home/cam/projects/CubeRover/build/pi_controller/build install --record /home/cam/projects/CubeRover/build/pi_controller/install.log --single-version-externally-managed install_data
[2.075s] Level 1:colcon.colcon_core.environment:checking '/home/cam/projects/CubeRover/install/pi_controller' for CMake config files
[2.081s] Level 1:colcon.colcon_core.environment:checking '/home/cam/projects/CubeRover/install/pi_controller/lib'
[2.081s] Level 1:colcon.colcon_core.environment:checking '/home/cam/projects/CubeRover/install/pi_controller/bin'
[2.081s] Level 1:colcon.colcon_core.shell:create_environment_hook('pi_controller', 'path')
[2.081s] INFO:colcon.colcon_core.shell:Creating environment hook '/home/cam/projects/CubeRover/install/pi_controller/share/pi_controller/hook/path.ps1'
[2.082s] INFO:colcon.colcon_core.shell:Creating environment descriptor '/home/cam/projects/CubeRover/install/pi_controller/share/pi_controller/hook/path.dsv'
[2.082s] INFO:colcon.colcon_core.shell:Creating environment hook '/home/cam/projects/CubeRover/install/pi_controller/share/pi_controller/hook/path.sh'
[2.083s] Level 1:colcon.colcon_core.environment:checking '/home/cam/projects/CubeRover/install/pi_controller/lib/pkgconfig/pi_controller.pc'
[2.083s] Level 1:colcon.colcon_core.environment:checking '/home/cam/projects/CubeRover/install/pi_controller/lib/python3.12/site-packages'
[2.083s] Level 1:colcon.colcon_core.shell:create_environment_hook('pi_controller', 'pythonpath')
[2.083s] INFO:colcon.colcon_core.shell:Creating environment hook '/home/cam/projects/CubeRover/install/pi_controller/share/pi_controller/hook/pythonpath.ps1'
[2.084s] INFO:colcon.colcon_core.shell:Creating environment descriptor '/home/cam/projects/CubeRover/install/pi_controller/share/pi_controller/hook/pythonpath.dsv'
[2.085s] INFO:colcon.colcon_core.shell:Creating environment hook '/home/cam/projects/CubeRover/install/pi_controller/share/pi_controller/hook/pythonpath.sh'
[2.085s] Level 1:colcon.colcon_core.environment:checking '/home/cam/projects/CubeRover/install/pi_controller/bin'
[2.085s] Level 1:colcon.colcon_core.shell:create_environment_hook('pi_controller', 'pythonscriptspath')
[2.086s] INFO:colcon.colcon_core.shell:Creating environment hook '/home/cam/projects/CubeRover/install/pi_controller/share/pi_controller/hook/pythonscriptspath.ps1'
[2.086s] INFO:colcon.colcon_core.shell:Creating environment descriptor '/home/cam/projects/CubeRover/install/pi_controller/share/pi_controller/hook/pythonscriptspath.dsv'
[2.087s] INFO:colcon.colcon_core.shell:Creating environment hook '/home/cam/projects/CubeRover/install/pi_controller/share/pi_controller/hook/pythonscriptspath.sh'
[2.087s] Level 1:colcon.colcon_core.environment:create_environment_scripts_only(pi_controller)
[2.087s] INFO:colcon.colcon_core.shell:Creating package script '/home/cam/projects/CubeRover/install/pi_controller/share/pi_controller/package.ps1'
[2.089s] INFO:colcon.colcon_core.shell:Creating package descriptor '/home/cam/projects/CubeRover/install/pi_controller/share/pi_controller/package.dsv'
[2.089s] INFO:colcon.colcon_core.shell:Creating package script '/home/cam/projects/CubeRover/install/pi_controller/share/pi_controller/package.sh'
[2.090s] INFO:colcon.colcon_core.shell:Creating package script '/home/cam/projects/CubeRover/install/pi_controller/share/pi_controller/package.bash'
[2.091s] INFO:colcon.colcon_core.shell:Creating package script '/home/cam/projects/CubeRover/install/pi_controller/share/pi_controller/package.zsh'
[2.091s] Level 1:colcon.colcon_core.environment:create_file_with_runtime_dependencies(/home/cam/projects/CubeRover/install/pi_controller/share/colcon-core/packages/pi_controller)
[2.091s] DEBUG:colcon.colcon_parallel_executor.executor.parallel:closing loop
[2.092s] DEBUG:colcon.colcon_parallel_executor.executor.parallel:loop closed
[2.092s] DEBUG:colcon.colcon_parallel_executor.executor.parallel:run_until_complete finished with '0'
[2.093s] DEBUG:colcon.colcon_core.event_reactor:joining thread
[2.098s] INFO:colcon.colcon_core.plugin_system:Skipping extension 'colcon_notification.desktop_notification.notify2': 'notify2' not found
[2.242s] INFO:colcon.colcon_core.plugin_system:Skipping extension 'colcon_notification.desktop_notification.notify_send': Could not find 'notify-send'
[2.242s] INFO:colcon.colcon_core.plugin_system:Skipping extension 'colcon_notification.desktop_notification.terminal_notifier': Not used on non-Darwin systems
[2.242s] INFO:colcon.colcon_core.plugin_system:Skipping extension 'colcon_notification.desktop_notification.win32': Not used on non-Windows systems
[2.243s] DEBUG:colcon.colcon_core.event_reactor:joined thread
[2.243s] INFO:colcon.colcon_core.shell:Creating prefix script '/home/cam/projects/CubeRover/install/local_setup.ps1'
[2.247s] INFO:colcon.colcon_core.shell:Creating prefix util module '/home/cam/projects/CubeRover/install/_local_setup_util_ps1.py'
[2.250s] INFO:colcon.colcon_core.shell:Creating prefix chain script '/home/cam/projects/CubeRover/install/setup.ps1'
[2.252s] INFO:colcon.colcon_core.shell:Creating prefix script '/home/cam/projects/CubeRover/install/local_setup.sh'
[2.254s] INFO:colcon.colcon_core.shell:Creating prefix util module '/home/cam/projects/CubeRover/install/_local_setup_util_sh.py'
[2.255s] INFO:colcon.colcon_core.shell:Creating prefix chain script '/home/cam/projects/CubeRover/install/setup.sh'
[2.258s] INFO:colcon.colcon_core.shell:Creating prefix script '/home/cam/projects/CubeRover/install/local_setup.bash'
[2.259s] INFO:colcon.colcon_core.shell:Creating prefix chain script '/home/cam/projects/CubeRover/install/setup.bash'
[2.263s] INFO:colcon.colcon_core.shell:Creating prefix script '/home/cam/projects/CubeRover/install/local_setup.zsh'
[2.265s] INFO:colcon.colcon_core.shell:Creating prefix chain script '/home/cam/projects/CubeRover/install/setup.zsh'
