[0.256s] Invoking command in '/home/cam/projects/CubeRover/build/rover_interfaces': CMAKE_PREFIX_PATH=${CMAKE_PREFIX_PATH}:/home/cam/projects/CubeRover/install/pi_controller:/opt/ros/jazzy PS1=(venv) \[\e]0;\u@\h: \w\a\]${debian_chroot:+($debian_chroot)}\[\033[01;32m\]\u@\h\[\033[00m\]:\[\033[01;34m\]\w\[\033[00m\]\$ /usr/bin/cmake --build /home/cam/projects/CubeRover/build/rover_interfaces -- -j16 -l16
[0.443s] [  2%] Built target rover_interfaces__rosidl_generator_type_description
[0.475s] [  2%] Built target ament_cmake_python_copy_rover_interfaces
[0.480s] [  4%] Built target rover_interfaces__cpp
[0.486s] [ 22%] Built target rover_interfaces__rosidl_generator_c
[0.530s] [ 31%] Built target rover_interfaces__rosidl_typesupport_introspection_c
[0.532s] [ 40%] Built target rover_interfaces__rosidl_typesupport_fastrtps_cpp
[0.533s] [ 50%] Built target rover_interfaces__rosidl_typesupport_c
[0.534s] [ 59%] Built target rover_interfaces__rosidl_typesupport_fastrtps_c
[0.537s] [ 68%] Built target rover_interfaces__rosidl_typesupport_cpp
[0.537s] [ 77%] Built target rover_interfaces__rosidl_typesupport_introspection_cpp
[0.565s] [ 77%] Built target rover_interfaces
[0.599s] [ 79%] Built target rover_interfaces__py
[0.637s] [ 86%] Built target rover_interfaces__rosidl_generator_py
[0.679s] [ 95%] Built target rover_interfaces_s__rosidl_typesupport_fastrtps_c
[0.680s] [ 95%] Built target rover_interfaces_s__rosidl_typesupport_c
[0.680s] [100%] Built target rover_interfaces_s__rosidl_typesupport_introspection_c
[0.901s] running egg_info
[0.927s] writing rover_interfaces.egg-info/PKG-INFO
[0.928s] writing dependency_links to rover_interfaces.egg-info/dependency_links.txt
[0.929s] writing top-level names to rover_interfaces.egg-info/top_level.txt
[1.014s] reading manifest file 'rover_interfaces.egg-info/SOURCES.txt'
[1.016s] writing manifest file 'rover_interfaces.egg-info/SOURCES.txt'
[1.059s] [100%] Built target ament_cmake_python_build_rover_interfaces_egg
[1.076s] Invoked command in '/home/cam/projects/CubeRover/build/rover_interfaces' returned '0': CMAKE_PREFIX_PATH=${CMAKE_PREFIX_PATH}:/home/cam/projects/CubeRover/install/pi_controller:/opt/ros/jazzy PS1=(venv) \[\e]0;\u@\h: \w\a\]${debian_chroot:+($debian_chroot)}\[\033[01;32m\]\u@\h\[\033[00m\]:\[\033[01;34m\]\w\[\033[00m\]\$ /usr/bin/cmake --build /home/cam/projects/CubeRover/build/rover_interfaces -- -j16 -l16
[1.093s] Invoking command in '/home/cam/projects/CubeRover/build/rover_interfaces': CMAKE_PREFIX_PATH=${CMAKE_PREFIX_PATH}:/home/cam/projects/CubeRover/install/pi_controller:/opt/ros/jazzy PS1=(venv) \[\e]0;\u@\h: \w\a\]${debian_chroot:+($debian_chroot)}\[\033[01;32m\]\u@\h\[\033[00m\]:\[\033[01;34m\]\w\[\033[00m\]\$ /usr/bin/cmake --install /home/cam/projects/CubeRover/build/rover_interfaces
[1.104s] -- Install configuration: ""
[1.106s] -- Up-to-date: /home/cam/projects/CubeRover/install/rover_interfaces/share/ament_index/resource_index/rosidl_interfaces/rover_interfaces
[1.106s] -- Up-to-date: /home/cam/projects/CubeRover/install/rover_interfaces/share/rover_interfaces/msg/TelemData.json
[1.107s] -- Up-to-date: /home/cam/projects/CubeRover/install/rover_interfaces/share/rover_interfaces/srv/RoverCommand.json
[1.107s] -- Up-to-date: /home/cam/projects/CubeRover/install/rover_interfaces/include/rover_interfaces/rover_interfaces
[1.107s] -- Up-to-date: /home/cam/projects/CubeRover/install/rover_interfaces/include/rover_interfaces/rover_interfaces/srv
[1.108s] -- Up-to-date: /home/cam/projects/CubeRover/install/rover_interfaces/include/rover_interfaces/rover_interfaces/srv/rover_command.h
[1.108s] -- Up-to-date: /home/cam/projects/CubeRover/install/rover_interfaces/include/rover_interfaces/rover_interfaces/srv/detail
[1.109s] -- Up-to-date: /home/cam/projects/CubeRover/install/rover_interfaces/include/rover_interfaces/rover_interfaces/srv/detail/rover_command__type_support.c
[1.109s] -- Up-to-date: /home/cam/projects/CubeRover/install/rover_interfaces/include/rover_interfaces/rover_interfaces/srv/detail/rover_command__description.c
[1.109s] -- Up-to-date: /home/cam/projects/CubeRover/install/rover_interfaces/include/rover_interfaces/rover_interfaces/srv/detail/rover_command__struct.h
[1.110s] -- Up-to-date: /home/cam/projects/CubeRover/install/rover_interfaces/include/rover_interfaces/rover_interfaces/srv/detail/rover_command__functions.c
[1.110s] -- Up-to-date: /home/cam/projects/CubeRover/install/rover_interfaces/include/rover_interfaces/rover_interfaces/srv/detail/rover_command__functions.h
[1.110s] -- Up-to-date: /home/cam/projects/CubeRover/install/rover_interfaces/include/rover_interfaces/rover_interfaces/srv/detail/rover_command__type_support.h
[1.110s] -- Up-to-date: /home/cam/projects/CubeRover/install/rover_interfaces/include/rover_interfaces/rover_interfaces/msg
[1.111s] -- Up-to-date: /home/cam/projects/CubeRover/install/rover_interfaces/include/rover_interfaces/rover_interfaces/msg/telem_data.h
[1.111s] -- Up-to-date: /home/cam/projects/CubeRover/install/rover_interfaces/include/rover_interfaces/rover_interfaces/msg/detail
[1.111s] -- Up-to-date: /home/cam/projects/CubeRover/install/rover_interfaces/include/rover_interfaces/rover_interfaces/msg/detail/telem_data__functions.c
[1.111s] -- Up-to-date: /home/cam/projects/CubeRover/install/rover_interfaces/include/rover_interfaces/rover_interfaces/msg/detail/telem_data__struct.h
[1.111s] -- Up-to-date: /home/cam/projects/CubeRover/install/rover_interfaces/include/rover_interfaces/rover_interfaces/msg/detail/telem_data__type_support.h
[1.111s] -- Up-to-date: /home/cam/projects/CubeRover/install/rover_interfaces/include/rover_interfaces/rover_interfaces/msg/detail/telem_data__functions.h
[1.112s] -- Up-to-date: /home/cam/projects/CubeRover/install/rover_interfaces/include/rover_interfaces/rover_interfaces/msg/detail/telem_data__description.c
[1.112s] -- Up-to-date: /home/cam/projects/CubeRover/install/rover_interfaces/include/rover_interfaces/rover_interfaces/msg/detail/telem_data__type_support.c
[1.112s] -- Up-to-date: /home/cam/projects/CubeRover/install/rover_interfaces/include/rover_interfaces/rover_interfaces/msg/rosidl_generator_c__visibility_control.h
[1.112s] -- Up-to-date: /home/cam/projects/CubeRover/install/rover_interfaces/share/rover_interfaces/environment/library_path.sh
[1.112s] -- Up-to-date: /home/cam/projects/CubeRover/install/rover_interfaces/share/rover_interfaces/environment/library_path.dsv
[1.113s] -- Up-to-date: /home/cam/projects/CubeRover/install/rover_interfaces/lib/librover_interfaces__rosidl_generator_c.so
[1.114s] -- Up-to-date: /home/cam/projects/CubeRover/install/rover_interfaces/include/rover_interfaces/rover_interfaces
[1.114s] -- Up-to-date: /home/cam/projects/CubeRover/install/rover_interfaces/include/rover_interfaces/rover_interfaces/srv
[1.115s] -- Up-to-date: /home/cam/projects/CubeRover/install/rover_interfaces/include/rover_interfaces/rover_interfaces/srv/detail
[1.115s] -- Up-to-date: /home/cam/projects/CubeRover/install/rover_interfaces/include/rover_interfaces/rover_interfaces/srv/detail/rover_command__rosidl_typesupport_fastrtps_c.h
[1.115s] -- Up-to-date: /home/cam/projects/CubeRover/install/rover_interfaces/include/rover_interfaces/rover_interfaces/msg
[1.116s] -- Up-to-date: /home/cam/projects/CubeRover/install/rover_interfaces/include/rover_interfaces/rover_interfaces/msg/rosidl_typesupport_fastrtps_c__visibility_control.h
[1.116s] -- Up-to-date: /home/cam/projects/CubeRover/install/rover_interfaces/include/rover_interfaces/rover_interfaces/msg/detail
[1.116s] -- Up-to-date: /home/cam/projects/CubeRover/install/rover_interfaces/include/rover_interfaces/rover_interfaces/msg/detail/telem_data__rosidl_typesupport_fastrtps_c.h
[1.118s] -- Up-to-date: /home/cam/projects/CubeRover/install/rover_interfaces/lib/librover_interfaces__rosidl_typesupport_fastrtps_c.so
[1.119s] -- Up-to-date: /home/cam/projects/CubeRover/install/rover_interfaces/include/rover_interfaces/rover_interfaces
[1.119s] -- Up-to-date: /home/cam/projects/CubeRover/install/rover_interfaces/include/rover_interfaces/rover_interfaces/srv
[1.119s] -- Up-to-date: /home/cam/projects/CubeRover/install/rover_interfaces/include/rover_interfaces/rover_interfaces/srv/detail
[1.120s] -- Up-to-date: /home/cam/projects/CubeRover/install/rover_interfaces/include/rover_interfaces/rover_interfaces/srv/detail/rover_command__type_support.c
[1.120s] -- Up-to-date: /home/cam/projects/CubeRover/install/rover_interfaces/include/rover_interfaces/rover_interfaces/srv/detail/rover_command__rosidl_typesupport_introspection_c.h
[1.120s] -- Up-to-date: /home/cam/projects/CubeRover/install/rover_interfaces/include/rover_interfaces/rover_interfaces/msg
[1.120s] -- Up-to-date: /home/cam/projects/CubeRover/install/rover_interfaces/include/rover_interfaces/rover_interfaces/msg/rosidl_typesupport_introspection_c__visibility_control.h
[1.121s] -- Up-to-date: /home/cam/projects/CubeRover/install/rover_interfaces/include/rover_interfaces/rover_interfaces/msg/detail
[1.121s] -- Up-to-date: /home/cam/projects/CubeRover/install/rover_interfaces/include/rover_interfaces/rover_interfaces/msg/detail/telem_data__rosidl_typesupport_introspection_c.h
[1.121s] -- Up-to-date: /home/cam/projects/CubeRover/install/rover_interfaces/include/rover_interfaces/rover_interfaces/msg/detail/telem_data__type_support.c
[1.123s] -- Up-to-date: /home/cam/projects/CubeRover/install/rover_interfaces/lib/librover_interfaces__rosidl_typesupport_introspection_c.so
[1.125s] -- Up-to-date: /home/cam/projects/CubeRover/install/rover_interfaces/lib/librover_interfaces__rosidl_typesupport_c.so
[1.125s] -- Up-to-date: /home/cam/projects/CubeRover/install/rover_interfaces/include/rover_interfaces/rover_interfaces
[1.126s] -- Up-to-date: /home/cam/projects/CubeRover/install/rover_interfaces/include/rover_interfaces/rover_interfaces/srv
[1.126s] -- Up-to-date: /home/cam/projects/CubeRover/install/rover_interfaces/include/rover_interfaces/rover_interfaces/srv/rover_command.hpp
[1.126s] -- Up-to-date: /home/cam/projects/CubeRover/install/rover_interfaces/include/rover_interfaces/rover_interfaces/srv/detail
[1.127s] -- Up-to-date: /home/cam/projects/CubeRover/install/rover_interfaces/include/rover_interfaces/rover_interfaces/srv/detail/rover_command__builder.hpp
[1.127s] -- Up-to-date: /home/cam/projects/CubeRover/install/rover_interfaces/include/rover_interfaces/rover_interfaces/srv/detail/rover_command__traits.hpp
[1.127s] -- Up-to-date: /home/cam/projects/CubeRover/install/rover_interfaces/include/rover_interfaces/rover_interfaces/srv/detail/rover_command__struct.hpp
[1.127s] -- Up-to-date: /home/cam/projects/CubeRover/install/rover_interfaces/include/rover_interfaces/rover_interfaces/srv/detail/rover_command__type_support.hpp
[1.127s] -- Up-to-date: /home/cam/projects/CubeRover/install/rover_interfaces/include/rover_interfaces/rover_interfaces/msg
[1.128s] -- Up-to-date: /home/cam/projects/CubeRover/install/rover_interfaces/include/rover_interfaces/rover_interfaces/msg/detail
[1.128s] -- Up-to-date: /home/cam/projects/CubeRover/install/rover_interfaces/include/rover_interfaces/rover_interfaces/msg/detail/telem_data__type_support.hpp
[1.129s] -- Up-to-date: /home/cam/projects/CubeRover/install/rover_interfaces/include/rover_interfaces/rover_interfaces/msg/detail/telem_data__traits.hpp
[1.129s] -- Up-to-date: /home/cam/projects/CubeRover/install/rover_interfaces/include/rover_interfaces/rover_interfaces/msg/detail/telem_data__builder.hpp
[1.129s] -- Up-to-date: /home/cam/projects/CubeRover/install/rover_interfaces/include/rover_interfaces/rover_interfaces/msg/detail/telem_data__struct.hpp
[1.130s] -- Up-to-date: /home/cam/projects/CubeRover/install/rover_interfaces/include/rover_interfaces/rover_interfaces/msg/rosidl_generator_cpp__visibility_control.hpp
[1.130s] -- Up-to-date: /home/cam/projects/CubeRover/install/rover_interfaces/include/rover_interfaces/rover_interfaces/msg/telem_data.hpp
[1.130s] -- Up-to-date: /home/cam/projects/CubeRover/install/rover_interfaces/include/rover_interfaces/rover_interfaces
[1.131s] -- Up-to-date: /home/cam/projects/CubeRover/install/rover_interfaces/include/rover_interfaces/rover_interfaces/srv
[1.131s] -- Up-to-date: /home/cam/projects/CubeRover/install/rover_interfaces/include/rover_interfaces/rover_interfaces/srv/detail
[1.131s] -- Up-to-date: /home/cam/projects/CubeRover/install/rover_interfaces/include/rover_interfaces/rover_interfaces/srv/detail/dds_fastrtps
[1.131s] -- Up-to-date: /home/cam/projects/CubeRover/install/rover_interfaces/include/rover_interfaces/rover_interfaces/srv/detail/rover_command__rosidl_typesupport_fastrtps_cpp.hpp
[1.131s] -- Up-to-date: /home/cam/projects/CubeRover/install/rover_interfaces/include/rover_interfaces/rover_interfaces/msg
[1.132s] -- Up-to-date: /home/cam/projects/CubeRover/install/rover_interfaces/include/rover_interfaces/rover_interfaces/msg/detail
[1.132s] -- Up-to-date: /home/cam/projects/CubeRover/install/rover_interfaces/include/rover_interfaces/rover_interfaces/msg/detail/dds_fastrtps
[1.133s] -- Up-to-date: /home/cam/projects/CubeRover/install/rover_interfaces/include/rover_interfaces/rover_interfaces/msg/detail/telem_data__rosidl_typesupport_fastrtps_cpp.hpp
[1.133s] -- Up-to-date: /home/cam/projects/CubeRover/install/rover_interfaces/include/rover_interfaces/rover_interfaces/msg/rosidl_typesupport_fastrtps_cpp__visibility_control.h
[1.135s] -- Up-to-date: /home/cam/projects/CubeRover/install/rover_interfaces/lib/librover_interfaces__rosidl_typesupport_fastrtps_cpp.so
[1.135s] -- Up-to-date: /home/cam/projects/CubeRover/install/rover_interfaces/include/rover_interfaces/rover_interfaces
[1.135s] -- Up-to-date: /home/cam/projects/CubeRover/install/rover_interfaces/include/rover_interfaces/rover_interfaces/srv
[1.136s] -- Up-to-date: /home/cam/projects/CubeRover/install/rover_interfaces/include/rover_interfaces/rover_interfaces/srv/detail
[1.137s] -- Up-to-date: /home/cam/projects/CubeRover/install/rover_interfaces/include/rover_interfaces/rover_interfaces/srv/detail/rover_command__type_support.cpp
[1.137s] -- Up-to-date: /home/cam/projects/CubeRover/install/rover_interfaces/include/rover_interfaces/rover_interfaces/srv/detail/rover_command__rosidl_typesupport_introspection_cpp.hpp
[1.137s] -- Up-to-date: /home/cam/projects/CubeRover/install/rover_interfaces/include/rover_interfaces/rover_interfaces/msg
[1.137s] -- Up-to-date: /home/cam/projects/CubeRover/install/rover_interfaces/include/rover_interfaces/rover_interfaces/msg/detail
[1.138s] -- Up-to-date: /home/cam/projects/CubeRover/install/rover_interfaces/include/rover_interfaces/rover_interfaces/msg/detail/telem_data__type_support.cpp
[1.138s] -- Up-to-date: /home/cam/projects/CubeRover/install/rover_interfaces/include/rover_interfaces/rover_interfaces/msg/detail/telem_data__rosidl_typesupport_introspection_cpp.hpp
[1.140s] -- Up-to-date: /home/cam/projects/CubeRover/install/rover_interfaces/lib/librover_interfaces__rosidl_typesupport_introspection_cpp.so
[1.142s] -- Up-to-date: /home/cam/projects/CubeRover/install/rover_interfaces/lib/librover_interfaces__rosidl_typesupport_cpp.so
[1.142s] -- Up-to-date: /home/cam/projects/CubeRover/install/rover_interfaces/share/rover_interfaces/environment/pythonpath.sh
[1.143s] -- Up-to-date: /home/cam/projects/CubeRover/install/rover_interfaces/share/rover_interfaces/environment/pythonpath.dsv
[1.143s] -- Up-to-date: /home/cam/projects/CubeRover/install/rover_interfaces/lib/python3.12/site-packages/rover_interfaces-0.0.0-py3.12.egg-info
[1.144s] -- Installing: /home/cam/projects/CubeRover/install/rover_interfaces/lib/python3.12/site-packages/rover_interfaces-0.0.0-py3.12.egg-info/PKG-INFO
[1.144s] -- Installing: /home/cam/projects/CubeRover/install/rover_interfaces/lib/python3.12/site-packages/rover_interfaces-0.0.0-py3.12.egg-info/SOURCES.txt
[1.145s] -- Installing: /home/cam/projects/CubeRover/install/rover_interfaces/lib/python3.12/site-packages/rover_interfaces-0.0.0-py3.12.egg-info/dependency_links.txt
[1.145s] -- Installing: /home/cam/projects/CubeRover/install/rover_interfaces/lib/python3.12/site-packages/rover_interfaces-0.0.0-py3.12.egg-info/top_level.txt
[1.145s] -- Up-to-date: /home/cam/projects/CubeRover/install/rover_interfaces/lib/python3.12/site-packages/rover_interfaces
[1.146s] -- Up-to-date: /home/cam/projects/CubeRover/install/rover_interfaces/lib/python3.12/site-packages/rover_interfaces/__init__.py
[1.146s] -- Up-to-date: /home/cam/projects/CubeRover/install/rover_interfaces/lib/python3.12/site-packages/rover_interfaces/rover_interfaces_s__rosidl_typesupport_c.so
[1.146s] -- Up-to-date: /home/cam/projects/CubeRover/install/rover_interfaces/lib/python3.12/site-packages/rover_interfaces/rover_interfaces_s__rosidl_typesupport_introspection_c.so
[1.146s] -- Up-to-date: /home/cam/projects/CubeRover/install/rover_interfaces/lib/python3.12/site-packages/rover_interfaces/_rover_interfaces_s.ep.rosidl_typesupport_c.c
[1.147s] -- Up-to-date: /home/cam/projects/CubeRover/install/rover_interfaces/lib/python3.12/site-packages/rover_interfaces/_rover_interfaces_s.ep.rosidl_typesupport_introspection_c.c
[1.147s] -- Up-to-date: /home/cam/projects/CubeRover/install/rover_interfaces/lib/python3.12/site-packages/rover_interfaces/srv
[1.147s] -- Up-to-date: /home/cam/projects/CubeRover/install/rover_interfaces/lib/python3.12/site-packages/rover_interfaces/srv/__init__.py
[1.147s] -- Up-to-date: /home/cam/projects/CubeRover/install/rover_interfaces/lib/python3.12/site-packages/rover_interfaces/srv/_rover_command.py
[1.147s] -- Up-to-date: /home/cam/projects/CubeRover/install/rover_interfaces/lib/python3.12/site-packages/rover_interfaces/srv/_rover_command_s.c
[1.147s] -- Up-to-date: /home/cam/projects/CubeRover/install/rover_interfaces/lib/python3.12/site-packages/rover_interfaces/_rover_interfaces_s.ep.rosidl_typesupport_fastrtps_c.c
[1.147s] -- Up-to-date: /home/cam/projects/CubeRover/install/rover_interfaces/lib/python3.12/site-packages/rover_interfaces/rover_interfaces_s__rosidl_typesupport_fastrtps_c.so
[1.147s] -- Up-to-date: /home/cam/projects/CubeRover/install/rover_interfaces/lib/python3.12/site-packages/rover_interfaces/msg
[1.147s] -- Up-to-date: /home/cam/projects/CubeRover/install/rover_interfaces/lib/python3.12/site-packages/rover_interfaces/msg/__init__.py
[1.147s] -- Up-to-date: /home/cam/projects/CubeRover/install/rover_interfaces/lib/python3.12/site-packages/rover_interfaces/msg/_telem_data_s.c
[1.148s] -- Up-to-date: /home/cam/projects/CubeRover/install/rover_interfaces/lib/python3.12/site-packages/rover_interfaces/msg/_telem_data.py
[1.193s] Listing '/home/cam/projects/CubeRover/install/rover_interfaces/lib/python3.12/site-packages/rover_interfaces'...
[1.193s] Listing '/home/cam/projects/CubeRover/install/rover_interfaces/lib/python3.12/site-packages/rover_interfaces/msg'...
[1.193s] Listing '/home/cam/projects/CubeRover/install/rover_interfaces/lib/python3.12/site-packages/rover_interfaces/srv'...
[1.200s] -- Up-to-date: /home/cam/projects/CubeRover/install/rover_interfaces/lib/python3.12/site-packages/rover_interfaces/rover_interfaces_s__rosidl_typesupport_fastrtps_c.so
[1.202s] -- Up-to-date: /home/cam/projects/CubeRover/install/rover_interfaces/lib/python3.12/site-packages/rover_interfaces/rover_interfaces_s__rosidl_typesupport_introspection_c.so
[1.204s] -- Up-to-date: /home/cam/projects/CubeRover/install/rover_interfaces/lib/python3.12/site-packages/rover_interfaces/rover_interfaces_s__rosidl_typesupport_c.so
[1.206s] -- Up-to-date: /home/cam/projects/CubeRover/install/rover_interfaces/lib/librover_interfaces__rosidl_generator_py.so
[1.206s] -- Up-to-date: /home/cam/projects/CubeRover/install/rover_interfaces/share/rover_interfaces/msg/TelemData.idl
[1.207s] -- Up-to-date: /home/cam/projects/CubeRover/install/rover_interfaces/share/rover_interfaces/srv/RoverCommand.idl
[1.207s] -- Up-to-date: /home/cam/projects/CubeRover/install/rover_interfaces/share/rover_interfaces/msg/TelemData.msg
[1.207s] -- Up-to-date: /home/cam/projects/CubeRover/install/rover_interfaces/share/rover_interfaces/srv/RoverCommand.srv
[1.208s] -- Up-to-date: /home/cam/projects/CubeRover/install/rover_interfaces/share/ament_index/resource_index/package_run_dependencies/rover_interfaces
[1.208s] -- Up-to-date: /home/cam/projects/CubeRover/install/rover_interfaces/share/ament_index/resource_index/parent_prefix_path/rover_interfaces
[1.208s] -- Up-to-date: /home/cam/projects/CubeRover/install/rover_interfaces/share/rover_interfaces/environment/ament_prefix_path.sh
[1.208s] -- Up-to-date: /home/cam/projects/CubeRover/install/rover_interfaces/share/rover_interfaces/environment/ament_prefix_path.dsv
[1.208s] -- Up-to-date: /home/cam/projects/CubeRover/install/rover_interfaces/share/rover_interfaces/environment/path.sh
[1.208s] -- Up-to-date: /home/cam/projects/CubeRover/install/rover_interfaces/share/rover_interfaces/environment/path.dsv
[1.209s] -- Up-to-date: /home/cam/projects/CubeRover/install/rover_interfaces/share/rover_interfaces/local_setup.bash
[1.209s] -- Up-to-date: /home/cam/projects/CubeRover/install/rover_interfaces/share/rover_interfaces/local_setup.sh
[1.209s] -- Up-to-date: /home/cam/projects/CubeRover/install/rover_interfaces/share/rover_interfaces/local_setup.zsh
[1.209s] -- Up-to-date: /home/cam/projects/CubeRover/install/rover_interfaces/share/rover_interfaces/local_setup.dsv
[1.210s] -- Installing: /home/cam/projects/CubeRover/install/rover_interfaces/share/rover_interfaces/package.dsv
[1.210s] -- Up-to-date: /home/cam/projects/CubeRover/install/rover_interfaces/share/ament_index/resource_index/packages/rover_interfaces
[1.210s] -- Up-to-date: /home/cam/projects/CubeRover/install/rover_interfaces/share/rover_interfaces/cmake/export_rover_interfaces__rosidl_generator_cExport.cmake
[1.210s] -- Up-to-date: /home/cam/projects/CubeRover/install/rover_interfaces/share/rover_interfaces/cmake/export_rover_interfaces__rosidl_generator_cExport-noconfig.cmake
[1.211s] -- Up-to-date: /home/cam/projects/CubeRover/install/rover_interfaces/share/rover_interfaces/cmake/export_rover_interfaces__rosidl_typesupport_fastrtps_cExport.cmake
[1.211s] -- Up-to-date: /home/cam/projects/CubeRover/install/rover_interfaces/share/rover_interfaces/cmake/export_rover_interfaces__rosidl_typesupport_fastrtps_cExport-noconfig.cmake
[1.213s] -- Up-to-date: /home/cam/projects/CubeRover/install/rover_interfaces/share/rover_interfaces/cmake/rover_interfaces__rosidl_typesupport_introspection_cExport.cmake
[1.213s] -- Up-to-date: /home/cam/projects/CubeRover/install/rover_interfaces/share/rover_interfaces/cmake/rover_interfaces__rosidl_typesupport_introspection_cExport-noconfig.cmake
[1.214s] -- Up-to-date: /home/cam/projects/CubeRover/install/rover_interfaces/share/rover_interfaces/cmake/rover_interfaces__rosidl_typesupport_cExport.cmake
[1.214s] -- Up-to-date: /home/cam/projects/CubeRover/install/rover_interfaces/share/rover_interfaces/cmake/rover_interfaces__rosidl_typesupport_cExport-noconfig.cmake
[1.215s] -- Up-to-date: /home/cam/projects/CubeRover/install/rover_interfaces/share/rover_interfaces/cmake/export_rover_interfaces__rosidl_generator_cppExport.cmake
[1.219s] -- Up-to-date: /home/cam/projects/CubeRover/install/rover_interfaces/share/rover_interfaces/cmake/export_rover_interfaces__rosidl_typesupport_fastrtps_cppExport.cmake
[1.219s] -- Up-to-date: /home/cam/projects/CubeRover/install/rover_interfaces/share/rover_interfaces/cmake/export_rover_interfaces__rosidl_typesupport_fastrtps_cppExport-noconfig.cmake
[1.219s] -- Up-to-date: /home/cam/projects/CubeRover/install/rover_interfaces/share/rover_interfaces/cmake/rover_interfaces__rosidl_typesupport_introspection_cppExport.cmake
[1.219s] -- Up-to-date: /home/cam/projects/CubeRover/install/rover_interfaces/share/rover_interfaces/cmake/rover_interfaces__rosidl_typesupport_introspection_cppExport-noconfig.cmake
[1.220s] -- Up-to-date: /home/cam/projects/CubeRover/install/rover_interfaces/share/rover_interfaces/cmake/rover_interfaces__rosidl_typesupport_cppExport.cmake
[1.220s] -- Up-to-date: /home/cam/projects/CubeRover/install/rover_interfaces/share/rover_interfaces/cmake/rover_interfaces__rosidl_typesupport_cppExport-noconfig.cmake
[1.221s] -- Up-to-date: /home/cam/projects/CubeRover/install/rover_interfaces/share/rover_interfaces/cmake/export_rover_interfaces__rosidl_generator_pyExport.cmake
[1.221s] -- Up-to-date: /home/cam/projects/CubeRover/install/rover_interfaces/share/rover_interfaces/cmake/export_rover_interfaces__rosidl_generator_pyExport-noconfig.cmake
[1.222s] -- Up-to-date: /home/cam/projects/CubeRover/install/rover_interfaces/share/rover_interfaces/cmake/rosidl_cmake-extras.cmake
[1.222s] -- Up-to-date: /home/cam/projects/CubeRover/install/rover_interfaces/share/rover_interfaces/cmake/ament_cmake_export_dependencies-extras.cmake
[1.223s] -- Up-to-date: /home/cam/projects/CubeRover/install/rover_interfaces/share/rover_interfaces/cmake/ament_cmake_export_include_directories-extras.cmake
[1.223s] -- Up-to-date: /home/cam/projects/CubeRover/install/rover_interfaces/share/rover_interfaces/cmake/ament_cmake_export_libraries-extras.cmake
[1.223s] -- Up-to-date: /home/cam/projects/CubeRover/install/rover_interfaces/share/rover_interfaces/cmake/ament_cmake_export_targets-extras.cmake
[1.223s] -- Up-to-date: /home/cam/projects/CubeRover/install/rover_interfaces/share/rover_interfaces/cmake/rosidl_cmake_export_typesupport_targets-extras.cmake
[1.223s] -- Up-to-date: /home/cam/projects/CubeRover/install/rover_interfaces/share/rover_interfaces/cmake/rosidl_cmake_export_typesupport_libraries-extras.cmake
[1.223s] -- Up-to-date: /home/cam/projects/CubeRover/install/rover_interfaces/share/rover_interfaces/cmake/rover_interfacesConfig.cmake
[1.223s] -- Up-to-date: /home/cam/projects/CubeRover/install/rover_interfaces/share/rover_interfaces/cmake/rover_interfacesConfig-version.cmake
[1.224s] -- Up-to-date: /home/cam/projects/CubeRover/install/rover_interfaces/share/rover_interfaces/package.xml
[1.227s] Invoked command in '/home/cam/projects/CubeRover/build/rover_interfaces' returned '0': CMAKE_PREFIX_PATH=${CMAKE_PREFIX_PATH}:/home/cam/projects/CubeRover/install/pi_controller:/opt/ros/jazzy PS1=(venv) \[\e]0;\u@\h: \w\a\]${debian_chroot:+($debian_chroot)}\[\033[01;32m\]\u@\h\[\033[00m\]:\[\033[01;34m\]\w\[\033[00m\]\$ /usr/bin/cmake --install /home/cam/projects/CubeRover/build/rover_interfaces
