[0.416s] DEBUG:colcon:Command line arguments: ['/home/cam/projects/CubeRover/venv/bin/colcon', 'build']
[0.416s] DEBUG:colcon:Parsed command line arguments: Namespace(log_base=None, log_level=None, verb_name='build', build_base='build', install_base='install', merge_install=False, symlink_install=False, test_result_base=None, continue_on_error=False, executor='parallel', parallel_workers=16, event_handlers=None, ignore_user_meta=False, metas=['./colcon.meta'], base_paths=['.'], packages_ignore=None, packages_ignore_regex=None, paths=None, packages_up_to=None, packages_up_to_regex=None, packages_above=None, packages_above_and_dependencies=None, packages_above_depth=None, packages_select_by_dep=None, packages_skip_by_dep=None, packages_skip_up_to=None, packages_select_build_failed=False, packages_skip_build_finished=False, packages_select_test_failures=False, packages_skip_test_passed=False, packages_select=None, packages_skip=None, packages_select_regex=None, packages_skip_regex=None, packages_start=None, packages_end=None, cmake_args=None, cmake_target=None, cmake_target_skip_unavailable=False, cmake_clean_cache=False, cmake_clean_first=False, cmake_force_configure=False, ament_cmake_args=None, catkin_cmake_args=None, catkin_skip_building_tests=False, verb_parser=<colcon_defaults.argument_parser.defaults.DefaultArgumentsDecorator object at 0x7b40cc844860>, verb_extension=<colcon_core.verb.build.BuildVerb object at 0x7b40cc8444a0>, main=<bound method BuildVerb.main of <colcon_core.verb.build.BuildVerb object at 0x7b40cc8444a0>>)
[0.493s] Level 1:colcon.colcon_core.package_discovery:discover_packages(colcon_meta) check parameters
[0.493s] Level 1:colcon.colcon_core.package_discovery:discover_packages(recursive) check parameters
[0.493s] Level 1:colcon.colcon_core.package_discovery:discover_packages(ignore) check parameters
[0.493s] Level 1:colcon.colcon_core.package_discovery:discover_packages(path) check parameters
[0.493s] Level 1:colcon.colcon_core.package_discovery:discover_packages(colcon_meta) discover
[0.493s] Level 1:colcon.colcon_core.package_discovery:discover_packages(recursive) discover
[0.493s] INFO:colcon.colcon_core.package_discovery:Crawling recursively for packages in '/home/cam/projects/CubeRover'
[0.493s] Level 1:colcon.colcon_core.package_identification:_identify(.) by extensions ['ignore', 'ignore_ament_install']
[0.493s] Level 1:colcon.colcon_core.package_identification:_identify(.) by extension 'ignore'
[0.493s] Level 1:colcon.colcon_core.package_identification:_identify(.) by extension 'ignore_ament_install'
[0.493s] Level 1:colcon.colcon_core.package_identification:_identify(.) by extensions ['colcon_pkg']
[0.493s] Level 1:colcon.colcon_core.package_identification:_identify(.) by extension 'colcon_pkg'
[0.493s] Level 1:colcon.colcon_core.package_identification:_identify(.) by extensions ['colcon_meta']
[0.493s] Level 1:colcon.colcon_core.package_identification:_identify(.) by extension 'colcon_meta'
[0.493s] Level 1:colcon.colcon_core.package_identification:_identify(.) by extensions ['ros']
[0.493s] Level 1:colcon.colcon_core.package_identification:_identify(.) by extension 'ros'
[0.533s] Level 1:colcon.colcon_core.package_identification:_identify(.) by extensions ['cmake', 'python']
[0.533s] Level 1:colcon.colcon_core.package_identification:_identify(.) by extension 'cmake'
[0.533s] Level 1:colcon.colcon_core.package_identification:_identify(.) by extension 'python'
[0.533s] Level 1:colcon.colcon_core.package_identification:_identify(.) by extensions ['python_setup_py']
[0.533s] Level 1:colcon.colcon_core.package_identification:_identify(.) by extension 'python_setup_py'
[0.533s] Level 1:colcon.colcon_core.package_identification:_identify(build) by extensions ['ignore', 'ignore_ament_install']
[0.533s] Level 1:colcon.colcon_core.package_identification:_identify(build) by extension 'ignore'
[0.533s] Level 1:colcon.colcon_core.package_identification:_identify(build) ignored
[0.534s] Level 1:colcon.colcon_core.package_identification:_identify(install) by extensions ['ignore', 'ignore_ament_install']
[0.534s] Level 1:colcon.colcon_core.package_identification:_identify(install) by extension 'ignore'
[0.534s] Level 1:colcon.colcon_core.package_identification:_identify(install) ignored
[0.534s] Level 1:colcon.colcon_core.package_identification:_identify(log) by extensions ['ignore', 'ignore_ament_install']
[0.534s] Level 1:colcon.colcon_core.package_identification:_identify(log) by extension 'ignore'
[0.534s] Level 1:colcon.colcon_core.package_identification:_identify(log) ignored
[0.534s] Level 1:colcon.colcon_core.package_identification:_identify(src) by extensions ['ignore', 'ignore_ament_install']
[0.535s] Level 1:colcon.colcon_core.package_identification:_identify(src) by extension 'ignore'
[0.535s] Level 1:colcon.colcon_core.package_identification:_identify(src) by extension 'ignore_ament_install'
[0.535s] Level 1:colcon.colcon_core.package_identification:_identify(src) by extensions ['colcon_pkg']
[0.535s] Level 1:colcon.colcon_core.package_identification:_identify(src) by extension 'colcon_pkg'
[0.535s] Level 1:colcon.colcon_core.package_identification:_identify(src) by extensions ['colcon_meta']
[0.535s] Level 1:colcon.colcon_core.package_identification:_identify(src) by extension 'colcon_meta'
[0.535s] Level 1:colcon.colcon_core.package_identification:_identify(src) by extensions ['ros']
[0.535s] Level 1:colcon.colcon_core.package_identification:_identify(src) by extension 'ros'
[0.535s] Level 1:colcon.colcon_core.package_identification:_identify(src) by extensions ['cmake', 'python']
[0.535s] Level 1:colcon.colcon_core.package_identification:_identify(src) by extension 'cmake'
[0.535s] Level 1:colcon.colcon_core.package_identification:_identify(src) by extension 'python'
[0.535s] Level 1:colcon.colcon_core.package_identification:_identify(src) by extensions ['python_setup_py']
[0.535s] Level 1:colcon.colcon_core.package_identification:_identify(src) by extension 'python_setup_py'
[0.535s] Level 1:colcon.colcon_core.package_identification:_identify(src/pi_controller) by extensions ['ignore', 'ignore_ament_install']
[0.535s] Level 1:colcon.colcon_core.package_identification:_identify(src/pi_controller) by extension 'ignore'
[0.535s] Level 1:colcon.colcon_core.package_identification:_identify(src/pi_controller) by extension 'ignore_ament_install'
[0.535s] Level 1:colcon.colcon_core.package_identification:_identify(src/pi_controller) by extensions ['colcon_pkg']
[0.535s] Level 1:colcon.colcon_core.package_identification:_identify(src/pi_controller) by extension 'colcon_pkg'
[0.535s] Level 1:colcon.colcon_core.package_identification:_identify(src/pi_controller) by extensions ['colcon_meta']
[0.535s] Level 1:colcon.colcon_core.package_identification:_identify(src/pi_controller) by extension 'colcon_meta'
[0.535s] Level 1:colcon.colcon_core.package_identification:_identify(src/pi_controller) by extensions ['ros']
[0.535s] Level 1:colcon.colcon_core.package_identification:_identify(src/pi_controller) by extension 'ros'
[0.539s] DEBUG:colcon.colcon_core.package_identification:Package 'src/pi_controller' with type 'ros.ament_python' and name 'pi_controller'
[0.539s] Level 1:colcon.colcon_core.package_identification:_identify(src/rover_interfaces) by extensions ['ignore', 'ignore_ament_install']
[0.540s] Level 1:colcon.colcon_core.package_identification:_identify(src/rover_interfaces) by extension 'ignore'
[0.540s] Level 1:colcon.colcon_core.package_identification:_identify(src/rover_interfaces) by extension 'ignore_ament_install'
[0.540s] Level 1:colcon.colcon_core.package_identification:_identify(src/rover_interfaces) by extensions ['colcon_pkg']
[0.540s] Level 1:colcon.colcon_core.package_identification:_identify(src/rover_interfaces) by extension 'colcon_pkg'
[0.540s] Level 1:colcon.colcon_core.package_identification:_identify(src/rover_interfaces) by extensions ['colcon_meta']
[0.540s] Level 1:colcon.colcon_core.package_identification:_identify(src/rover_interfaces) by extension 'colcon_meta'
[0.540s] Level 1:colcon.colcon_core.package_identification:_identify(src/rover_interfaces) by extensions ['ros']
[0.540s] Level 1:colcon.colcon_core.package_identification:_identify(src/rover_interfaces) by extension 'ros'
[0.541s] DEBUG:colcon.colcon_core.package_identification:Package 'src/rover_interfaces' with type 'ros.ament_cmake' and name 'rover_interfaces'
[0.541s] Level 1:colcon.colcon_core.package_identification:_identify(venv) by extensions ['ignore', 'ignore_ament_install']
[0.541s] Level 1:colcon.colcon_core.package_identification:_identify(venv) by extension 'ignore'
[0.541s] Level 1:colcon.colcon_core.package_identification:_identify(venv) ignored
[0.541s] Level 1:colcon.colcon_core.package_discovery:discover_packages(recursive) using defaults
[0.541s] Level 1:colcon.colcon_core.package_discovery:discover_packages(ignore) discover
[0.541s] Level 1:colcon.colcon_core.package_discovery:discover_packages(ignore) using defaults
[0.541s] Level 1:colcon.colcon_core.package_discovery:discover_packages(path) discover
[0.541s] Level 1:colcon.colcon_core.package_discovery:discover_packages(path) using defaults
[0.568s] Level 5:colcon.colcon_core.verb:set package 'pi_controller' build argument 'cmake_args' from command line to 'None'
[0.569s] Level 5:colcon.colcon_core.verb:set package 'pi_controller' build argument 'cmake_target' from command line to 'None'
[0.569s] Level 5:colcon.colcon_core.verb:set package 'pi_controller' build argument 'cmake_target_skip_unavailable' from command line to 'False'
[0.569s] Level 5:colcon.colcon_core.verb:set package 'pi_controller' build argument 'cmake_clean_cache' from command line to 'False'
[0.569s] Level 5:colcon.colcon_core.verb:set package 'pi_controller' build argument 'cmake_clean_first' from command line to 'False'
[0.569s] Level 5:colcon.colcon_core.verb:set package 'pi_controller' build argument 'cmake_force_configure' from command line to 'False'
[0.569s] Level 5:colcon.colcon_core.verb:set package 'pi_controller' build argument 'ament_cmake_args' from command line to 'None'
[0.569s] Level 5:colcon.colcon_core.verb:set package 'pi_controller' build argument 'catkin_cmake_args' from command line to 'None'
[0.569s] Level 5:colcon.colcon_core.verb:set package 'pi_controller' build argument 'catkin_skip_building_tests' from command line to 'False'
[0.569s] DEBUG:colcon.colcon_core.verb:Building package 'pi_controller' with the following arguments: {'ament_cmake_args': None, 'build_base': '/home/cam/projects/CubeRover/build/pi_controller', 'catkin_cmake_args': None, 'catkin_skip_building_tests': False, 'cmake_args': None, 'cmake_clean_cache': False, 'cmake_clean_first': False, 'cmake_force_configure': False, 'cmake_target': None, 'cmake_target_skip_unavailable': False, 'install_base': '/home/cam/projects/CubeRover/install/pi_controller', 'merge_install': False, 'path': '/home/cam/projects/CubeRover/src/pi_controller', 'symlink_install': False, 'test_result_base': None}
[0.569s] Level 5:colcon.colcon_core.verb:set package 'rover_interfaces' build argument 'cmake_args' from command line to 'None'
[0.569s] Level 5:colcon.colcon_core.verb:set package 'rover_interfaces' build argument 'cmake_target' from command line to 'None'
[0.569s] Level 5:colcon.colcon_core.verb:set package 'rover_interfaces' build argument 'cmake_target_skip_unavailable' from command line to 'False'
[0.569s] Level 5:colcon.colcon_core.verb:set package 'rover_interfaces' build argument 'cmake_clean_cache' from command line to 'False'
[0.569s] Level 5:colcon.colcon_core.verb:set package 'rover_interfaces' build argument 'cmake_clean_first' from command line to 'False'
[0.569s] Level 5:colcon.colcon_core.verb:set package 'rover_interfaces' build argument 'cmake_force_configure' from command line to 'False'
[0.569s] Level 5:colcon.colcon_core.verb:set package 'rover_interfaces' build argument 'ament_cmake_args' from command line to 'None'
[0.569s] Level 5:colcon.colcon_core.verb:set package 'rover_interfaces' build argument 'catkin_cmake_args' from command line to 'None'
[0.569s] Level 5:colcon.colcon_core.verb:set package 'rover_interfaces' build argument 'catkin_skip_building_tests' from command line to 'False'
[0.569s] DEBUG:colcon.colcon_core.verb:Building package 'rover_interfaces' with the following arguments: {'ament_cmake_args': None, 'build_base': '/home/cam/projects/CubeRover/build/rover_interfaces', 'catkin_cmake_args': None, 'catkin_skip_building_tests': False, 'cmake_args': None, 'cmake_clean_cache': False, 'cmake_clean_first': False, 'cmake_force_configure': False, 'cmake_target': None, 'cmake_target_skip_unavailable': False, 'install_base': '/home/cam/projects/CubeRover/install/rover_interfaces', 'merge_install': False, 'path': '/home/cam/projects/CubeRover/src/rover_interfaces', 'symlink_install': False, 'test_result_base': None}
[0.569s] INFO:colcon.colcon_core.executor:Executing jobs using 'parallel' executor
[0.570s] DEBUG:colcon.colcon_parallel_executor.executor.parallel:run_until_complete
[0.570s] INFO:colcon.colcon_ros.task.ament_python.build:Building ROS package in '/home/cam/projects/CubeRover/src/pi_controller' with build type 'ament_python'
[0.570s] Level 1:colcon.colcon_core.shell:create_environment_hook('pi_controller', 'ament_prefix_path')
[0.575s] INFO:colcon.colcon_core.plugin_system:Skipping extension 'colcon_core.shell.bat': Not used on non-Windows systems
[0.575s] INFO:colcon.colcon_core.shell:Creating environment hook '/home/cam/projects/CubeRover/install/pi_controller/share/pi_controller/hook/ament_prefix_path.ps1'
[0.577s] INFO:colcon.colcon_core.shell:Creating environment descriptor '/home/cam/projects/CubeRover/install/pi_controller/share/pi_controller/hook/ament_prefix_path.dsv'
[0.577s] INFO:colcon.colcon_core.shell:Creating environment hook '/home/cam/projects/CubeRover/install/pi_controller/share/pi_controller/hook/ament_prefix_path.sh'
[0.578s] INFO:colcon.colcon_core.shell:Skip shell extension 'powershell' for command environment: Not usable outside of PowerShell
[0.579s] DEBUG:colcon.colcon_core.shell:Skip shell extension 'dsv' for command environment
[0.587s] INFO:colcon.colcon_ros.task.ament_cmake.build:Building ROS package in '/home/cam/projects/CubeRover/src/rover_interfaces' with build type 'ament_cmake'
[0.587s] INFO:colcon.colcon_cmake.task.cmake.build:Building CMake package in '/home/cam/projects/CubeRover/src/rover_interfaces'
[0.588s] INFO:colcon.colcon_core.shell:Skip shell extension 'powershell' for command environment: Not usable outside of PowerShell
[0.588s] DEBUG:colcon.colcon_core.shell:Skip shell extension 'dsv' for command environment
[0.778s] INFO:colcon.colcon_core.task.python.build:Building Python package in '/home/cam/projects/CubeRover/src/pi_controller'
[0.778s] INFO:colcon.colcon_core.shell:Skip shell extension 'powershell' for command environment: Not usable outside of PowerShell
[0.778s] DEBUG:colcon.colcon_core.shell:Skip shell extension 'dsv' for command environment
[0.786s] DEBUG:colcon.colcon_core.event_handler.log_command:Invoking command in '/home/cam/projects/CubeRover/build/rover_interfaces': CMAKE_PREFIX_PATH=${CMAKE_PREFIX_PATH}:/home/cam/projects/CubeRover/install/pi_controller:/opt/ros/jazzy PS1=(venv) \[\e]0;\u@\h: \w\a\]${debian_chroot:+($debian_chroot)}\[\033[01;32m\]\u@\h\[\033[00m\]:\[\033[01;34m\]\w\[\033[00m\]\$ /usr/bin/cmake --build /home/cam/projects/CubeRover/build/rover_interfaces -- -j16 -l16
[1.187s] DEBUG:colcon.colcon_core.event_handler.log_command:Invoking command in '/home/cam/projects/CubeRover/src/pi_controller': PS1=(venv) \[\e]0;\u@\h: \w\a\]${debian_chroot:+($debian_chroot)}\[\033[01;32m\]\u@\h\[\033[00m\]:\[\033[01;34m\]\w\[\033[00m\]\$ PYTHONPATH=/home/cam/projects/CubeRover/build/pi_controller/prefix_override:/home/cam/projects/CubeRover/venv/lib/python3.12/site-packages/colcon_core/task/python/colcon_distutils_commands:/home/cam/projects/CubeRover/install/pi_controller/lib/python3.12/site-packages:${PYTHONPATH} /home/cam/projects/CubeRover/venv/bin/python -W ignore:setup.py install is deprecated -W ignore:easy_install command is deprecated setup.py egg_info --egg-base ../../build/pi_controller build --build-base /home/cam/projects/CubeRover/build/pi_controller/build install --record /home/cam/projects/CubeRover/build/pi_controller/install.log --single-version-externally-managed install_data
[1.341s] DEBUG:colcon.colcon_core.event_handler.log_command:Invoked command in '/home/cam/projects/CubeRover/build/rover_interfaces' returned '0': CMAKE_PREFIX_PATH=${CMAKE_PREFIX_PATH}:/home/cam/projects/CubeRover/install/pi_controller:/opt/ros/jazzy PS1=(venv) \[\e]0;\u@\h: \w\a\]${debian_chroot:+($debian_chroot)}\[\033[01;32m\]\u@\h\[\033[00m\]:\[\033[01;34m\]\w\[\033[00m\]\$ /usr/bin/cmake --build /home/cam/projects/CubeRover/build/rover_interfaces -- -j16 -l16
[1.354s] DEBUG:colcon.colcon_core.event_handler.log_command:Invoking command in '/home/cam/projects/CubeRover/build/rover_interfaces': CMAKE_PREFIX_PATH=${CMAKE_PREFIX_PATH}:/home/cam/projects/CubeRover/install/pi_controller:/opt/ros/jazzy PS1=(venv) \[\e]0;\u@\h: \w\a\]${debian_chroot:+($debian_chroot)}\[\033[01;32m\]\u@\h\[\033[00m\]:\[\033[01;34m\]\w\[\033[00m\]\$ /usr/bin/cmake --install /home/cam/projects/CubeRover/build/rover_interfaces
[1.443s] Level 1:colcon.colcon_core.environment:create_environment_scripts_only(rover_interfaces)
[1.443s] DEBUG:colcon.colcon_core.event_handler.log_command:Invoked command in '/home/cam/projects/CubeRover/build/rover_interfaces' returned '0': CMAKE_PREFIX_PATH=${CMAKE_PREFIX_PATH}:/home/cam/projects/CubeRover/install/pi_controller:/opt/ros/jazzy PS1=(venv) \[\e]0;\u@\h: \w\a\]${debian_chroot:+($debian_chroot)}\[\033[01;32m\]\u@\h\[\033[00m\]:\[\033[01;34m\]\w\[\033[00m\]\$ /usr/bin/cmake --install /home/cam/projects/CubeRover/build/rover_interfaces
[1.449s] Level 1:colcon.colcon_core.environment:checking '/home/cam/projects/CubeRover/install/rover_interfaces' for CMake module files
[1.450s] Level 1:colcon.colcon_core.environment:checking '/home/cam/projects/CubeRover/install/rover_interfaces' for CMake config files
[1.451s] Level 1:colcon.colcon_core.shell:create_environment_hook('rover_interfaces', 'cmake_prefix_path')
[1.451s] INFO:colcon.colcon_core.shell:Creating environment hook '/home/cam/projects/CubeRover/install/rover_interfaces/share/rover_interfaces/hook/cmake_prefix_path.ps1'
[1.452s] INFO:colcon.colcon_core.shell:Creating environment descriptor '/home/cam/projects/CubeRover/install/rover_interfaces/share/rover_interfaces/hook/cmake_prefix_path.dsv'
[1.452s] INFO:colcon.colcon_core.shell:Creating environment hook '/home/cam/projects/CubeRover/install/rover_interfaces/share/rover_interfaces/hook/cmake_prefix_path.sh'
[1.453s] Level 1:colcon.colcon_core.environment:checking '/home/cam/projects/CubeRover/install/rover_interfaces/lib'
[1.454s] Level 1:colcon.colcon_core.shell:create_environment_hook('rover_interfaces', 'ld_library_path_lib')
[1.454s] INFO:colcon.colcon_core.shell:Creating environment hook '/home/cam/projects/CubeRover/install/rover_interfaces/share/rover_interfaces/hook/ld_library_path_lib.ps1'
[1.454s] INFO:colcon.colcon_core.shell:Creating environment descriptor '/home/cam/projects/CubeRover/install/rover_interfaces/share/rover_interfaces/hook/ld_library_path_lib.dsv'
[1.455s] INFO:colcon.colcon_core.shell:Creating environment hook '/home/cam/projects/CubeRover/install/rover_interfaces/share/rover_interfaces/hook/ld_library_path_lib.sh'
[1.455s] Level 1:colcon.colcon_core.environment:checking '/home/cam/projects/CubeRover/install/rover_interfaces/bin'
[1.455s] Level 1:colcon.colcon_core.environment:checking '/home/cam/projects/CubeRover/install/rover_interfaces/lib/pkgconfig/rover_interfaces.pc'
[1.455s] Level 1:colcon.colcon_core.environment:checking '/home/cam/projects/CubeRover/install/rover_interfaces/lib/python3.12/site-packages'
[1.456s] Level 1:colcon.colcon_core.shell:create_environment_hook('rover_interfaces', 'pythonpath')
[1.456s] INFO:colcon.colcon_core.shell:Creating environment hook '/home/cam/projects/CubeRover/install/rover_interfaces/share/rover_interfaces/hook/pythonpath.ps1'
[1.456s] INFO:colcon.colcon_core.shell:Creating environment descriptor '/home/cam/projects/CubeRover/install/rover_interfaces/share/rover_interfaces/hook/pythonpath.dsv'
[1.457s] INFO:colcon.colcon_core.shell:Creating environment hook '/home/cam/projects/CubeRover/install/rover_interfaces/share/rover_interfaces/hook/pythonpath.sh'
[1.457s] Level 1:colcon.colcon_core.environment:checking '/home/cam/projects/CubeRover/install/rover_interfaces/bin'
[1.457s] INFO:colcon.colcon_core.shell:Creating package script '/home/cam/projects/CubeRover/install/rover_interfaces/share/rover_interfaces/package.ps1'
[1.459s] INFO:colcon.colcon_core.shell:Creating package descriptor '/home/cam/projects/CubeRover/install/rover_interfaces/share/rover_interfaces/package.dsv'
[1.461s] INFO:colcon.colcon_core.shell:Creating package script '/home/cam/projects/CubeRover/install/rover_interfaces/share/rover_interfaces/package.sh'
[1.463s] INFO:colcon.colcon_core.shell:Creating package script '/home/cam/projects/CubeRover/install/rover_interfaces/share/rover_interfaces/package.bash'
[1.465s] INFO:colcon.colcon_core.shell:Creating package script '/home/cam/projects/CubeRover/install/rover_interfaces/share/rover_interfaces/package.zsh'
[1.468s] Level 1:colcon.colcon_core.environment:create_file_with_runtime_dependencies(/home/cam/projects/CubeRover/install/rover_interfaces/share/colcon-core/packages/rover_interfaces)
[1.469s] Level 1:colcon.colcon_core.environment:create_environment_scripts_only(rover_interfaces)
[1.469s] Level 1:colcon.colcon_core.environment:checking '/home/cam/projects/CubeRover/install/rover_interfaces' for CMake module files
[1.471s] Level 1:colcon.colcon_core.environment:checking '/home/cam/projects/CubeRover/install/rover_interfaces' for CMake config files
[1.471s] Level 1:colcon.colcon_core.shell:create_environment_hook('rover_interfaces', 'cmake_prefix_path')
[1.471s] INFO:colcon.colcon_core.shell:Creating environment hook '/home/cam/projects/CubeRover/install/rover_interfaces/share/rover_interfaces/hook/cmake_prefix_path.ps1'
[1.472s] INFO:colcon.colcon_core.shell:Creating environment descriptor '/home/cam/projects/CubeRover/install/rover_interfaces/share/rover_interfaces/hook/cmake_prefix_path.dsv'
[1.473s] INFO:colcon.colcon_core.shell:Creating environment hook '/home/cam/projects/CubeRover/install/rover_interfaces/share/rover_interfaces/hook/cmake_prefix_path.sh'
[1.474s] Level 1:colcon.colcon_core.environment:checking '/home/cam/projects/CubeRover/install/rover_interfaces/lib'
[1.474s] Level 1:colcon.colcon_core.shell:create_environment_hook('rover_interfaces', 'ld_library_path_lib')
[1.474s] INFO:colcon.colcon_core.shell:Creating environment hook '/home/cam/projects/CubeRover/install/rover_interfaces/share/rover_interfaces/hook/ld_library_path_lib.ps1'
[1.475s] INFO:colcon.colcon_core.shell:Creating environment descriptor '/home/cam/projects/CubeRover/install/rover_interfaces/share/rover_interfaces/hook/ld_library_path_lib.dsv'
[1.475s] INFO:colcon.colcon_core.shell:Creating environment hook '/home/cam/projects/CubeRover/install/rover_interfaces/share/rover_interfaces/hook/ld_library_path_lib.sh'
[1.476s] Level 1:colcon.colcon_core.environment:checking '/home/cam/projects/CubeRover/install/rover_interfaces/bin'
[1.476s] Level 1:colcon.colcon_core.environment:checking '/home/cam/projects/CubeRover/install/rover_interfaces/lib/pkgconfig/rover_interfaces.pc'
[1.476s] Level 1:colcon.colcon_core.environment:checking '/home/cam/projects/CubeRover/install/rover_interfaces/lib/python3.12/site-packages'
[1.476s] Level 1:colcon.colcon_core.shell:create_environment_hook('rover_interfaces', 'pythonpath')
[1.476s] INFO:colcon.colcon_core.shell:Creating environment hook '/home/cam/projects/CubeRover/install/rover_interfaces/share/rover_interfaces/hook/pythonpath.ps1'
[1.477s] INFO:colcon.colcon_core.shell:Creating environment descriptor '/home/cam/projects/CubeRover/install/rover_interfaces/share/rover_interfaces/hook/pythonpath.dsv'
[1.477s] INFO:colcon.colcon_core.shell:Creating environment hook '/home/cam/projects/CubeRover/install/rover_interfaces/share/rover_interfaces/hook/pythonpath.sh'
[1.478s] Level 1:colcon.colcon_core.environment:checking '/home/cam/projects/CubeRover/install/rover_interfaces/bin'
[1.478s] INFO:colcon.colcon_core.shell:Creating package script '/home/cam/projects/CubeRover/install/rover_interfaces/share/rover_interfaces/package.ps1'
[1.479s] INFO:colcon.colcon_core.shell:Creating package descriptor '/home/cam/projects/CubeRover/install/rover_interfaces/share/rover_interfaces/package.dsv'
[1.480s] INFO:colcon.colcon_core.shell:Creating package script '/home/cam/projects/CubeRover/install/rover_interfaces/share/rover_interfaces/package.sh'
[1.481s] INFO:colcon.colcon_core.shell:Creating package script '/home/cam/projects/CubeRover/install/rover_interfaces/share/rover_interfaces/package.bash'
[1.481s] INFO:colcon.colcon_core.shell:Creating package script '/home/cam/projects/CubeRover/install/rover_interfaces/share/rover_interfaces/package.zsh'
[1.482s] Level 1:colcon.colcon_core.environment:create_file_with_runtime_dependencies(/home/cam/projects/CubeRover/install/rover_interfaces/share/colcon-core/packages/rover_interfaces)
[1.569s] Level 1:colcon.colcon_core.environment:checking '/home/cam/projects/CubeRover/install/pi_controller' for CMake module files
[1.569s] DEBUG:colcon.colcon_core.event_handler.log_command:Invoked command in '/home/cam/projects/CubeRover/src/pi_controller' returned '0': PS1=(venv) \[\e]0;\u@\h: \w\a\]${debian_chroot:+($debian_chroot)}\[\033[01;32m\]\u@\h\[\033[00m\]:\[\033[01;34m\]\w\[\033[00m\]\$ PYTHONPATH=/home/cam/projects/CubeRover/build/pi_controller/prefix_override:/home/cam/projects/CubeRover/venv/lib/python3.12/site-packages/colcon_core/task/python/colcon_distutils_commands:/home/cam/projects/CubeRover/install/pi_controller/lib/python3.12/site-packages:${PYTHONPATH} /home/cam/projects/CubeRover/venv/bin/python -W ignore:setup.py install is deprecated -W ignore:easy_install command is deprecated setup.py egg_info --egg-base ../../build/pi_controller build --build-base /home/cam/projects/CubeRover/build/pi_controller/build install --record /home/cam/projects/CubeRover/build/pi_controller/install.log --single-version-externally-managed install_data
[1.570s] Level 1:colcon.colcon_core.environment:checking '/home/cam/projects/CubeRover/install/pi_controller' for CMake config files
[1.573s] Level 1:colcon.colcon_core.environment:checking '/home/cam/projects/CubeRover/install/pi_controller/lib'
[1.573s] Level 1:colcon.colcon_core.environment:checking '/home/cam/projects/CubeRover/install/pi_controller/bin'
[1.573s] Level 1:colcon.colcon_core.shell:create_environment_hook('pi_controller', 'path')
[1.574s] INFO:colcon.colcon_core.shell:Creating environment hook '/home/cam/projects/CubeRover/install/pi_controller/share/pi_controller/hook/path.ps1'
[1.574s] INFO:colcon.colcon_core.shell:Creating environment descriptor '/home/cam/projects/CubeRover/install/pi_controller/share/pi_controller/hook/path.dsv'
[1.575s] INFO:colcon.colcon_core.shell:Creating environment hook '/home/cam/projects/CubeRover/install/pi_controller/share/pi_controller/hook/path.sh'
[1.575s] Level 1:colcon.colcon_core.environment:checking '/home/cam/projects/CubeRover/install/pi_controller/lib/pkgconfig/pi_controller.pc'
[1.575s] Level 1:colcon.colcon_core.environment:checking '/home/cam/projects/CubeRover/install/pi_controller/lib/python3.12/site-packages'
[1.575s] Level 1:colcon.colcon_core.shell:create_environment_hook('pi_controller', 'pythonpath')
[1.576s] INFO:colcon.colcon_core.shell:Creating environment hook '/home/cam/projects/CubeRover/install/pi_controller/share/pi_controller/hook/pythonpath.ps1'
[1.576s] INFO:colcon.colcon_core.shell:Creating environment descriptor '/home/cam/projects/CubeRover/install/pi_controller/share/pi_controller/hook/pythonpath.dsv'
[1.576s] INFO:colcon.colcon_core.shell:Creating environment hook '/home/cam/projects/CubeRover/install/pi_controller/share/pi_controller/hook/pythonpath.sh'
[1.577s] Level 1:colcon.colcon_core.environment:checking '/home/cam/projects/CubeRover/install/pi_controller/bin'
[1.577s] Level 1:colcon.colcon_core.shell:create_environment_hook('pi_controller', 'pythonscriptspath')
[1.577s] INFO:colcon.colcon_core.shell:Creating environment hook '/home/cam/projects/CubeRover/install/pi_controller/share/pi_controller/hook/pythonscriptspath.ps1'
[1.578s] INFO:colcon.colcon_core.shell:Creating environment descriptor '/home/cam/projects/CubeRover/install/pi_controller/share/pi_controller/hook/pythonscriptspath.dsv'
[1.578s] INFO:colcon.colcon_core.shell:Creating environment hook '/home/cam/projects/CubeRover/install/pi_controller/share/pi_controller/hook/pythonscriptspath.sh'
[1.579s] Level 1:colcon.colcon_core.environment:create_environment_scripts_only(pi_controller)
[1.579s] INFO:colcon.colcon_core.shell:Creating package script '/home/cam/projects/CubeRover/install/pi_controller/share/pi_controller/package.ps1'
[1.579s] INFO:colcon.colcon_core.shell:Creating package descriptor '/home/cam/projects/CubeRover/install/pi_controller/share/pi_controller/package.dsv'
[1.580s] INFO:colcon.colcon_core.shell:Creating package script '/home/cam/projects/CubeRover/install/pi_controller/share/pi_controller/package.sh'
[1.581s] INFO:colcon.colcon_core.shell:Creating package script '/home/cam/projects/CubeRover/install/pi_controller/share/pi_controller/package.bash'
[1.581s] INFO:colcon.colcon_core.shell:Creating package script '/home/cam/projects/CubeRover/install/pi_controller/share/pi_controller/package.zsh'
[1.581s] Level 1:colcon.colcon_core.environment:create_file_with_runtime_dependencies(/home/cam/projects/CubeRover/install/pi_controller/share/colcon-core/packages/pi_controller)
[1.582s] DEBUG:colcon.colcon_parallel_executor.executor.parallel:closing loop
[1.582s] DEBUG:colcon.colcon_parallel_executor.executor.parallel:loop closed
[1.582s] DEBUG:colcon.colcon_parallel_executor.executor.parallel:run_until_complete finished with '0'
[1.582s] DEBUG:colcon.colcon_core.event_reactor:joining thread
[1.587s] INFO:colcon.colcon_core.plugin_system:Skipping extension 'colcon_notification.desktop_notification.notify2': 'notify2' not found
[1.652s] INFO:colcon.colcon_core.plugin_system:Skipping extension 'colcon_notification.desktop_notification.notify_send': Could not find 'notify-send'
[1.652s] INFO:colcon.colcon_core.plugin_system:Skipping extension 'colcon_notification.desktop_notification.terminal_notifier': Not used on non-Darwin systems
[1.652s] INFO:colcon.colcon_core.plugin_system:Skipping extension 'colcon_notification.desktop_notification.win32': Not used on non-Windows systems
[1.653s] DEBUG:colcon.colcon_core.event_reactor:joined thread
[1.653s] INFO:colcon.colcon_core.shell:Creating prefix script '/home/cam/projects/CubeRover/install/local_setup.ps1'
[1.655s] INFO:colcon.colcon_core.shell:Creating prefix util module '/home/cam/projects/CubeRover/install/_local_setup_util_ps1.py'
[1.657s] INFO:colcon.colcon_core.shell:Creating prefix chain script '/home/cam/projects/CubeRover/install/setup.ps1'
[1.658s] INFO:colcon.colcon_core.shell:Creating prefix script '/home/cam/projects/CubeRover/install/local_setup.sh'
[1.659s] INFO:colcon.colcon_core.shell:Creating prefix util module '/home/cam/projects/CubeRover/install/_local_setup_util_sh.py'
[1.660s] INFO:colcon.colcon_core.shell:Creating prefix chain script '/home/cam/projects/CubeRover/install/setup.sh'
[1.661s] INFO:colcon.colcon_core.shell:Creating prefix script '/home/cam/projects/CubeRover/install/local_setup.bash'
[1.662s] INFO:colcon.colcon_core.shell:Creating prefix chain script '/home/cam/projects/CubeRover/install/setup.bash'
[1.663s] INFO:colcon.colcon_core.shell:Creating prefix script '/home/cam/projects/CubeRover/install/local_setup.zsh'
[1.664s] INFO:colcon.colcon_core.shell:Creating prefix chain script '/home/cam/projects/CubeRover/install/setup.zsh'
