[0.570s] Invoking command in '/home/cam/projects/CubeRover/src/pi_controller': PS1=(venv) \[\e]0;\u@\h: \w\a\]${debian_chroot:+($debian_chroot)}\[\033[01;32m\]\u@\h\[\033[00m\]:\[\033[01;34m\]\w\[\033[00m\]\$ PYTHONPATH=/home/cam/projects/CubeRover/build/pi_controller/prefix_override:/home/cam/projects/CubeRover/venv/lib/python3.12/site-packages/colcon_core/task/python/colcon_distutils_commands:/home/cam/projects/CubeRover/install/pi_controller/lib/python3.12/site-packages:${PYTHONPATH} /home/cam/projects/CubeRover/venv/bin/python -W ignore:setup.py install is deprecated -W ignore:easy_install command is deprecated setup.py egg_info --egg-base ../../build/pi_controller build --build-base /home/cam/projects/CubeRover/build/pi_controller/build install --record /home/cam/projects/CubeRover/build/pi_controller/install.log --single-version-externally-managed install_data
[0.703s] /home/cam/projects/CubeRover/venv/lib/python3.12/site-packages/setuptools/_distutils/dist.py:289: UserWarning: Unknown distribution option: 'tests_require'
[0.703s]   warnings.warn(msg)
[0.790s] running egg_info
[0.803s] writing ../../build/pi_controller/Serial.egg-info/PKG-INFO
[0.804s] writing dependency_links to ../../build/pi_controller/Serial.egg-info/dependency_links.txt
[0.804s] writing entry points to ../../build/pi_controller/Serial.egg-info/entry_points.txt
[0.804s] writing requirements to ../../build/pi_controller/Serial.egg-info/requires.txt
[0.804s] writing top-level names to ../../build/pi_controller/Serial.egg-info/top_level.txt
[0.834s] reading manifest file '../../build/pi_controller/Serial.egg-info/SOURCES.txt'
[0.834s] adding license file 'LICENSE'
[0.835s] writing manifest file '../../build/pi_controller/Serial.egg-info/SOURCES.txt'
[0.835s] running build
[0.836s] running build_py
[0.836s] copying pi_controller/__init__.py -> /home/cam/projects/CubeRover/build/pi_controller/build/lib/pi_controller
[0.836s] copying pi_controller/python_serial_teensy.py -> /home/cam/projects/CubeRover/build/pi_controller/build/lib/pi_controller
[0.836s] running install
[0.840s] running install_lib
[0.853s] copying /home/cam/projects/CubeRover/build/pi_controller/build/lib/pi_controller/python_serial_teensy.py -> /home/cam/projects/CubeRover/install/pi_controller/lib/python3.12/site-packages/pi_controller
[0.854s] byte-compiling /home/cam/projects/CubeRover/install/pi_controller/lib/python3.12/site-packages/pi_controller/python_serial_teensy.py to python_serial_teensy.cpython-312.pyc
[0.855s] running install_data
[0.856s] copying resource/pi_controller -> /home/cam/projects/CubeRover/install/pi_controller/share/ament_index/resource_index/packages
[0.856s] copying package.xml -> /home/cam/projects/CubeRover/install/pi_controller/share/pi_controller
[0.856s] running install_egg_info
[0.872s] removing '/home/cam/projects/CubeRover/install/pi_controller/lib/python3.12/site-packages/Serial-0.0.1-py3.12.egg-info' (and everything under it)
[0.873s] Copying ../../build/pi_controller/Serial.egg-info to /home/cam/projects/CubeRover/install/pi_controller/lib/python3.12/site-packages/Serial-0.0.1-py3.12.egg-info
[0.874s] running install_scripts
[0.907s] Installing Serial script to /home/cam/projects/CubeRover/install/pi_controller/bin
[0.907s] writing list of installed files to '/home/cam/projects/CubeRover/build/pi_controller/install.log'
[0.926s] Invoked command in '/home/cam/projects/CubeRover/src/pi_controller' returned '0': PS1=(venv) \[\e]0;\u@\h: \w\a\]${debian_chroot:+($debian_chroot)}\[\033[01;32m\]\u@\h\[\033[00m\]:\[\033[01;34m\]\w\[\033[00m\]\$ PYTHONPATH=/home/cam/projects/CubeRover/build/pi_controller/prefix_override:/home/cam/projects/CubeRover/venv/lib/python3.12/site-packages/colcon_core/task/python/colcon_distutils_commands:/home/cam/projects/CubeRover/install/pi_controller/lib/python3.12/site-packages:${PYTHONPATH} /home/cam/projects/CubeRover/venv/bin/python -W ignore:setup.py install is deprecated -W ignore:easy_install command is deprecated setup.py egg_info --egg-base ../../build/pi_controller build --build-base /home/cam/projects/CubeRover/build/pi_controller/build install --record /home/cam/projects/CubeRover/build/pi_controller/install.log --single-version-externally-managed install_data
