[0.192s] Invoking command in '/home/cam/projects/CubeRover/build/rover_interfaces': CMAKE_PREFIX_PATH=${CMAKE_PREFIX_PATH}:/home/cam/projects/CubeRover/install/pi_controller:/opt/ros/jazzy PS1=\[\e]0;\u@\h: \w\a\]${debian_chroot:+($debian_chroot)}\[\033[01;32m\]\u@\h\[\033[00m\]:\[\033[01;34m\]\w\[\033[00m\]\$ /usr/bin/cmake --build /home/cam/projects/CubeRover/build/rover_interfaces -- -j16 -l16
[0.238s] [  2%] Built target rover_interfaces__rosidl_generator_type_description
[0.248s] [  2%] Built target ament_cmake_python_copy_rover_interfaces
[0.259s] [ 13%] Built target rover_interfaces__cpp
[0.259s] [ 22%] Built target rover_interfaces__rosidl_generator_c
[0.283s] [ 38%] Built target rover_interfaces__rosidl_typesupport_introspection_c
[0.283s] [ 40%] Built target rover_interfaces__rosidl_typesupport_c
[0.286s] [ 59%] Built target rover_interfaces__rosidl_typesupport_introspection_cpp
[0.286s] [ 59%] Built target rover_interfaces__rosidl_typesupport_cpp
[0.287s] [ 68%] Built target rover_interfaces__rosidl_typesupport_fastrtps_cpp
[0.288s] [ 77%] Built target rover_interfaces__rosidl_typesupport_fastrtps_c
[0.306s] [ 77%] Built target rover_interfaces
[0.324s] [ 79%] Built target rover_interfaces__py
[0.343s] [ 86%] Built target rover_interfaces__rosidl_generator_py
[0.364s] [ 97%] Built target rover_interfaces_s__rosidl_typesupport_introspection_c
[0.364s] [100%] Built target rover_interfaces_s__rosidl_typesupport_c
[0.364s] [ 97%] Built target rover_interfaces_s__rosidl_typesupport_fastrtps_c
[0.457s] running egg_info
[0.476s] writing rover_interfaces.egg-info/PKG-INFO
[0.476s] writing dependency_links to rover_interfaces.egg-info/dependency_links.txt
[0.476s] writing top-level names to rover_interfaces.egg-info/top_level.txt
[0.534s] reading manifest file 'rover_interfaces.egg-info/SOURCES.txt'
[0.535s] writing manifest file 'rover_interfaces.egg-info/SOURCES.txt'
[0.561s] [100%] Built target ament_cmake_python_build_rover_interfaces_egg
[0.571s] Invoked command in '/home/cam/projects/CubeRover/build/rover_interfaces' returned '0': CMAKE_PREFIX_PATH=${CMAKE_PREFIX_PATH}:/home/cam/projects/CubeRover/install/pi_controller:/opt/ros/jazzy PS1=\[\e]0;\u@\h: \w\a\]${debian_chroot:+($debian_chroot)}\[\033[01;32m\]\u@\h\[\033[00m\]:\[\033[01;34m\]\w\[\033[00m\]\$ /usr/bin/cmake --build /home/cam/projects/CubeRover/build/rover_interfaces -- -j16 -l16
[0.579s] Invoking command in '/home/cam/projects/CubeRover/build/rover_interfaces': CMAKE_PREFIX_PATH=${CMAKE_PREFIX_PATH}:/home/cam/projects/CubeRover/install/pi_controller:/opt/ros/jazzy PS1=\[\e]0;\u@\h: \w\a\]${debian_chroot:+($debian_chroot)}\[\033[01;32m\]\u@\h\[\033[00m\]:\[\033[01;34m\]\w\[\033[00m\]\$ /usr/bin/cmake --install /home/cam/projects/CubeRover/build/rover_interfaces
[0.586s] -- Install configuration: ""
[0.586s] -- Up-to-date: /home/cam/projects/CubeRover/install/rover_interfaces/share/ament_index/resource_index/rosidl_interfaces/rover_interfaces
[0.587s] -- Up-to-date: /home/cam/projects/CubeRover/install/rover_interfaces/share/rover_interfaces/msg/TelemData.json
[0.587s] -- Up-to-date: /home/cam/projects/CubeRover/install/rover_interfaces/share/rover_interfaces/srv/RoverCommand.json
[0.587s] -- Up-to-date: /home/cam/projects/CubeRover/install/rover_interfaces/include/rover_interfaces/rover_interfaces
[0.587s] -- Up-to-date: /home/cam/projects/CubeRover/install/rover_interfaces/include/rover_interfaces/rover_interfaces/srv
[0.588s] -- Up-to-date: /home/cam/projects/CubeRover/install/rover_interfaces/include/rover_interfaces/rover_interfaces/srv/rover_command.h
[0.588s] -- Up-to-date: /home/cam/projects/CubeRover/install/rover_interfaces/include/rover_interfaces/rover_interfaces/srv/detail
[0.588s] -- Up-to-date: /home/cam/projects/CubeRover/install/rover_interfaces/include/rover_interfaces/rover_interfaces/srv/detail/rover_command__type_support.c
[0.588s] -- Up-to-date: /home/cam/projects/CubeRover/install/rover_interfaces/include/rover_interfaces/rover_interfaces/srv/detail/rover_command__description.c
[0.588s] -- Up-to-date: /home/cam/projects/CubeRover/install/rover_interfaces/include/rover_interfaces/rover_interfaces/srv/detail/rover_command__struct.h
[0.589s] -- Up-to-date: /home/cam/projects/CubeRover/install/rover_interfaces/include/rover_interfaces/rover_interfaces/srv/detail/rover_command__functions.c
[0.589s] -- Up-to-date: /home/cam/projects/CubeRover/install/rover_interfaces/include/rover_interfaces/rover_interfaces/srv/detail/rover_command__functions.h
[0.589s] -- Up-to-date: /home/cam/projects/CubeRover/install/rover_interfaces/include/rover_interfaces/rover_interfaces/srv/detail/rover_command__type_support.h
[0.589s] -- Up-to-date: /home/cam/projects/CubeRover/install/rover_interfaces/include/rover_interfaces/rover_interfaces/msg
[0.590s] -- Up-to-date: /home/cam/projects/CubeRover/install/rover_interfaces/include/rover_interfaces/rover_interfaces/msg/telem_data.h
[0.590s] -- Up-to-date: /home/cam/projects/CubeRover/install/rover_interfaces/include/rover_interfaces/rover_interfaces/msg/detail
[0.590s] -- Up-to-date: /home/cam/projects/CubeRover/install/rover_interfaces/include/rover_interfaces/rover_interfaces/msg/detail/telem_data__functions.c
[0.590s] -- Up-to-date: /home/cam/projects/CubeRover/install/rover_interfaces/include/rover_interfaces/rover_interfaces/msg/detail/telem_data__struct.h
[0.590s] -- Up-to-date: /home/cam/projects/CubeRover/install/rover_interfaces/include/rover_interfaces/rover_interfaces/msg/detail/telem_data__type_support.h
[0.590s] -- Up-to-date: /home/cam/projects/CubeRover/install/rover_interfaces/include/rover_interfaces/rover_interfaces/msg/detail/telem_data__functions.h
[0.591s] -- Up-to-date: /home/cam/projects/CubeRover/install/rover_interfaces/include/rover_interfaces/rover_interfaces/msg/detail/telem_data__description.c
[0.591s] -- Up-to-date: /home/cam/projects/CubeRover/install/rover_interfaces/include/rover_interfaces/rover_interfaces/msg/detail/telem_data__type_support.c
[0.591s] -- Up-to-date: /home/cam/projects/CubeRover/install/rover_interfaces/include/rover_interfaces/rover_interfaces/msg/rosidl_generator_c__visibility_control.h
[0.591s] -- Up-to-date: /home/cam/projects/CubeRover/install/rover_interfaces/share/rover_interfaces/environment/library_path.sh
[0.591s] -- Up-to-date: /home/cam/projects/CubeRover/install/rover_interfaces/share/rover_interfaces/environment/library_path.dsv
[0.591s] -- Up-to-date: /home/cam/projects/CubeRover/install/rover_interfaces/lib/librover_interfaces__rosidl_generator_c.so
[0.591s] -- Up-to-date: /home/cam/projects/CubeRover/install/rover_interfaces/include/rover_interfaces/rover_interfaces
[0.592s] -- Up-to-date: /home/cam/projects/CubeRover/install/rover_interfaces/include/rover_interfaces/rover_interfaces/srv
[0.592s] -- Up-to-date: /home/cam/projects/CubeRover/install/rover_interfaces/include/rover_interfaces/rover_interfaces/srv/detail
[0.592s] -- Up-to-date: /home/cam/projects/CubeRover/install/rover_interfaces/include/rover_interfaces/rover_interfaces/srv/detail/rover_command__rosidl_typesupport_fastrtps_c.h
[0.592s] -- Up-to-date: /home/cam/projects/CubeRover/install/rover_interfaces/include/rover_interfaces/rover_interfaces/msg
[0.593s] -- Up-to-date: /home/cam/projects/CubeRover/install/rover_interfaces/include/rover_interfaces/rover_interfaces/msg/rosidl_typesupport_fastrtps_c__visibility_control.h
[0.593s] -- Up-to-date: /home/cam/projects/CubeRover/install/rover_interfaces/include/rover_interfaces/rover_interfaces/msg/detail
[0.594s] -- Up-to-date: /home/cam/projects/CubeRover/install/rover_interfaces/include/rover_interfaces/rover_interfaces/msg/detail/telem_data__rosidl_typesupport_fastrtps_c.h
[0.594s] -- Up-to-date: /home/cam/projects/CubeRover/install/rover_interfaces/lib/librover_interfaces__rosidl_typesupport_fastrtps_c.so
[0.594s] -- Up-to-date: /home/cam/projects/CubeRover/install/rover_interfaces/include/rover_interfaces/rover_interfaces
[0.594s] -- Up-to-date: /home/cam/projects/CubeRover/install/rover_interfaces/include/rover_interfaces/rover_interfaces/srv
[0.594s] -- Up-to-date: /home/cam/projects/CubeRover/install/rover_interfaces/include/rover_interfaces/rover_interfaces/srv/detail
[0.594s] -- Up-to-date: /home/cam/projects/CubeRover/install/rover_interfaces/include/rover_interfaces/rover_interfaces/srv/detail/rover_command__type_support.c
[0.595s] -- Up-to-date: /home/cam/projects/CubeRover/install/rover_interfaces/include/rover_interfaces/rover_interfaces/srv/detail/rover_command__rosidl_typesupport_introspection_c.h
[0.595s] -- Up-to-date: /home/cam/projects/CubeRover/install/rover_interfaces/include/rover_interfaces/rover_interfaces/msg
[0.595s] -- Up-to-date: /home/cam/projects/CubeRover/install/rover_interfaces/include/rover_interfaces/rover_interfaces/msg/rosidl_typesupport_introspection_c__visibility_control.h
[0.595s] -- Up-to-date: /home/cam/projects/CubeRover/install/rover_interfaces/include/rover_interfaces/rover_interfaces/msg/detail
[0.595s] -- Up-to-date: /home/cam/projects/CubeRover/install/rover_interfaces/include/rover_interfaces/rover_interfaces/msg/detail/telem_data__rosidl_typesupport_introspection_c.h
[0.595s] -- Up-to-date: /home/cam/projects/CubeRover/install/rover_interfaces/include/rover_interfaces/rover_interfaces/msg/detail/telem_data__type_support.c
[0.596s] -- Up-to-date: /home/cam/projects/CubeRover/install/rover_interfaces/lib/librover_interfaces__rosidl_typesupport_introspection_c.so
[0.596s] -- Up-to-date: /home/cam/projects/CubeRover/install/rover_interfaces/lib/librover_interfaces__rosidl_typesupport_c.so
[0.596s] -- Up-to-date: /home/cam/projects/CubeRover/install/rover_interfaces/include/rover_interfaces/rover_interfaces
[0.596s] -- Up-to-date: /home/cam/projects/CubeRover/install/rover_interfaces/include/rover_interfaces/rover_interfaces/srv
[0.596s] -- Up-to-date: /home/cam/projects/CubeRover/install/rover_interfaces/include/rover_interfaces/rover_interfaces/srv/rover_command.hpp
[0.596s] -- Up-to-date: /home/cam/projects/CubeRover/install/rover_interfaces/include/rover_interfaces/rover_interfaces/srv/detail
[0.596s] -- Up-to-date: /home/cam/projects/CubeRover/install/rover_interfaces/include/rover_interfaces/rover_interfaces/srv/detail/rover_command__builder.hpp
[0.596s] -- Up-to-date: /home/cam/projects/CubeRover/install/rover_interfaces/include/rover_interfaces/rover_interfaces/srv/detail/rover_command__traits.hpp
[0.596s] -- Up-to-date: /home/cam/projects/CubeRover/install/rover_interfaces/include/rover_interfaces/rover_interfaces/srv/detail/rover_command__struct.hpp
[0.597s] -- Up-to-date: /home/cam/projects/CubeRover/install/rover_interfaces/include/rover_interfaces/rover_interfaces/srv/detail/rover_command__type_support.hpp
[0.597s] -- Up-to-date: /home/cam/projects/CubeRover/install/rover_interfaces/include/rover_interfaces/rover_interfaces/msg
[0.597s] -- Up-to-date: /home/cam/projects/CubeRover/install/rover_interfaces/include/rover_interfaces/rover_interfaces/msg/detail
[0.597s] -- Up-to-date: /home/cam/projects/CubeRover/install/rover_interfaces/include/rover_interfaces/rover_interfaces/msg/detail/telem_data__type_support.hpp
[0.597s] -- Up-to-date: /home/cam/projects/CubeRover/install/rover_interfaces/include/rover_interfaces/rover_interfaces/msg/detail/telem_data__traits.hpp
[0.597s] -- Up-to-date: /home/cam/projects/CubeRover/install/rover_interfaces/include/rover_interfaces/rover_interfaces/msg/detail/telem_data__builder.hpp
[0.597s] -- Up-to-date: /home/cam/projects/CubeRover/install/rover_interfaces/include/rover_interfaces/rover_interfaces/msg/detail/telem_data__struct.hpp
[0.597s] -- Up-to-date: /home/cam/projects/CubeRover/install/rover_interfaces/include/rover_interfaces/rover_interfaces/msg/rosidl_generator_cpp__visibility_control.hpp
[0.597s] -- Up-to-date: /home/cam/projects/CubeRover/install/rover_interfaces/include/rover_interfaces/rover_interfaces/msg/telem_data.hpp
[0.597s] -- Up-to-date: /home/cam/projects/CubeRover/install/rover_interfaces/include/rover_interfaces/rover_interfaces
[0.597s] -- Up-to-date: /home/cam/projects/CubeRover/install/rover_interfaces/include/rover_interfaces/rover_interfaces/srv
[0.597s] -- Up-to-date: /home/cam/projects/CubeRover/install/rover_interfaces/include/rover_interfaces/rover_interfaces/srv/detail
[0.597s] -- Up-to-date: /home/cam/projects/CubeRover/install/rover_interfaces/include/rover_interfaces/rover_interfaces/srv/detail/dds_fastrtps
[0.597s] -- Up-to-date: /home/cam/projects/CubeRover/install/rover_interfaces/include/rover_interfaces/rover_interfaces/srv/detail/rover_command__rosidl_typesupport_fastrtps_cpp.hpp
[0.597s] -- Up-to-date: /home/cam/projects/CubeRover/install/rover_interfaces/include/rover_interfaces/rover_interfaces/msg
[0.597s] -- Up-to-date: /home/cam/projects/CubeRover/install/rover_interfaces/include/rover_interfaces/rover_interfaces/msg/detail
[0.597s] -- Up-to-date: /home/cam/projects/CubeRover/install/rover_interfaces/include/rover_interfaces/rover_interfaces/msg/detail/dds_fastrtps
[0.597s] -- Up-to-date: /home/cam/projects/CubeRover/install/rover_interfaces/include/rover_interfaces/rover_interfaces/msg/detail/telem_data__rosidl_typesupport_fastrtps_cpp.hpp
[0.597s] -- Up-to-date: /home/cam/projects/CubeRover/install/rover_interfaces/include/rover_interfaces/rover_interfaces/msg/rosidl_typesupport_fastrtps_cpp__visibility_control.h
[0.598s] -- Up-to-date: /home/cam/projects/CubeRover/install/rover_interfaces/lib/librover_interfaces__rosidl_typesupport_fastrtps_cpp.so
[0.598s] -- Up-to-date: /home/cam/projects/CubeRover/install/rover_interfaces/include/rover_interfaces/rover_interfaces
[0.598s] -- Up-to-date: /home/cam/projects/CubeRover/install/rover_interfaces/include/rover_interfaces/rover_interfaces/srv
[0.598s] -- Up-to-date: /home/cam/projects/CubeRover/install/rover_interfaces/include/rover_interfaces/rover_interfaces/srv/detail
[0.598s] -- Up-to-date: /home/cam/projects/CubeRover/install/rover_interfaces/include/rover_interfaces/rover_interfaces/srv/detail/rover_command__type_support.cpp
[0.598s] -- Up-to-date: /home/cam/projects/CubeRover/install/rover_interfaces/include/rover_interfaces/rover_interfaces/srv/detail/rover_command__rosidl_typesupport_introspection_cpp.hpp
[0.598s] -- Up-to-date: /home/cam/projects/CubeRover/install/rover_interfaces/include/rover_interfaces/rover_interfaces/msg
[0.598s] -- Up-to-date: /home/cam/projects/CubeRover/install/rover_interfaces/include/rover_interfaces/rover_interfaces/msg/detail
[0.598s] -- Up-to-date: /home/cam/projects/CubeRover/install/rover_interfaces/include/rover_interfaces/rover_interfaces/msg/detail/telem_data__type_support.cpp
[0.598s] -- Up-to-date: /home/cam/projects/CubeRover/install/rover_interfaces/include/rover_interfaces/rover_interfaces/msg/detail/telem_data__rosidl_typesupport_introspection_cpp.hpp
[0.598s] -- Up-to-date: /home/cam/projects/CubeRover/install/rover_interfaces/lib/librover_interfaces__rosidl_typesupport_introspection_cpp.so
[0.598s] -- Up-to-date: /home/cam/projects/CubeRover/install/rover_interfaces/lib/librover_interfaces__rosidl_typesupport_cpp.so
[0.598s] -- Up-to-date: /home/cam/projects/CubeRover/install/rover_interfaces/share/rover_interfaces/environment/pythonpath.sh
[0.598s] -- Up-to-date: /home/cam/projects/CubeRover/install/rover_interfaces/share/rover_interfaces/environment/pythonpath.dsv
[0.598s] -- Up-to-date: /home/cam/projects/CubeRover/install/rover_interfaces/lib/python3.12/site-packages/rover_interfaces-0.0.0-py3.12.egg-info
[0.598s] -- Installing: /home/cam/projects/CubeRover/install/rover_interfaces/lib/python3.12/site-packages/rover_interfaces-0.0.0-py3.12.egg-info/PKG-INFO
[0.598s] -- Installing: /home/cam/projects/CubeRover/install/rover_interfaces/lib/python3.12/site-packages/rover_interfaces-0.0.0-py3.12.egg-info/SOURCES.txt
[0.598s] -- Installing: /home/cam/projects/CubeRover/install/rover_interfaces/lib/python3.12/site-packages/rover_interfaces-0.0.0-py3.12.egg-info/dependency_links.txt
[0.598s] -- Installing: /home/cam/projects/CubeRover/install/rover_interfaces/lib/python3.12/site-packages/rover_interfaces-0.0.0-py3.12.egg-info/top_level.txt
[0.599s] -- Up-to-date: /home/cam/projects/CubeRover/install/rover_interfaces/lib/python3.12/site-packages/rover_interfaces
[0.599s] -- Up-to-date: /home/cam/projects/CubeRover/install/rover_interfaces/lib/python3.12/site-packages/rover_interfaces/__init__.py
[0.599s] -- Up-to-date: /home/cam/projects/CubeRover/install/rover_interfaces/lib/python3.12/site-packages/rover_interfaces/rover_interfaces_s__rosidl_typesupport_c.so
[0.599s] -- Up-to-date: /home/cam/projects/CubeRover/install/rover_interfaces/lib/python3.12/site-packages/rover_interfaces/rover_interfaces_s__rosidl_typesupport_introspection_c.so
[0.599s] -- Up-to-date: /home/cam/projects/CubeRover/install/rover_interfaces/lib/python3.12/site-packages/rover_interfaces/_rover_interfaces_s.ep.rosidl_typesupport_c.c
[0.599s] -- Up-to-date: /home/cam/projects/CubeRover/install/rover_interfaces/lib/python3.12/site-packages/rover_interfaces/_rover_interfaces_s.ep.rosidl_typesupport_introspection_c.c
[0.599s] -- Up-to-date: /home/cam/projects/CubeRover/install/rover_interfaces/lib/python3.12/site-packages/rover_interfaces/srv
[0.599s] -- Up-to-date: /home/cam/projects/CubeRover/install/rover_interfaces/lib/python3.12/site-packages/rover_interfaces/srv/__init__.py
[0.599s] -- Up-to-date: /home/cam/projects/CubeRover/install/rover_interfaces/lib/python3.12/site-packages/rover_interfaces/srv/_rover_command.py
[0.599s] -- Up-to-date: /home/cam/projects/CubeRover/install/rover_interfaces/lib/python3.12/site-packages/rover_interfaces/srv/_rover_command_s.c
[0.599s] -- Up-to-date: /home/cam/projects/CubeRover/install/rover_interfaces/lib/python3.12/site-packages/rover_interfaces/_rover_interfaces_s.ep.rosidl_typesupport_fastrtps_c.c
[0.599s] -- Up-to-date: /home/cam/projects/CubeRover/install/rover_interfaces/lib/python3.12/site-packages/rover_interfaces/rover_interfaces_s__rosidl_typesupport_fastrtps_c.so
[0.599s] -- Up-to-date: /home/cam/projects/CubeRover/install/rover_interfaces/lib/python3.12/site-packages/rover_interfaces/msg
[0.599s] -- Up-to-date: /home/cam/projects/CubeRover/install/rover_interfaces/lib/python3.12/site-packages/rover_interfaces/msg/__init__.py
[0.599s] -- Up-to-date: /home/cam/projects/CubeRover/install/rover_interfaces/lib/python3.12/site-packages/rover_interfaces/msg/_telem_data_s.c
[0.599s] -- Up-to-date: /home/cam/projects/CubeRover/install/rover_interfaces/lib/python3.12/site-packages/rover_interfaces/msg/_telem_data.py
[0.622s] Listing '/home/cam/projects/CubeRover/install/rover_interfaces/lib/python3.12/site-packages/rover_interfaces'...
[0.622s] Listing '/home/cam/projects/CubeRover/install/rover_interfaces/lib/python3.12/site-packages/rover_interfaces/msg'...
[0.623s] Listing '/home/cam/projects/CubeRover/install/rover_interfaces/lib/python3.12/site-packages/rover_interfaces/srv'...
[0.627s] -- Up-to-date: /home/cam/projects/CubeRover/install/rover_interfaces/lib/python3.12/site-packages/rover_interfaces/rover_interfaces_s__rosidl_typesupport_fastrtps_c.so
[0.627s] -- Up-to-date: /home/cam/projects/CubeRover/install/rover_interfaces/lib/python3.12/site-packages/rover_interfaces/rover_interfaces_s__rosidl_typesupport_introspection_c.so
[0.627s] -- Up-to-date: /home/cam/projects/CubeRover/install/rover_interfaces/lib/python3.12/site-packages/rover_interfaces/rover_interfaces_s__rosidl_typesupport_c.so
[0.627s] -- Up-to-date: /home/cam/projects/CubeRover/install/rover_interfaces/lib/librover_interfaces__rosidl_generator_py.so
[0.628s] -- Up-to-date: /home/cam/projects/CubeRover/install/rover_interfaces/share/rover_interfaces/msg/TelemData.idl
[0.628s] -- Up-to-date: /home/cam/projects/CubeRover/install/rover_interfaces/share/rover_interfaces/srv/RoverCommand.idl
[0.628s] -- Up-to-date: /home/cam/projects/CubeRover/install/rover_interfaces/share/rover_interfaces/msg/TelemData.msg
[0.628s] -- Up-to-date: /home/cam/projects/CubeRover/install/rover_interfaces/share/rover_interfaces/srv/RoverCommand.srv
[0.628s] -- Up-to-date: /home/cam/projects/CubeRover/install/rover_interfaces/share/ament_index/resource_index/package_run_dependencies/rover_interfaces
[0.628s] -- Up-to-date: /home/cam/projects/CubeRover/install/rover_interfaces/share/ament_index/resource_index/parent_prefix_path/rover_interfaces
[0.629s] -- Up-to-date: /home/cam/projects/CubeRover/install/rover_interfaces/share/rover_interfaces/environment/ament_prefix_path.sh
[0.629s] -- Up-to-date: /home/cam/projects/CubeRover/install/rover_interfaces/share/rover_interfaces/environment/ament_prefix_path.dsv
[0.629s] -- Up-to-date: /home/cam/projects/CubeRover/install/rover_interfaces/share/rover_interfaces/environment/path.sh
[0.629s] -- Up-to-date: /home/cam/projects/CubeRover/install/rover_interfaces/share/rover_interfaces/environment/path.dsv
[0.629s] -- Up-to-date: /home/cam/projects/CubeRover/install/rover_interfaces/share/rover_interfaces/local_setup.bash
[0.629s] -- Up-to-date: /home/cam/projects/CubeRover/install/rover_interfaces/share/rover_interfaces/local_setup.sh
[0.630s] -- Up-to-date: /home/cam/projects/CubeRover/install/rover_interfaces/share/rover_interfaces/local_setup.zsh
[0.630s] -- Up-to-date: /home/cam/projects/CubeRover/install/rover_interfaces/share/rover_interfaces/local_setup.dsv
[0.630s] -- Installing: /home/cam/projects/CubeRover/install/rover_interfaces/share/rover_interfaces/package.dsv
[0.630s] -- Up-to-date: /home/cam/projects/CubeRover/install/rover_interfaces/share/ament_index/resource_index/packages/rover_interfaces
[0.630s] -- Up-to-date: /home/cam/projects/CubeRover/install/rover_interfaces/share/rover_interfaces/cmake/export_rover_interfaces__rosidl_generator_cExport.cmake
[0.630s] -- Up-to-date: /home/cam/projects/CubeRover/install/rover_interfaces/share/rover_interfaces/cmake/export_rover_interfaces__rosidl_generator_cExport-noconfig.cmake
[0.630s] -- Up-to-date: /home/cam/projects/CubeRover/install/rover_interfaces/share/rover_interfaces/cmake/export_rover_interfaces__rosidl_typesupport_fastrtps_cExport.cmake
[0.630s] -- Up-to-date: /home/cam/projects/CubeRover/install/rover_interfaces/share/rover_interfaces/cmake/export_rover_interfaces__rosidl_typesupport_fastrtps_cExport-noconfig.cmake
[0.630s] -- Up-to-date: /home/cam/projects/CubeRover/install/rover_interfaces/share/rover_interfaces/cmake/rover_interfaces__rosidl_typesupport_introspection_cExport.cmake
[0.631s] -- Up-to-date: /home/cam/projects/CubeRover/install/rover_interfaces/share/rover_interfaces/cmake/rover_interfaces__rosidl_typesupport_introspection_cExport-noconfig.cmake
[0.631s] -- Up-to-date: /home/cam/projects/CubeRover/install/rover_interfaces/share/rover_interfaces/cmake/rover_interfaces__rosidl_typesupport_cExport.cmake
[0.631s] -- Up-to-date: /home/cam/projects/CubeRover/install/rover_interfaces/share/rover_interfaces/cmake/rover_interfaces__rosidl_typesupport_cExport-noconfig.cmake
[0.631s] -- Up-to-date: /home/cam/projects/CubeRover/install/rover_interfaces/share/rover_interfaces/cmake/export_rover_interfaces__rosidl_generator_cppExport.cmake
[0.631s] -- Up-to-date: /home/cam/projects/CubeRover/install/rover_interfaces/share/rover_interfaces/cmake/export_rover_interfaces__rosidl_typesupport_fastrtps_cppExport.cmake
[0.631s] -- Up-to-date: /home/cam/projects/CubeRover/install/rover_interfaces/share/rover_interfaces/cmake/export_rover_interfaces__rosidl_typesupport_fastrtps_cppExport-noconfig.cmake
[0.631s] -- Up-to-date: /home/cam/projects/CubeRover/install/rover_interfaces/share/rover_interfaces/cmake/rover_interfaces__rosidl_typesupport_introspection_cppExport.cmake
[0.631s] -- Up-to-date: /home/cam/projects/CubeRover/install/rover_interfaces/share/rover_interfaces/cmake/rover_interfaces__rosidl_typesupport_introspection_cppExport-noconfig.cmake
[0.631s] -- Up-to-date: /home/cam/projects/CubeRover/install/rover_interfaces/share/rover_interfaces/cmake/rover_interfaces__rosidl_typesupport_cppExport.cmake
[0.631s] -- Up-to-date: /home/cam/projects/CubeRover/install/rover_interfaces/share/rover_interfaces/cmake/rover_interfaces__rosidl_typesupport_cppExport-noconfig.cmake
[0.631s] -- Up-to-date: /home/cam/projects/CubeRover/install/rover_interfaces/share/rover_interfaces/cmake/export_rover_interfaces__rosidl_generator_pyExport.cmake
[0.631s] -- Up-to-date: /home/cam/projects/CubeRover/install/rover_interfaces/share/rover_interfaces/cmake/export_rover_interfaces__rosidl_generator_pyExport-noconfig.cmake
[0.631s] -- Up-to-date: /home/cam/projects/CubeRover/install/rover_interfaces/share/rover_interfaces/cmake/rosidl_cmake-extras.cmake
[0.631s] -- Up-to-date: /home/cam/projects/CubeRover/install/rover_interfaces/share/rover_interfaces/cmake/ament_cmake_export_dependencies-extras.cmake
[0.631s] -- Up-to-date: /home/cam/projects/CubeRover/install/rover_interfaces/share/rover_interfaces/cmake/ament_cmake_export_include_directories-extras.cmake
[0.631s] -- Up-to-date: /home/cam/projects/CubeRover/install/rover_interfaces/share/rover_interfaces/cmake/ament_cmake_export_libraries-extras.cmake
[0.632s] -- Up-to-date: /home/cam/projects/CubeRover/install/rover_interfaces/share/rover_interfaces/cmake/ament_cmake_export_targets-extras.cmake
[0.632s] -- Up-to-date: /home/cam/projects/CubeRover/install/rover_interfaces/share/rover_interfaces/cmake/rosidl_cmake_export_typesupport_targets-extras.cmake
[0.632s] -- Up-to-date: /home/cam/projects/CubeRover/install/rover_interfaces/share/rover_interfaces/cmake/rosidl_cmake_export_typesupport_libraries-extras.cmake
[0.632s] -- Up-to-date: /home/cam/projects/CubeRover/install/rover_interfaces/share/rover_interfaces/cmake/rover_interfacesConfig.cmake
[0.632s] -- Up-to-date: /home/cam/projects/CubeRover/install/rover_interfaces/share/rover_interfaces/cmake/rover_interfacesConfig-version.cmake
[0.632s] -- Up-to-date: /home/cam/projects/CubeRover/install/rover_interfaces/share/rover_interfaces/package.xml
[0.634s] Invoked command in '/home/cam/projects/CubeRover/build/rover_interfaces' returned '0': CMAKE_PREFIX_PATH=${CMAKE_PREFIX_PATH}:/home/cam/projects/CubeRover/install/pi_controller:/opt/ros/jazzy PS1=\[\e]0;\u@\h: \w\a\]${debian_chroot:+($debian_chroot)}\[\033[01;32m\]\u@\h\[\033[00m\]:\[\033[01;34m\]\w\[\033[00m\]\$ /usr/bin/cmake --install /home/cam/projects/CubeRover/build/rover_interfaces
