[0.189s] Invoking command in '/home/cam/projects/CubeRover/build/rover_interfaces': CMAKE_PREFIX_PATH=${CMAKE_PREFIX_PATH}:/home/cam/projects/CubeRover/install/pi_controller:/opt/ros/jazzy PS1=(venv) \[\e]0;\u@\h: \w\a\]${debian_chroot:+($debian_chroot)}\[\033[01;32m\]\u@\h\[\033[00m\]:\[\033[01;34m\]\w\[\033[00m\]\$ /usr/bin/cmake --build /home/cam/projects/CubeRover/build/rover_interfaces -- -j16 -l16
[0.281s] -- Found ament_cmake: 2.5.4 (/opt/ros/jazzy/share/ament_cmake/cmake)
[0.317s] -- Found Python3: /usr/bin/python3 (found version "3.12.3") found components: Interpreter 
[0.416s] -- Found rosidl_default_generators: 1.6.0 (/opt/ros/jazzy/share/rosidl_default_generators/cmake)
[0.421s] -- Using all available rosidl_typesupport_c: rosidl_typesupport_fastrtps_c;rosidl_typesupport_introspection_c
[0.668s] -- Using all available rosidl_typesupport_cpp: rosidl_typesupport_fastrtps_cpp;rosidl_typesupport_introspection_cpp
[0.712s] -- Found rosidl_adapter: 4.6.5 (/opt/ros/jazzy/share/rosidl_adapter/cmake)
[1.000s] -- Found ament_cmake_ros: 0.12.0 (/opt/ros/jazzy/share/ament_cmake_ros/cmake)
[1.084s] -- Using all available rosidl_typesupport_c: rosidl_typesupport_fastrtps_c;rosidl_typesupport_introspection_c
[1.187s] -- Using all available rosidl_typesupport_cpp: rosidl_typesupport_fastrtps_cpp;rosidl_typesupport_introspection_cpp
[1.190s] -- Found python_cmake_module: 0.11.1 (/opt/ros/jazzy/share/python_cmake_module/cmake)
[1.442s] -- Found Python3: /usr/bin/python3 (found version "3.12.3") found components: Interpreter Development NumPy Development.Module Development.Embed 
[1.469s] -- Configuring done (1.2s)
[1.536s] -- Generating done (0.1s)
[1.548s] -- Build files have been written to: /home/cam/projects/CubeRover/build/rover_interfaces
[1.583s] [  2%] [34m[1mGenerating type hashes for ROS interfaces[0m
[1.600s] [  2%] Built target ament_cmake_python_copy_rover_interfaces
[1.785s] [  2%] Built target rover_interfaces__rosidl_generator_type_description
[1.797s] [  4%] [34m[1mGenerating C code for ROS interfaces[0m
[1.807s] [  6%] [34m[1mGenerating C++ code for ROS interfaces[0m
[1.866s] running egg_info
[1.886s] writing rover_interfaces.egg-info/PKG-INFO
[1.886s] writing dependency_links to rover_interfaces.egg-info/dependency_links.txt
[1.887s] writing top-level names to rover_interfaces.egg-info/top_level.txt
[1.948s] reading manifest file 'rover_interfaces.egg-info/SOURCES.txt'
[1.950s] writing manifest file 'rover_interfaces.egg-info/SOURCES.txt'
[1.972s] [  6%] Built target ament_cmake_python_build_rover_interfaces_egg
[2.100s] [  6%] Built target rover_interfaces__cpp
[2.133s] [ 11%] [32mBuilding C object CMakeFiles/rover_interfaces__rosidl_generator_c.dir/rosidl_generator_c/rover_interfaces/msg/detail/telem_data__functions.c.o[0m
[2.133s] [ 11%] [32mBuilding C object CMakeFiles/rover_interfaces__rosidl_generator_c.dir/rosidl_generator_c/rover_interfaces/msg/detail/telem_data__description.c.o[0m
[2.134s] [ 13%] [32mBuilding C object CMakeFiles/rover_interfaces__rosidl_generator_c.dir/rosidl_generator_c/rover_interfaces/msg/detail/telem_data__type_support.c.o[0m
[2.134s] [ 15%] [32mBuilding C object CMakeFiles/rover_interfaces__rosidl_generator_c.dir/rosidl_generator_c/rover_interfaces/srv/detail/rover_command__functions.c.o[0m
[2.134s] [ 18%] [32mBuilding C object CMakeFiles/rover_interfaces__rosidl_generator_c.dir/rosidl_generator_c/rover_interfaces/srv/detail/rover_command__description.c.o[0m
[2.134s] [ 20%] [32mBuilding C object CMakeFiles/rover_interfaces__rosidl_generator_c.dir/rosidl_generator_c/rover_interfaces/srv/detail/rover_command__type_support.c.o[0m
[2.248s] [ 22%] [32m[1mLinking C shared library librover_interfaces__rosidl_generator_c.so[0m
[2.431s] [ 22%] Built target rover_interfaces__rosidl_generator_c
[2.442s] [ 29%] [34m[1mGenerating C++ introspection for ROS interfaces[0m
[2.442s] [ 29%] [34m[1mGenerating C type support for eProsima Fast-RTPS[0m
[2.442s] [ 29%] [34m[1mGenerating C++ type support for eProsima Fast-RTPS[0m
[2.442s] [ 31%] [34m[1mGenerating C introspection for ROS interfaces[0m
[2.442s] [ 34%] [34m[1mGenerating C++ type support dispatch for ROS interfaces[0m
[2.443s] [ 36%] [34m[1mGenerating C type support dispatch for ROS interfaces[0m
[2.745s] [ 38%] [32mBuilding CXX object CMakeFiles/rover_interfaces__rosidl_typesupport_c.dir/rosidl_typesupport_c/rover_interfaces/msg/telem_data__type_support.cpp.o[0m
[2.745s] [ 40%] [32mBuilding CXX object CMakeFiles/rover_interfaces__rosidl_typesupport_c.dir/rosidl_typesupport_c/rover_interfaces/srv/rover_command__type_support.cpp.o[0m
[2.749s] [ 43%] [32mBuilding CXX object CMakeFiles/rover_interfaces__rosidl_typesupport_cpp.dir/rosidl_typesupport_cpp/rover_interfaces/srv/rover_command__type_support.cpp.o[0m
[2.749s] [ 45%] [32mBuilding CXX object CMakeFiles/rover_interfaces__rosidl_typesupport_cpp.dir/rosidl_typesupport_cpp/rover_interfaces/msg/telem_data__type_support.cpp.o[0m
[2.771s] [ 47%] [32mBuilding C object CMakeFiles/rover_interfaces__rosidl_typesupport_introspection_c.dir/rosidl_typesupport_introspection_c/rover_interfaces/msg/detail/telem_data__type_support.c.o[0m
[2.772s] [ 52%] [32mBuilding CXX object CMakeFiles/rover_interfaces__rosidl_typesupport_introspection_cpp.dir/rosidl_typesupport_introspection_cpp/rover_interfaces/srv/detail/rover_command__type_support.cpp.o[0m
[2.772s] [ 52%] [32mBuilding CXX object CMakeFiles/rover_interfaces__rosidl_typesupport_introspection_cpp.dir/rosidl_typesupport_introspection_cpp/rover_interfaces/msg/detail/telem_data__type_support.cpp.o[0m
[2.772s] [ 54%] [32mBuilding C object CMakeFiles/rover_interfaces__rosidl_typesupport_introspection_c.dir/rosidl_typesupport_introspection_c/rover_interfaces/srv/detail/rover_command__type_support.c.o[0m
[2.841s] [ 56%] [32m[1mLinking C shared library librover_interfaces__rosidl_typesupport_introspection_c.so[0m
[2.850s] [ 59%] [32mBuilding CXX object CMakeFiles/rover_interfaces__rosidl_typesupport_fastrtps_cpp.dir/rosidl_typesupport_fastrtps_cpp/rover_interfaces/msg/detail/dds_fastrtps/telem_data__type_support.cpp.o[0m
[2.852s] [ 61%] [32mBuilding CXX object CMakeFiles/rover_interfaces__rosidl_typesupport_fastrtps_cpp.dir/rosidl_typesupport_fastrtps_cpp/rover_interfaces/srv/detail/dds_fastrtps/rover_command__type_support.cpp.o[0m
[2.855s] [ 63%] [32m[1mLinking CXX shared library librover_interfaces__rosidl_typesupport_c.so[0m
[2.867s] [ 65%] [32mBuilding CXX object CMakeFiles/rover_interfaces__rosidl_typesupport_fastrtps_c.dir/rosidl_typesupport_fastrtps_c/rover_interfaces/msg/detail/telem_data__type_support_c.cpp.o[0m
[2.867s] [ 68%] [32mBuilding CXX object CMakeFiles/rover_interfaces__rosidl_typesupport_fastrtps_c.dir/rosidl_typesupport_fastrtps_c/rover_interfaces/srv/detail/rover_command__type_support_c.cpp.o[0m
[3.019s] [ 68%] Built target rover_interfaces__rosidl_typesupport_introspection_c
[3.034s] [ 68%] Built target rover_interfaces__rosidl_typesupport_c
[3.302s] [ 70%] [32m[1mLinking CXX shared library librover_interfaces__rosidl_typesupport_cpp.so[0m
[3.356s] [ 72%] [32m[1mLinking CXX shared library librover_interfaces__rosidl_typesupport_introspection_cpp.so[0m
[3.437s] [ 75%] [32m[1mLinking CXX shared library librover_interfaces__rosidl_typesupport_fastrtps_c.so[0m
[3.510s] [ 75%] Built target rover_interfaces__rosidl_typesupport_cpp
[3.558s] [ 75%] Built target rover_interfaces__rosidl_typesupport_introspection_cpp
[3.584s] [ 77%] [32m[1mLinking CXX shared library librover_interfaces__rosidl_typesupport_fastrtps_cpp.so[0m
[3.633s] [ 77%] Built target rover_interfaces__rosidl_typesupport_fastrtps_c
[3.763s] [ 77%] Built target rover_interfaces__rosidl_typesupport_fastrtps_cpp
[3.781s] [ 77%] Built target rover_interfaces
[3.798s] [ 79%] [34m[1mGenerating Python code for ROS interfaces[0m
[4.219s] [ 79%] Built target rover_interfaces__py
[4.241s] [ 81%] [32mBuilding C object CMakeFiles/rover_interfaces__rosidl_generator_py.dir/rosidl_generator_py/rover_interfaces/msg/_telem_data_s.c.o[0m
[4.241s] [ 84%] [32mBuilding C object CMakeFiles/rover_interfaces__rosidl_generator_py.dir/rosidl_generator_py/rover_interfaces/srv/_rover_command_s.c.o[0m
[4.415s] [ 86%] [32m[1mLinking C shared library librover_interfaces__rosidl_generator_py.so[0m
[4.573s] [ 86%] Built target rover_interfaces__rosidl_generator_py
[4.593s] [ 93%] [32mBuilding C object CMakeFiles/rover_interfaces_s__rosidl_typesupport_fastrtps_c.dir/rosidl_generator_py/rover_interfaces/_rover_interfaces_s.ep.rosidl_typesupport_fastrtps_c.c.o[0m
[4.593s] [ 93%] [32mBuilding C object CMakeFiles/rover_interfaces_s__rosidl_typesupport_introspection_c.dir/rosidl_generator_py/rover_interfaces/_rover_interfaces_s.ep.rosidl_typesupport_introspection_c.c.o[0m
[4.593s] [ 93%] [32mBuilding C object CMakeFiles/rover_interfaces_s__rosidl_typesupport_c.dir/rosidl_generator_py/rover_interfaces/_rover_interfaces_s.ep.rosidl_typesupport_c.c.o[0m
[4.685s] [ 95%] [32m[1mLinking C shared module rosidl_generator_py/rover_interfaces/rover_interfaces_s__rosidl_typesupport_introspection_c.so[0m
[4.689s] [ 97%] [32m[1mLinking C shared module rosidl_generator_py/rover_interfaces/rover_interfaces_s__rosidl_typesupport_c.so[0m
[4.693s] [100%] [32m[1mLinking C shared module rosidl_generator_py/rover_interfaces/rover_interfaces_s__rosidl_typesupport_fastrtps_c.so[0m
[4.806s] [100%] Built target rover_interfaces_s__rosidl_typesupport_introspection_c
[4.806s] [100%] Built target rover_interfaces_s__rosidl_typesupport_c
[4.850s] [100%] Built target rover_interfaces_s__rosidl_typesupport_fastrtps_c
[4.860s] Invoked command in '/home/cam/projects/CubeRover/build/rover_interfaces' returned '0': CMAKE_PREFIX_PATH=${CMAKE_PREFIX_PATH}:/home/cam/projects/CubeRover/install/pi_controller:/opt/ros/jazzy PS1=(venv) \[\e]0;\u@\h: \w\a\]${debian_chroot:+($debian_chroot)}\[\033[01;32m\]\u@\h\[\033[00m\]:\[\033[01;34m\]\w\[\033[00m\]\$ /usr/bin/cmake --build /home/cam/projects/CubeRover/build/rover_interfaces -- -j16 -l16
[4.869s] Invoking command in '/home/cam/projects/CubeRover/build/rover_interfaces': CMAKE_PREFIX_PATH=${CMAKE_PREFIX_PATH}:/home/cam/projects/CubeRover/install/pi_controller:/opt/ros/jazzy PS1=(venv) \[\e]0;\u@\h: \w\a\]${debian_chroot:+($debian_chroot)}\[\033[01;32m\]\u@\h\[\033[00m\]:\[\033[01;34m\]\w\[\033[00m\]\$ /usr/bin/cmake --install /home/cam/projects/CubeRover/build/rover_interfaces
[4.877s] -- Install configuration: ""
[4.877s] -- Up-to-date: /home/cam/projects/CubeRover/install/rover_interfaces/share/ament_index/resource_index/rosidl_interfaces/rover_interfaces
[4.877s] -- Installing: /home/cam/projects/CubeRover/install/rover_interfaces/share/rover_interfaces/msg/TelemData.json
[4.878s] -- Installing: /home/cam/projects/CubeRover/install/rover_interfaces/share/rover_interfaces/srv/RoverCommand.json
[4.879s] -- Up-to-date: /home/cam/projects/CubeRover/install/rover_interfaces/include/rover_interfaces/rover_interfaces
[4.879s] -- Up-to-date: /home/cam/projects/CubeRover/install/rover_interfaces/include/rover_interfaces/rover_interfaces/srv
[4.879s] -- Installing: /home/cam/projects/CubeRover/install/rover_interfaces/include/rover_interfaces/rover_interfaces/srv/rover_command.h
[4.880s] -- Up-to-date: /home/cam/projects/CubeRover/install/rover_interfaces/include/rover_interfaces/rover_interfaces/srv/detail
[4.880s] -- Installing: /home/cam/projects/CubeRover/install/rover_interfaces/include/rover_interfaces/rover_interfaces/srv/detail/rover_command__type_support.c
[4.881s] -- Installing: /home/cam/projects/CubeRover/install/rover_interfaces/include/rover_interfaces/rover_interfaces/srv/detail/rover_command__description.c
[4.881s] -- Installing: /home/cam/projects/CubeRover/install/rover_interfaces/include/rover_interfaces/rover_interfaces/srv/detail/rover_command__struct.h
[4.881s] -- Installing: /home/cam/projects/CubeRover/install/rover_interfaces/include/rover_interfaces/rover_interfaces/srv/detail/rover_command__functions.c
[4.881s] -- Installing: /home/cam/projects/CubeRover/install/rover_interfaces/include/rover_interfaces/rover_interfaces/srv/detail/rover_command__functions.h
[4.882s] -- Installing: /home/cam/projects/CubeRover/install/rover_interfaces/include/rover_interfaces/rover_interfaces/srv/detail/rover_command__type_support.h
[4.882s] -- Up-to-date: /home/cam/projects/CubeRover/install/rover_interfaces/include/rover_interfaces/rover_interfaces/msg
[4.882s] -- Installing: /home/cam/projects/CubeRover/install/rover_interfaces/include/rover_interfaces/rover_interfaces/msg/telem_data.h
[4.882s] -- Up-to-date: /home/cam/projects/CubeRover/install/rover_interfaces/include/rover_interfaces/rover_interfaces/msg/detail
[4.882s] -- Installing: /home/cam/projects/CubeRover/install/rover_interfaces/include/rover_interfaces/rover_interfaces/msg/detail/telem_data__functions.c
[4.882s] -- Installing: /home/cam/projects/CubeRover/install/rover_interfaces/include/rover_interfaces/rover_interfaces/msg/detail/telem_data__struct.h
[4.883s] -- Installing: /home/cam/projects/CubeRover/install/rover_interfaces/include/rover_interfaces/rover_interfaces/msg/detail/telem_data__type_support.h
[4.883s] -- Installing: /home/cam/projects/CubeRover/install/rover_interfaces/include/rover_interfaces/rover_interfaces/msg/detail/telem_data__functions.h
[4.883s] -- Installing: /home/cam/projects/CubeRover/install/rover_interfaces/include/rover_interfaces/rover_interfaces/msg/detail/telem_data__description.c
[4.883s] -- Installing: /home/cam/projects/CubeRover/install/rover_interfaces/include/rover_interfaces/rover_interfaces/msg/detail/telem_data__type_support.c
[4.883s] -- Up-to-date: /home/cam/projects/CubeRover/install/rover_interfaces/include/rover_interfaces/rover_interfaces/msg/rosidl_generator_c__visibility_control.h
[4.883s] -- Up-to-date: /home/cam/projects/CubeRover/install/rover_interfaces/share/rover_interfaces/environment/library_path.sh
[4.883s] -- Up-to-date: /home/cam/projects/CubeRover/install/rover_interfaces/share/rover_interfaces/environment/library_path.dsv
[4.884s] -- Installing: /home/cam/projects/CubeRover/install/rover_interfaces/lib/librover_interfaces__rosidl_generator_c.so
[4.884s] -- Set non-toolchain portion of runtime path of "/home/cam/projects/CubeRover/install/rover_interfaces/lib/librover_interfaces__rosidl_generator_c.so" to ""
[4.884s] -- Up-to-date: /home/cam/projects/CubeRover/install/rover_interfaces/include/rover_interfaces/rover_interfaces
[4.884s] -- Up-to-date: /home/cam/projects/CubeRover/install/rover_interfaces/include/rover_interfaces/rover_interfaces/srv
[4.885s] -- Up-to-date: /home/cam/projects/CubeRover/install/rover_interfaces/include/rover_interfaces/rover_interfaces/srv/detail
[4.885s] -- Installing: /home/cam/projects/CubeRover/install/rover_interfaces/include/rover_interfaces/rover_interfaces/srv/detail/rover_command__rosidl_typesupport_fastrtps_c.h
[4.885s] -- Up-to-date: /home/cam/projects/CubeRover/install/rover_interfaces/include/rover_interfaces/rover_interfaces/msg
[4.885s] -- Up-to-date: /home/cam/projects/CubeRover/install/rover_interfaces/include/rover_interfaces/rover_interfaces/msg/rosidl_typesupport_fastrtps_c__visibility_control.h
[4.885s] -- Up-to-date: /home/cam/projects/CubeRover/install/rover_interfaces/include/rover_interfaces/rover_interfaces/msg/detail
[4.886s] -- Installing: /home/cam/projects/CubeRover/install/rover_interfaces/include/rover_interfaces/rover_interfaces/msg/detail/telem_data__rosidl_typesupport_fastrtps_c.h
[4.886s] -- Installing: /home/cam/projects/CubeRover/install/rover_interfaces/lib/librover_interfaces__rosidl_typesupport_fastrtps_c.so
[4.886s] -- Set non-toolchain portion of runtime path of "/home/cam/projects/CubeRover/install/rover_interfaces/lib/librover_interfaces__rosidl_typesupport_fastrtps_c.so" to ""
[4.886s] -- Up-to-date: /home/cam/projects/CubeRover/install/rover_interfaces/include/rover_interfaces/rover_interfaces
[4.887s] -- Up-to-date: /home/cam/projects/CubeRover/install/rover_interfaces/include/rover_interfaces/rover_interfaces/srv
[4.887s] -- Up-to-date: /home/cam/projects/CubeRover/install/rover_interfaces/include/rover_interfaces/rover_interfaces/srv/detail
[4.887s] -- Installing: /home/cam/projects/CubeRover/install/rover_interfaces/include/rover_interfaces/rover_interfaces/srv/detail/rover_command__type_support.c
[4.887s] -- Installing: /home/cam/projects/CubeRover/install/rover_interfaces/include/rover_interfaces/rover_interfaces/srv/detail/rover_command__rosidl_typesupport_introspection_c.h
[4.887s] -- Up-to-date: /home/cam/projects/CubeRover/install/rover_interfaces/include/rover_interfaces/rover_interfaces/msg
[4.888s] -- Up-to-date: /home/cam/projects/CubeRover/install/rover_interfaces/include/rover_interfaces/rover_interfaces/msg/rosidl_typesupport_introspection_c__visibility_control.h
[4.888s] -- Up-to-date: /home/cam/projects/CubeRover/install/rover_interfaces/include/rover_interfaces/rover_interfaces/msg/detail
[4.888s] -- Installing: /home/cam/projects/CubeRover/install/rover_interfaces/include/rover_interfaces/rover_interfaces/msg/detail/telem_data__rosidl_typesupport_introspection_c.h
[4.888s] -- Installing: /home/cam/projects/CubeRover/install/rover_interfaces/include/rover_interfaces/rover_interfaces/msg/detail/telem_data__type_support.c
[4.888s] -- Installing: /home/cam/projects/CubeRover/install/rover_interfaces/lib/librover_interfaces__rosidl_typesupport_introspection_c.so
[4.889s] -- Set non-toolchain portion of runtime path of "/home/cam/projects/CubeRover/install/rover_interfaces/lib/librover_interfaces__rosidl_typesupport_introspection_c.so" to ""
[4.889s] -- Installing: /home/cam/projects/CubeRover/install/rover_interfaces/lib/librover_interfaces__rosidl_typesupport_c.so
[4.889s] -- Set non-toolchain portion of runtime path of "/home/cam/projects/CubeRover/install/rover_interfaces/lib/librover_interfaces__rosidl_typesupport_c.so" to ""
[4.890s] -- Up-to-date: /home/cam/projects/CubeRover/install/rover_interfaces/include/rover_interfaces/rover_interfaces
[4.890s] -- Up-to-date: /home/cam/projects/CubeRover/install/rover_interfaces/include/rover_interfaces/rover_interfaces/srv
[4.890s] -- Installing: /home/cam/projects/CubeRover/install/rover_interfaces/include/rover_interfaces/rover_interfaces/srv/rover_command.hpp
[4.890s] -- Up-to-date: /home/cam/projects/CubeRover/install/rover_interfaces/include/rover_interfaces/rover_interfaces/srv/detail
[4.890s] -- Installing: /home/cam/projects/CubeRover/install/rover_interfaces/include/rover_interfaces/rover_interfaces/srv/detail/rover_command__builder.hpp
[4.891s] -- Installing: /home/cam/projects/CubeRover/install/rover_interfaces/include/rover_interfaces/rover_interfaces/srv/detail/rover_command__traits.hpp
[4.891s] -- Installing: /home/cam/projects/CubeRover/install/rover_interfaces/include/rover_interfaces/rover_interfaces/srv/detail/rover_command__struct.hpp
[4.891s] -- Installing: /home/cam/projects/CubeRover/install/rover_interfaces/include/rover_interfaces/rover_interfaces/srv/detail/rover_command__type_support.hpp
[4.891s] -- Up-to-date: /home/cam/projects/CubeRover/install/rover_interfaces/include/rover_interfaces/rover_interfaces/msg
[4.891s] -- Up-to-date: /home/cam/projects/CubeRover/install/rover_interfaces/include/rover_interfaces/rover_interfaces/msg/detail
[4.891s] -- Installing: /home/cam/projects/CubeRover/install/rover_interfaces/include/rover_interfaces/rover_interfaces/msg/detail/telem_data__type_support.hpp
[4.891s] -- Installing: /home/cam/projects/CubeRover/install/rover_interfaces/include/rover_interfaces/rover_interfaces/msg/detail/telem_data__traits.hpp
[4.892s] -- Installing: /home/cam/projects/CubeRover/install/rover_interfaces/include/rover_interfaces/rover_interfaces/msg/detail/telem_data__builder.hpp
[4.892s] -- Installing: /home/cam/projects/CubeRover/install/rover_interfaces/include/rover_interfaces/rover_interfaces/msg/detail/telem_data__struct.hpp
[4.893s] -- Installing: /home/cam/projects/CubeRover/install/rover_interfaces/include/rover_interfaces/rover_interfaces/msg/rosidl_generator_cpp__visibility_control.hpp
[4.893s] -- Installing: /home/cam/projects/CubeRover/install/rover_interfaces/include/rover_interfaces/rover_interfaces/msg/telem_data.hpp
[4.893s] -- Up-to-date: /home/cam/projects/CubeRover/install/rover_interfaces/include/rover_interfaces/rover_interfaces
[4.893s] -- Up-to-date: /home/cam/projects/CubeRover/install/rover_interfaces/include/rover_interfaces/rover_interfaces/srv
[4.893s] -- Up-to-date: /home/cam/projects/CubeRover/install/rover_interfaces/include/rover_interfaces/rover_interfaces/srv/detail
[4.893s] -- Up-to-date: /home/cam/projects/CubeRover/install/rover_interfaces/include/rover_interfaces/rover_interfaces/srv/detail/dds_fastrtps
[4.893s] -- Installing: /home/cam/projects/CubeRover/install/rover_interfaces/include/rover_interfaces/rover_interfaces/srv/detail/rover_command__rosidl_typesupport_fastrtps_cpp.hpp
[4.894s] -- Up-to-date: /home/cam/projects/CubeRover/install/rover_interfaces/include/rover_interfaces/rover_interfaces/msg
[4.894s] -- Up-to-date: /home/cam/projects/CubeRover/install/rover_interfaces/include/rover_interfaces/rover_interfaces/msg/detail
[4.894s] -- Up-to-date: /home/cam/projects/CubeRover/install/rover_interfaces/include/rover_interfaces/rover_interfaces/msg/detail/dds_fastrtps
[4.894s] -- Installing: /home/cam/projects/CubeRover/install/rover_interfaces/include/rover_interfaces/rover_interfaces/msg/detail/telem_data__rosidl_typesupport_fastrtps_cpp.hpp
[4.894s] -- Up-to-date: /home/cam/projects/CubeRover/install/rover_interfaces/include/rover_interfaces/rover_interfaces/msg/rosidl_typesupport_fastrtps_cpp__visibility_control.h
[4.895s] -- Installing: /home/cam/projects/CubeRover/install/rover_interfaces/lib/librover_interfaces__rosidl_typesupport_fastrtps_cpp.so
[4.895s] -- Set non-toolchain portion of runtime path of "/home/cam/projects/CubeRover/install/rover_interfaces/lib/librover_interfaces__rosidl_typesupport_fastrtps_cpp.so" to ""
[4.895s] -- Up-to-date: /home/cam/projects/CubeRover/install/rover_interfaces/include/rover_interfaces/rover_interfaces
[4.896s] -- Up-to-date: /home/cam/projects/CubeRover/install/rover_interfaces/include/rover_interfaces/rover_interfaces/srv
[4.896s] -- Up-to-date: /home/cam/projects/CubeRover/install/rover_interfaces/include/rover_interfaces/rover_interfaces/srv/detail
[4.896s] -- Installing: /home/cam/projects/CubeRover/install/rover_interfaces/include/rover_interfaces/rover_interfaces/srv/detail/rover_command__type_support.cpp
[4.896s] -- Installing: /home/cam/projects/CubeRover/install/rover_interfaces/include/rover_interfaces/rover_interfaces/srv/detail/rover_command__rosidl_typesupport_introspection_cpp.hpp
[4.897s] -- Up-to-date: /home/cam/projects/CubeRover/install/rover_interfaces/include/rover_interfaces/rover_interfaces/msg
[4.897s] -- Up-to-date: /home/cam/projects/CubeRover/install/rover_interfaces/include/rover_interfaces/rover_interfaces/msg/detail
[4.897s] -- Installing: /home/cam/projects/CubeRover/install/rover_interfaces/include/rover_interfaces/rover_interfaces/msg/detail/telem_data__type_support.cpp
[4.897s] -- Installing: /home/cam/projects/CubeRover/install/rover_interfaces/include/rover_interfaces/rover_interfaces/msg/detail/telem_data__rosidl_typesupport_introspection_cpp.hpp
[4.898s] -- Installing: /home/cam/projects/CubeRover/install/rover_interfaces/lib/librover_interfaces__rosidl_typesupport_introspection_cpp.so
[4.898s] -- Set non-toolchain portion of runtime path of "/home/cam/projects/CubeRover/install/rover_interfaces/lib/librover_interfaces__rosidl_typesupport_introspection_cpp.so" to ""
[4.899s] -- Installing: /home/cam/projects/CubeRover/install/rover_interfaces/lib/librover_interfaces__rosidl_typesupport_cpp.so
[4.900s] -- Set non-toolchain portion of runtime path of "/home/cam/projects/CubeRover/install/rover_interfaces/lib/librover_interfaces__rosidl_typesupport_cpp.so" to ""
[4.900s] -- Up-to-date: /home/cam/projects/CubeRover/install/rover_interfaces/share/rover_interfaces/environment/pythonpath.sh
[4.900s] -- Up-to-date: /home/cam/projects/CubeRover/install/rover_interfaces/share/rover_interfaces/environment/pythonpath.dsv
[4.900s] -- Up-to-date: /home/cam/projects/CubeRover/install/rover_interfaces/lib/python3.12/site-packages/rover_interfaces-0.0.0-py3.12.egg-info
[4.900s] -- Installing: /home/cam/projects/CubeRover/install/rover_interfaces/lib/python3.12/site-packages/rover_interfaces-0.0.0-py3.12.egg-info/PKG-INFO
[4.901s] -- Installing: /home/cam/projects/CubeRover/install/rover_interfaces/lib/python3.12/site-packages/rover_interfaces-0.0.0-py3.12.egg-info/SOURCES.txt
[4.901s] -- Installing: /home/cam/projects/CubeRover/install/rover_interfaces/lib/python3.12/site-packages/rover_interfaces-0.0.0-py3.12.egg-info/dependency_links.txt
[4.901s] -- Installing: /home/cam/projects/CubeRover/install/rover_interfaces/lib/python3.12/site-packages/rover_interfaces-0.0.0-py3.12.egg-info/top_level.txt
[4.901s] -- Up-to-date: /home/cam/projects/CubeRover/install/rover_interfaces/lib/python3.12/site-packages/rover_interfaces
[4.901s] -- Installing: /home/cam/projects/CubeRover/install/rover_interfaces/lib/python3.12/site-packages/rover_interfaces/__init__.py
[4.901s] -- Installing: /home/cam/projects/CubeRover/install/rover_interfaces/lib/python3.12/site-packages/rover_interfaces/rover_interfaces_s__rosidl_typesupport_c.so
[4.901s] -- Installing: /home/cam/projects/CubeRover/install/rover_interfaces/lib/python3.12/site-packages/rover_interfaces/rover_interfaces_s__rosidl_typesupport_introspection_c.so
[4.901s] -- Installing: /home/cam/projects/CubeRover/install/rover_interfaces/lib/python3.12/site-packages/rover_interfaces/_rover_interfaces_s.ep.rosidl_typesupport_c.c
[4.902s] -- Installing: /home/cam/projects/CubeRover/install/rover_interfaces/lib/python3.12/site-packages/rover_interfaces/_rover_interfaces_s.ep.rosidl_typesupport_introspection_c.c
[4.902s] -- Up-to-date: /home/cam/projects/CubeRover/install/rover_interfaces/lib/python3.12/site-packages/rover_interfaces/srv
[4.902s] -- Installing: /home/cam/projects/CubeRover/install/rover_interfaces/lib/python3.12/site-packages/rover_interfaces/srv/__init__.py
[4.902s] -- Installing: /home/cam/projects/CubeRover/install/rover_interfaces/lib/python3.12/site-packages/rover_interfaces/srv/_rover_command.py
[4.902s] -- Installing: /home/cam/projects/CubeRover/install/rover_interfaces/lib/python3.12/site-packages/rover_interfaces/srv/_rover_command_s.c
[4.902s] -- Installing: /home/cam/projects/CubeRover/install/rover_interfaces/lib/python3.12/site-packages/rover_interfaces/_rover_interfaces_s.ep.rosidl_typesupport_fastrtps_c.c
[4.903s] -- Installing: /home/cam/projects/CubeRover/install/rover_interfaces/lib/python3.12/site-packages/rover_interfaces/rover_interfaces_s__rosidl_typesupport_fastrtps_c.so
[4.903s] -- Up-to-date: /home/cam/projects/CubeRover/install/rover_interfaces/lib/python3.12/site-packages/rover_interfaces/msg
[4.903s] -- Installing: /home/cam/projects/CubeRover/install/rover_interfaces/lib/python3.12/site-packages/rover_interfaces/msg/__init__.py
[4.903s] -- Installing: /home/cam/projects/CubeRover/install/rover_interfaces/lib/python3.12/site-packages/rover_interfaces/msg/_telem_data_s.c
[4.903s] -- Installing: /home/cam/projects/CubeRover/install/rover_interfaces/lib/python3.12/site-packages/rover_interfaces/msg/_telem_data.py
[4.943s] Listing '/home/cam/projects/CubeRover/install/rover_interfaces/lib/python3.12/site-packages/rover_interfaces'...
[4.944s] Compiling '/home/cam/projects/CubeRover/install/rover_interfaces/lib/python3.12/site-packages/rover_interfaces/__init__.py'...
[4.944s] Listing '/home/cam/projects/CubeRover/install/rover_interfaces/lib/python3.12/site-packages/rover_interfaces/msg'...
[4.944s] Compiling '/home/cam/projects/CubeRover/install/rover_interfaces/lib/python3.12/site-packages/rover_interfaces/msg/__init__.py'...
[4.944s] Compiling '/home/cam/projects/CubeRover/install/rover_interfaces/lib/python3.12/site-packages/rover_interfaces/msg/_telem_data.py'...
[4.944s] Listing '/home/cam/projects/CubeRover/install/rover_interfaces/lib/python3.12/site-packages/rover_interfaces/srv'...
[4.944s] Compiling '/home/cam/projects/CubeRover/install/rover_interfaces/lib/python3.12/site-packages/rover_interfaces/srv/__init__.py'...
[4.944s] Compiling '/home/cam/projects/CubeRover/install/rover_interfaces/lib/python3.12/site-packages/rover_interfaces/srv/_rover_command.py'...
[4.949s] -- Installing: /home/cam/projects/CubeRover/install/rover_interfaces/lib/python3.12/site-packages/rover_interfaces/rover_interfaces_s__rosidl_typesupport_fastrtps_c.so
[4.949s] -- Set non-toolchain portion of runtime path of "/home/cam/projects/CubeRover/install/rover_interfaces/lib/python3.12/site-packages/rover_interfaces/rover_interfaces_s__rosidl_typesupport_fastrtps_c.so" to ""
[4.949s] -- Installing: /home/cam/projects/CubeRover/install/rover_interfaces/lib/python3.12/site-packages/rover_interfaces/rover_interfaces_s__rosidl_typesupport_introspection_c.so
[4.949s] -- Set non-toolchain portion of runtime path of "/home/cam/projects/CubeRover/install/rover_interfaces/lib/python3.12/site-packages/rover_interfaces/rover_interfaces_s__rosidl_typesupport_introspection_c.so" to ""
[4.949s] -- Installing: /home/cam/projects/CubeRover/install/rover_interfaces/lib/python3.12/site-packages/rover_interfaces/rover_interfaces_s__rosidl_typesupport_c.so
[4.950s] -- Set non-toolchain portion of runtime path of "/home/cam/projects/CubeRover/install/rover_interfaces/lib/python3.12/site-packages/rover_interfaces/rover_interfaces_s__rosidl_typesupport_c.so" to ""
[4.950s] -- Installing: /home/cam/projects/CubeRover/install/rover_interfaces/lib/librover_interfaces__rosidl_generator_py.so
[4.951s] -- Set non-toolchain portion of runtime path of "/home/cam/projects/CubeRover/install/rover_interfaces/lib/librover_interfaces__rosidl_generator_py.so" to ""
[4.951s] -- Up-to-date: /home/cam/projects/CubeRover/install/rover_interfaces/share/rover_interfaces/msg/TelemData.idl
[4.951s] -- Installing: /home/cam/projects/CubeRover/install/rover_interfaces/share/rover_interfaces/srv/RoverCommand.idl
[4.951s] -- Up-to-date: /home/cam/projects/CubeRover/install/rover_interfaces/share/rover_interfaces/msg/TelemData.msg
[4.951s] -- Installing: /home/cam/projects/CubeRover/install/rover_interfaces/share/rover_interfaces/srv/RoverCommand.srv
[4.952s] -- Up-to-date: /home/cam/projects/CubeRover/install/rover_interfaces/share/ament_index/resource_index/package_run_dependencies/rover_interfaces
[4.952s] -- Up-to-date: /home/cam/projects/CubeRover/install/rover_interfaces/share/ament_index/resource_index/parent_prefix_path/rover_interfaces
[4.952s] -- Up-to-date: /home/cam/projects/CubeRover/install/rover_interfaces/share/rover_interfaces/environment/ament_prefix_path.sh
[4.952s] -- Up-to-date: /home/cam/projects/CubeRover/install/rover_interfaces/share/rover_interfaces/environment/ament_prefix_path.dsv
[4.952s] -- Up-to-date: /home/cam/projects/CubeRover/install/rover_interfaces/share/rover_interfaces/environment/path.sh
[4.952s] -- Up-to-date: /home/cam/projects/CubeRover/install/rover_interfaces/share/rover_interfaces/environment/path.dsv
[4.952s] -- Up-to-date: /home/cam/projects/CubeRover/install/rover_interfaces/share/rover_interfaces/local_setup.bash
[4.952s] -- Up-to-date: /home/cam/projects/CubeRover/install/rover_interfaces/share/rover_interfaces/local_setup.sh
[4.953s] -- Up-to-date: /home/cam/projects/CubeRover/install/rover_interfaces/share/rover_interfaces/local_setup.zsh
[4.953s] -- Up-to-date: /home/cam/projects/CubeRover/install/rover_interfaces/share/rover_interfaces/local_setup.dsv
[4.953s] -- Installing: /home/cam/projects/CubeRover/install/rover_interfaces/share/rover_interfaces/package.dsv
[4.953s] -- Up-to-date: /home/cam/projects/CubeRover/install/rover_interfaces/share/ament_index/resource_index/packages/rover_interfaces
[4.953s] -- Up-to-date: /home/cam/projects/CubeRover/install/rover_interfaces/share/rover_interfaces/cmake/export_rover_interfaces__rosidl_generator_cExport.cmake
[4.953s] -- Up-to-date: /home/cam/projects/CubeRover/install/rover_interfaces/share/rover_interfaces/cmake/export_rover_interfaces__rosidl_generator_cExport-noconfig.cmake
[4.953s] -- Up-to-date: /home/cam/projects/CubeRover/install/rover_interfaces/share/rover_interfaces/cmake/export_rover_interfaces__rosidl_typesupport_fastrtps_cExport.cmake
[4.953s] -- Up-to-date: /home/cam/projects/CubeRover/install/rover_interfaces/share/rover_interfaces/cmake/export_rover_interfaces__rosidl_typesupport_fastrtps_cExport-noconfig.cmake
[4.954s] -- Up-to-date: /home/cam/projects/CubeRover/install/rover_interfaces/share/rover_interfaces/cmake/rover_interfaces__rosidl_typesupport_introspection_cExport.cmake
[4.954s] -- Up-to-date: /home/cam/projects/CubeRover/install/rover_interfaces/share/rover_interfaces/cmake/rover_interfaces__rosidl_typesupport_introspection_cExport-noconfig.cmake
[4.954s] -- Up-to-date: /home/cam/projects/CubeRover/install/rover_interfaces/share/rover_interfaces/cmake/rover_interfaces__rosidl_typesupport_cExport.cmake
[4.954s] -- Up-to-date: /home/cam/projects/CubeRover/install/rover_interfaces/share/rover_interfaces/cmake/rover_interfaces__rosidl_typesupport_cExport-noconfig.cmake
[4.955s] -- Up-to-date: /home/cam/projects/CubeRover/install/rover_interfaces/share/rover_interfaces/cmake/export_rover_interfaces__rosidl_generator_cppExport.cmake
[4.955s] -- Up-to-date: /home/cam/projects/CubeRover/install/rover_interfaces/share/rover_interfaces/cmake/export_rover_interfaces__rosidl_typesupport_fastrtps_cppExport.cmake
[4.955s] -- Up-to-date: /home/cam/projects/CubeRover/install/rover_interfaces/share/rover_interfaces/cmake/export_rover_interfaces__rosidl_typesupport_fastrtps_cppExport-noconfig.cmake
[4.956s] -- Up-to-date: /home/cam/projects/CubeRover/install/rover_interfaces/share/rover_interfaces/cmake/rover_interfaces__rosidl_typesupport_introspection_cppExport.cmake
[4.956s] -- Up-to-date: /home/cam/projects/CubeRover/install/rover_interfaces/share/rover_interfaces/cmake/rover_interfaces__rosidl_typesupport_introspection_cppExport-noconfig.cmake
[4.956s] -- Up-to-date: /home/cam/projects/CubeRover/install/rover_interfaces/share/rover_interfaces/cmake/rover_interfaces__rosidl_typesupport_cppExport.cmake
[4.956s] -- Up-to-date: /home/cam/projects/CubeRover/install/rover_interfaces/share/rover_interfaces/cmake/rover_interfaces__rosidl_typesupport_cppExport-noconfig.cmake
[4.957s] -- Up-to-date: /home/cam/projects/CubeRover/install/rover_interfaces/share/rover_interfaces/cmake/export_rover_interfaces__rosidl_generator_pyExport.cmake
[4.957s] -- Up-to-date: /home/cam/projects/CubeRover/install/rover_interfaces/share/rover_interfaces/cmake/export_rover_interfaces__rosidl_generator_pyExport-noconfig.cmake
[4.957s] -- Up-to-date: /home/cam/projects/CubeRover/install/rover_interfaces/share/rover_interfaces/cmake/rosidl_cmake-extras.cmake
[4.957s] -- Up-to-date: /home/cam/projects/CubeRover/install/rover_interfaces/share/rover_interfaces/cmake/ament_cmake_export_dependencies-extras.cmake
[4.957s] -- Up-to-date: /home/cam/projects/CubeRover/install/rover_interfaces/share/rover_interfaces/cmake/ament_cmake_export_include_directories-extras.cmake
[4.957s] -- Up-to-date: /home/cam/projects/CubeRover/install/rover_interfaces/share/rover_interfaces/cmake/ament_cmake_export_libraries-extras.cmake
[4.957s] -- Up-to-date: /home/cam/projects/CubeRover/install/rover_interfaces/share/rover_interfaces/cmake/ament_cmake_export_targets-extras.cmake
[4.957s] -- Up-to-date: /home/cam/projects/CubeRover/install/rover_interfaces/share/rover_interfaces/cmake/rosidl_cmake_export_typesupport_targets-extras.cmake
[4.957s] -- Up-to-date: /home/cam/projects/CubeRover/install/rover_interfaces/share/rover_interfaces/cmake/rosidl_cmake_export_typesupport_libraries-extras.cmake
[4.958s] -- Up-to-date: /home/cam/projects/CubeRover/install/rover_interfaces/share/rover_interfaces/cmake/rover_interfacesConfig.cmake
[4.958s] -- Up-to-date: /home/cam/projects/CubeRover/install/rover_interfaces/share/rover_interfaces/cmake/rover_interfacesConfig-version.cmake
[4.958s] -- Up-to-date: /home/cam/projects/CubeRover/install/rover_interfaces/share/rover_interfaces/package.xml
[4.960s] Invoked command in '/home/cam/projects/CubeRover/build/rover_interfaces' returned '0': CMAKE_PREFIX_PATH=${CMAKE_PREFIX_PATH}:/home/cam/projects/CubeRover/install/pi_controller:/opt/ros/jazzy PS1=(venv) \[\e]0;\u@\h: \w\a\]${debian_chroot:+($debian_chroot)}\[\033[01;32m\]\u@\h\[\033[00m\]:\[\033[01;34m\]\w\[\033[00m\]\$ /usr/bin/cmake --install /home/cam/projects/CubeRover/build/rover_interfaces
