-- The C compiler identification is GNU 13.3.0
-- The CXX compiler identification is GNU 13.3.0
-- Detecting C compiler ABI info
-- Detecting C compiler ABI info - done
-- Check for working C compiler: /usr/bin/cc - skipped
-- Detecting C compile features
-- Detecting C compile features - done
-- Detecting CXX compiler ABI info
-- Detecting CXX compiler ABI info - done
-- Check for working CXX compiler: /usr/bin/c++ - skipped
-- Detecting CXX compile features
-- Detecting CXX compile features - done
-- Found ament_cmake: 2.5.4 (/opt/ros/jazzy/share/ament_cmake/cmake)
-- Found Python3: /usr/bin/python3 (found version "3.12.3") found components: Interpreter 
-- Found rosidl_default_generators: 1.6.0 (/opt/ros/jazzy/share/rosidl_default_generators/cmake)
-- Using all available rosidl_typesupport_c: rosidl_typesupport_fastrtps_c;rosidl_typesupport_introspection_c
-- Using all available rosidl_typesupport_cpp: rosidl_typesupport_fastrtps_cpp;rosidl_typesupport_introspection_cpp
-- Found rosidl_adapter: 4.6.5 (/opt/ros/jazzy/share/rosidl_adapter/cmake)
-- Found ament_cmake_ros: 0.12.0 (/opt/ros/jazzy/share/ament_cmake_ros/cmake)
-- Using all available rosidl_typesupport_c: rosidl_typesupport_fastrtps_c;rosidl_typesupport_introspection_c
-- Using all available rosidl_typesupport_cpp: rosidl_typesupport_fastrtps_cpp;rosidl_typesupport_introspection_cpp
-- Found python_cmake_module: 0.11.1 (/opt/ros/jazzy/share/python_cmake_module/cmake)
-- Found PythonExtra: /usr/bin/python3  
-- Found Python3: /usr/bin/python3 (found version "3.12.3") found components: Interpreter Development NumPy Development.Module Development.Embed 
-- Configuring done (5.2s)
-- Generating done (0.0s)
-- Build files have been written to: /home/cam/projects/CubeRover/build/rover_interfaces
[  2%] [34m[1mGenerating type hashes for ROS interfaces[0m
[  2%] Built target ament_cmake_python_copy_rover_interfaces
[  2%] Built target rover_interfaces__rosidl_generator_type_description
running egg_info
creating rover_interfaces.egg-info
[  4%] [34m[1mGenerating C code for ROS interfaces[0m
[  6%] [34m[1mGenerating C++ code for ROS interfaces[0m
writing rover_interfaces.egg-info/PKG-INFO
writing dependency_links to rover_interfaces.egg-info/dependency_links.txt
writing top-level names to rover_interfaces.egg-info/top_level.txt
writing manifest file 'rover_interfaces.egg-info/SOURCES.txt'
reading manifest file 'rover_interfaces.egg-info/SOURCES.txt'
writing manifest file 'rover_interfaces.egg-info/SOURCES.txt'
[  6%] Built target ament_cmake_python_build_rover_interfaces_egg
[  6%] Built target rover_interfaces__cpp
[ 13%] [32mBuilding C object CMakeFiles/rover_interfaces__rosidl_generator_c.dir/rosidl_generator_c/rover_interfaces/msg/detail/telem_data__type_support.c.o[0m
[ 13%] [32mBuilding C object CMakeFiles/rover_interfaces__rosidl_generator_c.dir/rosidl_generator_c/rover_interfaces/msg/detail/telem_data__functions.c.o[0m
[ 13%] [32mBuilding C object CMakeFiles/rover_interfaces__rosidl_generator_c.dir/rosidl_generator_c/rover_interfaces/msg/detail/telem_data__description.c.o[0m
[ 15%] [32mBuilding C object CMakeFiles/rover_interfaces__rosidl_generator_c.dir/rosidl_generator_c/rover_interfaces/srv/detail/rover_command__description.c.o[0m
[ 18%] [32mBuilding C object CMakeFiles/rover_interfaces__rosidl_generator_c.dir/rosidl_generator_c/rover_interfaces/srv/detail/rover_command__functions.c.o[0m
[ 20%] [32mBuilding C object CMakeFiles/rover_interfaces__rosidl_generator_c.dir/rosidl_generator_c/rover_interfaces/srv/detail/rover_command__type_support.c.o[0m
[ 22%] [32m[1mLinking C shared library librover_interfaces__rosidl_generator_c.so[0m
[ 22%] Built target rover_interfaces__rosidl_generator_c
[ 31%] [34m[1mGenerating C++ introspection for ROS interfaces[0m
[ 31%] [34m[1mGenerating C type support dispatch for ROS interfaces[0m
[ 31%] [34m[1mGenerating C type support for eProsima Fast-RTPS[0m
[ 31%] [34m[1mGenerating C introspection for ROS interfaces[0m
[ 34%] [34m[1mGenerating C++ type support for eProsima Fast-RTPS[0m
[ 36%] [34m[1mGenerating C++ type support dispatch for ROS interfaces[0m
[ 40%] [32mBuilding CXX object CMakeFiles/rover_interfaces__rosidl_typesupport_cpp.dir/rosidl_typesupport_cpp/rover_interfaces/srv/rover_command__type_support.cpp.o[0m
[ 40%] [32mBuilding CXX object CMakeFiles/rover_interfaces__rosidl_typesupport_cpp.dir/rosidl_typesupport_cpp/rover_interfaces/msg/telem_data__type_support.cpp.o[0m
[ 43%] [32mBuilding CXX object CMakeFiles/rover_interfaces__rosidl_typesupport_introspection_cpp.dir/rosidl_typesupport_introspection_cpp/rover_interfaces/msg/detail/telem_data__type_support.cpp.o[0m
[ 45%] [32mBuilding CXX object CMakeFiles/rover_interfaces__rosidl_typesupport_introspection_cpp.dir/rosidl_typesupport_introspection_cpp/rover_interfaces/srv/detail/rover_command__type_support.cpp.o[0m
[ 50%] [32mBuilding CXX object CMakeFiles/rover_interfaces__rosidl_typesupport_c.dir/rosidl_typesupport_c/rover_interfaces/msg/telem_data__type_support.cpp.o[0m
[ 50%] [32mBuilding CXX object CMakeFiles/rover_interfaces__rosidl_typesupport_c.dir/rosidl_typesupport_c/rover_interfaces/srv/rover_command__type_support.cpp.o[0m
[ 52%] [32mBuilding C object CMakeFiles/rover_interfaces__rosidl_typesupport_introspection_c.dir/rosidl_typesupport_introspection_c/rover_interfaces/msg/detail/telem_data__type_support.c.o[0m
[ 54%] [32mBuilding C object CMakeFiles/rover_interfaces__rosidl_typesupport_introspection_c.dir/rosidl_typesupport_introspection_c/rover_interfaces/srv/detail/rover_command__type_support.c.o[0m
[ 56%] [32m[1mLinking CXX shared library librover_interfaces__rosidl_typesupport_c.so[0m
[ 59%] [32mBuilding CXX object CMakeFiles/rover_interfaces__rosidl_typesupport_fastrtps_c.dir/rosidl_typesupport_fastrtps_c/rover_interfaces/msg/detail/telem_data__type_support_c.cpp.o[0m
[ 61%] [32mBuilding CXX object CMakeFiles/rover_interfaces__rosidl_typesupport_fastrtps_c.dir/rosidl_typesupport_fastrtps_c/rover_interfaces/srv/detail/rover_command__type_support_c.cpp.o[0m
[ 63%] [32m[1mLinking C shared library librover_interfaces__rosidl_typesupport_introspection_c.so[0m
[ 65%] [32mBuilding CXX object CMakeFiles/rover_interfaces__rosidl_typesupport_fastrtps_cpp.dir/rosidl_typesupport_fastrtps_cpp/rover_interfaces/srv/detail/dds_fastrtps/rover_command__type_support.cpp.o[0m
[ 68%] [32mBuilding CXX object CMakeFiles/rover_interfaces__rosidl_typesupport_fastrtps_cpp.dir/rosidl_typesupport_fastrtps_cpp/rover_interfaces/msg/detail/dds_fastrtps/telem_data__type_support.cpp.o[0m
[ 68%] Built target rover_interfaces__rosidl_typesupport_c
[ 68%] Built target rover_interfaces__rosidl_typesupport_introspection_c
[ 70%] [32m[1mLinking CXX shared library librover_interfaces__rosidl_typesupport_cpp.so[0m
[ 72%] [32m[1mLinking CXX shared library librover_interfaces__rosidl_typesupport_introspection_cpp.so[0m
[ 75%] [32m[1mLinking CXX shared library librover_interfaces__rosidl_typesupport_fastrtps_c.so[0m
[ 75%] Built target rover_interfaces__rosidl_typesupport_cpp
[ 75%] Built target rover_interfaces__rosidl_typesupport_introspection_cpp
[ 77%] [32m[1mLinking CXX shared library librover_interfaces__rosidl_typesupport_fastrtps_cpp.so[0m
[ 77%] Built target rover_interfaces__rosidl_typesupport_fastrtps_c
[ 77%] Built target rover_interfaces__rosidl_typesupport_fastrtps_cpp
[ 77%] Built target rover_interfaces
[ 79%] [34m[1mGenerating Python code for ROS interfaces[0m
[ 79%] Built target rover_interfaces__py
[ 84%] [32mBuilding C object CMakeFiles/rover_interfaces__rosidl_generator_py.dir/rosidl_generator_py/rover_interfaces/srv/_rover_command_s.c.o[0m
[ 84%] [32mBuilding C object CMakeFiles/rover_interfaces__rosidl_generator_py.dir/rosidl_generator_py/rover_interfaces/msg/_telem_data_s.c.o[0m
[ 86%] [32m[1mLinking C shared library librover_interfaces__rosidl_generator_py.so[0m
[ 86%] Built target rover_interfaces__rosidl_generator_py
[ 88%] [32mBuilding C object CMakeFiles/rover_interfaces_s__rosidl_typesupport_fastrtps_c.dir/rosidl_generator_py/rover_interfaces/_rover_interfaces_s.ep.rosidl_typesupport_fastrtps_c.c.o[0m
[ 93%] [32mBuilding C object CMakeFiles/rover_interfaces_s__rosidl_typesupport_c.dir/rosidl_generator_py/rover_interfaces/_rover_interfaces_s.ep.rosidl_typesupport_c.c.o[0m
[ 93%] [32mBuilding C object CMakeFiles/rover_interfaces_s__rosidl_typesupport_introspection_c.dir/rosidl_generator_py/rover_interfaces/_rover_interfaces_s.ep.rosidl_typesupport_introspection_c.c.o[0m
[ 97%] [32m[1mLinking C shared module rosidl_generator_py/rover_interfaces/rover_interfaces_s__rosidl_typesupport_introspection_c.so[0m
[ 97%] [32m[1mLinking C shared module rosidl_generator_py/rover_interfaces/rover_interfaces_s__rosidl_typesupport_c.so[0m
[100%] [32m[1mLinking C shared module rosidl_generator_py/rover_interfaces/rover_interfaces_s__rosidl_typesupport_fastrtps_c.so[0m
[100%] Built target rover_interfaces_s__rosidl_typesupport_introspection_c
[100%] Built target rover_interfaces_s__rosidl_typesupport_c
[100%] Built target rover_interfaces_s__rosidl_typesupport_fastrtps_c
-- Install configuration: ""
-- Installing: /home/cam/projects/CubeRover/install/rover_interfaces/share/ament_index/resource_index/rosidl_interfaces/rover_interfaces
-- Installing: /home/cam/projects/CubeRover/install/rover_interfaces/share/rover_interfaces/msg/TelemData.json
-- Installing: /home/cam/projects/CubeRover/install/rover_interfaces/share/rover_interfaces/srv/RoverCommand.json
-- Installing: /home/cam/projects/CubeRover/install/rover_interfaces/include/rover_interfaces/rover_interfaces
-- Installing: /home/cam/projects/CubeRover/install/rover_interfaces/include/rover_interfaces/rover_interfaces/srv
-- Installing: /home/cam/projects/CubeRover/install/rover_interfaces/include/rover_interfaces/rover_interfaces/srv/rover_command.h
-- Installing: /home/cam/projects/CubeRover/install/rover_interfaces/include/rover_interfaces/rover_interfaces/srv/detail
-- Installing: /home/cam/projects/CubeRover/install/rover_interfaces/include/rover_interfaces/rover_interfaces/srv/detail/rover_command__type_support.c
-- Installing: /home/cam/projects/CubeRover/install/rover_interfaces/include/rover_interfaces/rover_interfaces/srv/detail/rover_command__description.c
-- Installing: /home/cam/projects/CubeRover/install/rover_interfaces/include/rover_interfaces/rover_interfaces/srv/detail/rover_command__struct.h
-- Installing: /home/cam/projects/CubeRover/install/rover_interfaces/include/rover_interfaces/rover_interfaces/srv/detail/rover_command__functions.c
-- Installing: /home/cam/projects/CubeRover/install/rover_interfaces/include/rover_interfaces/rover_interfaces/srv/detail/rover_command__functions.h
-- Installing: /home/cam/projects/CubeRover/install/rover_interfaces/include/rover_interfaces/rover_interfaces/srv/detail/rover_command__type_support.h
-- Installing: /home/cam/projects/CubeRover/install/rover_interfaces/include/rover_interfaces/rover_interfaces/msg
-- Installing: /home/cam/projects/CubeRover/install/rover_interfaces/include/rover_interfaces/rover_interfaces/msg/telem_data.h
-- Installing: /home/cam/projects/CubeRover/install/rover_interfaces/include/rover_interfaces/rover_interfaces/msg/detail
-- Installing: /home/cam/projects/CubeRover/install/rover_interfaces/include/rover_interfaces/rover_interfaces/msg/detail/telem_data__functions.c
-- Installing: /home/cam/projects/CubeRover/install/rover_interfaces/include/rover_interfaces/rover_interfaces/msg/detail/telem_data__struct.h
-- Installing: /home/cam/projects/CubeRover/install/rover_interfaces/include/rover_interfaces/rover_interfaces/msg/detail/telem_data__type_support.h
-- Installing: /home/cam/projects/CubeRover/install/rover_interfaces/include/rover_interfaces/rover_interfaces/msg/detail/telem_data__functions.h
-- Installing: /home/cam/projects/CubeRover/install/rover_interfaces/include/rover_interfaces/rover_interfaces/msg/detail/telem_data__description.c
-- Installing: /home/cam/projects/CubeRover/install/rover_interfaces/include/rover_interfaces/rover_interfaces/msg/detail/telem_data__type_support.c
-- Installing: /home/cam/projects/CubeRover/install/rover_interfaces/include/rover_interfaces/rover_interfaces/msg/rosidl_generator_c__visibility_control.h
-- Installing: /home/cam/projects/CubeRover/install/rover_interfaces/share/rover_interfaces/environment/library_path.sh
-- Installing: /home/cam/projects/CubeRover/install/rover_interfaces/share/rover_interfaces/environment/library_path.dsv
-- Installing: /home/cam/projects/CubeRover/install/rover_interfaces/lib/librover_interfaces__rosidl_generator_c.so
-- Set non-toolchain portion of runtime path of "/home/cam/projects/CubeRover/install/rover_interfaces/lib/librover_interfaces__rosidl_generator_c.so" to ""
-- Up-to-date: /home/cam/projects/CubeRover/install/rover_interfaces/include/rover_interfaces/rover_interfaces
-- Up-to-date: /home/cam/projects/CubeRover/install/rover_interfaces/include/rover_interfaces/rover_interfaces/srv
-- Up-to-date: /home/cam/projects/CubeRover/install/rover_interfaces/include/rover_interfaces/rover_interfaces/srv/detail
-- Installing: /home/cam/projects/CubeRover/install/rover_interfaces/include/rover_interfaces/rover_interfaces/srv/detail/rover_command__rosidl_typesupport_fastrtps_c.h
-- Up-to-date: /home/cam/projects/CubeRover/install/rover_interfaces/include/rover_interfaces/rover_interfaces/msg
-- Installing: /home/cam/projects/CubeRover/install/rover_interfaces/include/rover_interfaces/rover_interfaces/msg/rosidl_typesupport_fastrtps_c__visibility_control.h
-- Up-to-date: /home/cam/projects/CubeRover/install/rover_interfaces/include/rover_interfaces/rover_interfaces/msg/detail
-- Installing: /home/cam/projects/CubeRover/install/rover_interfaces/include/rover_interfaces/rover_interfaces/msg/detail/telem_data__rosidl_typesupport_fastrtps_c.h
-- Installing: /home/cam/projects/CubeRover/install/rover_interfaces/lib/librover_interfaces__rosidl_typesupport_fastrtps_c.so
-- Set non-toolchain portion of runtime path of "/home/cam/projects/CubeRover/install/rover_interfaces/lib/librover_interfaces__rosidl_typesupport_fastrtps_c.so" to ""
-- Up-to-date: /home/cam/projects/CubeRover/install/rover_interfaces/include/rover_interfaces/rover_interfaces
-- Up-to-date: /home/cam/projects/CubeRover/install/rover_interfaces/include/rover_interfaces/rover_interfaces/srv
-- Up-to-date: /home/cam/projects/CubeRover/install/rover_interfaces/include/rover_interfaces/rover_interfaces/srv/detail
-- Installing: /home/cam/projects/CubeRover/install/rover_interfaces/include/rover_interfaces/rover_interfaces/srv/detail/rover_command__type_support.c
-- Installing: /home/cam/projects/CubeRover/install/rover_interfaces/include/rover_interfaces/rover_interfaces/srv/detail/rover_command__rosidl_typesupport_introspection_c.h
-- Up-to-date: /home/cam/projects/CubeRover/install/rover_interfaces/include/rover_interfaces/rover_interfaces/msg
-- Installing: /home/cam/projects/CubeRover/install/rover_interfaces/include/rover_interfaces/rover_interfaces/msg/rosidl_typesupport_introspection_c__visibility_control.h
-- Up-to-date: /home/cam/projects/CubeRover/install/rover_interfaces/include/rover_interfaces/rover_interfaces/msg/detail
-- Installing: /home/cam/projects/CubeRover/install/rover_interfaces/include/rover_interfaces/rover_interfaces/msg/detail/telem_data__rosidl_typesupport_introspection_c.h
-- Installing: /home/cam/projects/CubeRover/install/rover_interfaces/include/rover_interfaces/rover_interfaces/msg/detail/telem_data__type_support.c
-- Installing: /home/cam/projects/CubeRover/install/rover_interfaces/lib/librover_interfaces__rosidl_typesupport_introspection_c.so
-- Set non-toolchain portion of runtime path of "/home/cam/projects/CubeRover/install/rover_interfaces/lib/librover_interfaces__rosidl_typesupport_introspection_c.so" to ""
-- Installing: /home/cam/projects/CubeRover/install/rover_interfaces/lib/librover_interfaces__rosidl_typesupport_c.so
-- Set non-toolchain portion of runtime path of "/home/cam/projects/CubeRover/install/rover_interfaces/lib/librover_interfaces__rosidl_typesupport_c.so" to ""
-- Up-to-date: /home/cam/projects/CubeRover/install/rover_interfaces/include/rover_interfaces/rover_interfaces
-- Up-to-date: /home/cam/projects/CubeRover/install/rover_interfaces/include/rover_interfaces/rover_interfaces/srv
-- Installing: /home/cam/projects/CubeRover/install/rover_interfaces/include/rover_interfaces/rover_interfaces/srv/rover_command.hpp
-- Up-to-date: /home/cam/projects/CubeRover/install/rover_interfaces/include/rover_interfaces/rover_interfaces/srv/detail
-- Installing: /home/cam/projects/CubeRover/install/rover_interfaces/include/rover_interfaces/rover_interfaces/srv/detail/rover_command__builder.hpp
-- Installing: /home/cam/projects/CubeRover/install/rover_interfaces/include/rover_interfaces/rover_interfaces/srv/detail/rover_command__traits.hpp
-- Installing: /home/cam/projects/CubeRover/install/rover_interfaces/include/rover_interfaces/rover_interfaces/srv/detail/rover_command__struct.hpp
-- Installing: /home/cam/projects/CubeRover/install/rover_interfaces/include/rover_interfaces/rover_interfaces/srv/detail/rover_command__type_support.hpp
-- Up-to-date: /home/cam/projects/CubeRover/install/rover_interfaces/include/rover_interfaces/rover_interfaces/msg
-- Up-to-date: /home/cam/projects/CubeRover/install/rover_interfaces/include/rover_interfaces/rover_interfaces/msg/detail
-- Installing: /home/cam/projects/CubeRover/install/rover_interfaces/include/rover_interfaces/rover_interfaces/msg/detail/telem_data__type_support.hpp
-- Installing: /home/cam/projects/CubeRover/install/rover_interfaces/include/rover_interfaces/rover_interfaces/msg/detail/telem_data__traits.hpp
-- Installing: /home/cam/projects/CubeRover/install/rover_interfaces/include/rover_interfaces/rover_interfaces/msg/detail/telem_data__builder.hpp
-- Installing: /home/cam/projects/CubeRover/install/rover_interfaces/include/rover_interfaces/rover_interfaces/msg/detail/telem_data__struct.hpp
-- Installing: /home/cam/projects/CubeRover/install/rover_interfaces/include/rover_interfaces/rover_interfaces/msg/rosidl_generator_cpp__visibility_control.hpp
-- Installing: /home/cam/projects/CubeRover/install/rover_interfaces/include/rover_interfaces/rover_interfaces/msg/telem_data.hpp
-- Up-to-date: /home/cam/projects/CubeRover/install/rover_interfaces/include/rover_interfaces/rover_interfaces
-- Up-to-date: /home/cam/projects/CubeRover/install/rover_interfaces/include/rover_interfaces/rover_interfaces/srv
-- Up-to-date: /home/cam/projects/CubeRover/install/rover_interfaces/include/rover_interfaces/rover_interfaces/srv/detail
-- Installing: /home/cam/projects/CubeRover/install/rover_interfaces/include/rover_interfaces/rover_interfaces/srv/detail/dds_fastrtps
-- Installing: /home/cam/projects/CubeRover/install/rover_interfaces/include/rover_interfaces/rover_interfaces/srv/detail/rover_command__rosidl_typesupport_fastrtps_cpp.hpp
-- Up-to-date: /home/cam/projects/CubeRover/install/rover_interfaces/include/rover_interfaces/rover_interfaces/msg
-- Up-to-date: /home/cam/projects/CubeRover/install/rover_interfaces/include/rover_interfaces/rover_interfaces/msg/detail
-- Installing: /home/cam/projects/CubeRover/install/rover_interfaces/include/rover_interfaces/rover_interfaces/msg/detail/dds_fastrtps
-- Installing: /home/cam/projects/CubeRover/install/rover_interfaces/include/rover_interfaces/rover_interfaces/msg/detail/telem_data__rosidl_typesupport_fastrtps_cpp.hpp
-- Installing: /home/cam/projects/CubeRover/install/rover_interfaces/include/rover_interfaces/rover_interfaces/msg/rosidl_typesupport_fastrtps_cpp__visibility_control.h
-- Installing: /home/cam/projects/CubeRover/install/rover_interfaces/lib/librover_interfaces__rosidl_typesupport_fastrtps_cpp.so
-- Set non-toolchain portion of runtime path of "/home/cam/projects/CubeRover/install/rover_interfaces/lib/librover_interfaces__rosidl_typesupport_fastrtps_cpp.so" to ""
-- Up-to-date: /home/cam/projects/CubeRover/install/rover_interfaces/include/rover_interfaces/rover_interfaces
-- Up-to-date: /home/cam/projects/CubeRover/install/rover_interfaces/include/rover_interfaces/rover_interfaces/srv
-- Up-to-date: /home/cam/projects/CubeRover/install/rover_interfaces/include/rover_interfaces/rover_interfaces/srv/detail
-- Installing: /home/cam/projects/CubeRover/install/rover_interfaces/include/rover_interfaces/rover_interfaces/srv/detail/rover_command__type_support.cpp
-- Installing: /home/cam/projects/CubeRover/install/rover_interfaces/include/rover_interfaces/rover_interfaces/srv/detail/rover_command__rosidl_typesupport_introspection_cpp.hpp
-- Up-to-date: /home/cam/projects/CubeRover/install/rover_interfaces/include/rover_interfaces/rover_interfaces/msg
-- Up-to-date: /home/cam/projects/CubeRover/install/rover_interfaces/include/rover_interfaces/rover_interfaces/msg/detail
-- Installing: /home/cam/projects/CubeRover/install/rover_interfaces/include/rover_interfaces/rover_interfaces/msg/detail/telem_data__type_support.cpp
-- Installing: /home/cam/projects/CubeRover/install/rover_interfaces/include/rover_interfaces/rover_interfaces/msg/detail/telem_data__rosidl_typesupport_introspection_cpp.hpp
-- Installing: /home/cam/projects/CubeRover/install/rover_interfaces/lib/librover_interfaces__rosidl_typesupport_introspection_cpp.so
-- Set non-toolchain portion of runtime path of "/home/cam/projects/CubeRover/install/rover_interfaces/lib/librover_interfaces__rosidl_typesupport_introspection_cpp.so" to ""
-- Installing: /home/cam/projects/CubeRover/install/rover_interfaces/lib/librover_interfaces__rosidl_typesupport_cpp.so
-- Set non-toolchain portion of runtime path of "/home/cam/projects/CubeRover/install/rover_interfaces/lib/librover_interfaces__rosidl_typesupport_cpp.so" to ""
-- Installing: /home/cam/projects/CubeRover/install/rover_interfaces/share/rover_interfaces/environment/pythonpath.sh
-- Installing: /home/cam/projects/CubeRover/install/rover_interfaces/share/rover_interfaces/environment/pythonpath.dsv
-- Installing: /home/cam/projects/CubeRover/install/rover_interfaces/lib/python3.12/site-packages/rover_interfaces-0.0.0-py3.12.egg-info
-- Installing: /home/cam/projects/CubeRover/install/rover_interfaces/lib/python3.12/site-packages/rover_interfaces-0.0.0-py3.12.egg-info/PKG-INFO
-- Installing: /home/cam/projects/CubeRover/install/rover_interfaces/lib/python3.12/site-packages/rover_interfaces-0.0.0-py3.12.egg-info/SOURCES.txt
-- Installing: /home/cam/projects/CubeRover/install/rover_interfaces/lib/python3.12/site-packages/rover_interfaces-0.0.0-py3.12.egg-info/dependency_links.txt
-- Installing: /home/cam/projects/CubeRover/install/rover_interfaces/lib/python3.12/site-packages/rover_interfaces-0.0.0-py3.12.egg-info/top_level.txt
-- Installing: /home/cam/projects/CubeRover/install/rover_interfaces/lib/python3.12/site-packages/rover_interfaces
-- Installing: /home/cam/projects/CubeRover/install/rover_interfaces/lib/python3.12/site-packages/rover_interfaces/__init__.py
-- Installing: /home/cam/projects/CubeRover/install/rover_interfaces/lib/python3.12/site-packages/rover_interfaces/rover_interfaces_s__rosidl_typesupport_c.so
-- Installing: /home/cam/projects/CubeRover/install/rover_interfaces/lib/python3.12/site-packages/rover_interfaces/rover_interfaces_s__rosidl_typesupport_introspection_c.so
-- Installing: /home/cam/projects/CubeRover/install/rover_interfaces/lib/python3.12/site-packages/rover_interfaces/_rover_interfaces_s.ep.rosidl_typesupport_c.c
-- Installing: /home/cam/projects/CubeRover/install/rover_interfaces/lib/python3.12/site-packages/rover_interfaces/_rover_interfaces_s.ep.rosidl_typesupport_introspection_c.c
-- Installing: /home/cam/projects/CubeRover/install/rover_interfaces/lib/python3.12/site-packages/rover_interfaces/srv
-- Installing: /home/cam/projects/CubeRover/install/rover_interfaces/lib/python3.12/site-packages/rover_interfaces/srv/__init__.py
-- Installing: /home/cam/projects/CubeRover/install/rover_interfaces/lib/python3.12/site-packages/rover_interfaces/srv/_rover_command.py
-- Installing: /home/cam/projects/CubeRover/install/rover_interfaces/lib/python3.12/site-packages/rover_interfaces/srv/_rover_command_s.c
-- Installing: /home/cam/projects/CubeRover/install/rover_interfaces/lib/python3.12/site-packages/rover_interfaces/_rover_interfaces_s.ep.rosidl_typesupport_fastrtps_c.c
-- Installing: /home/cam/projects/CubeRover/install/rover_interfaces/lib/python3.12/site-packages/rover_interfaces/rover_interfaces_s__rosidl_typesupport_fastrtps_c.so
-- Installing: /home/cam/projects/CubeRover/install/rover_interfaces/lib/python3.12/site-packages/rover_interfaces/msg
-- Installing: /home/cam/projects/CubeRover/install/rover_interfaces/lib/python3.12/site-packages/rover_interfaces/msg/__init__.py
-- Installing: /home/cam/projects/CubeRover/install/rover_interfaces/lib/python3.12/site-packages/rover_interfaces/msg/_telem_data_s.c
-- Installing: /home/cam/projects/CubeRover/install/rover_interfaces/lib/python3.12/site-packages/rover_interfaces/msg/_telem_data.py
Listing '/home/cam/projects/CubeRover/install/rover_interfaces/lib/python3.12/site-packages/rover_interfaces'...
Compiling '/home/cam/projects/CubeRover/install/rover_interfaces/lib/python3.12/site-packages/rover_interfaces/__init__.py'...
Listing '/home/cam/projects/CubeRover/install/rover_interfaces/lib/python3.12/site-packages/rover_interfaces/msg'...
Compiling '/home/cam/projects/CubeRover/install/rover_interfaces/lib/python3.12/site-packages/rover_interfaces/msg/__init__.py'...
Compiling '/home/cam/projects/CubeRover/install/rover_interfaces/lib/python3.12/site-packages/rover_interfaces/msg/_telem_data.py'...
Listing '/home/cam/projects/CubeRover/install/rover_interfaces/lib/python3.12/site-packages/rover_interfaces/srv'...
Compiling '/home/cam/projects/CubeRover/install/rover_interfaces/lib/python3.12/site-packages/rover_interfaces/srv/__init__.py'...
Compiling '/home/cam/projects/CubeRover/install/rover_interfaces/lib/python3.12/site-packages/rover_interfaces/srv/_rover_command.py'...
-- Installing: /home/cam/projects/CubeRover/install/rover_interfaces/lib/python3.12/site-packages/rover_interfaces/rover_interfaces_s__rosidl_typesupport_fastrtps_c.so
-- Set non-toolchain portion of runtime path of "/home/cam/projects/CubeRover/install/rover_interfaces/lib/python3.12/site-packages/rover_interfaces/rover_interfaces_s__rosidl_typesupport_fastrtps_c.so" to ""
-- Installing: /home/cam/projects/CubeRover/install/rover_interfaces/lib/python3.12/site-packages/rover_interfaces/rover_interfaces_s__rosidl_typesupport_introspection_c.so
-- Set non-toolchain portion of runtime path of "/home/cam/projects/CubeRover/install/rover_interfaces/lib/python3.12/site-packages/rover_interfaces/rover_interfaces_s__rosidl_typesupport_introspection_c.so" to ""
-- Installing: /home/cam/projects/CubeRover/install/rover_interfaces/lib/python3.12/site-packages/rover_interfaces/rover_interfaces_s__rosidl_typesupport_c.so
-- Set non-toolchain portion of runtime path of "/home/cam/projects/CubeRover/install/rover_interfaces/lib/python3.12/site-packages/rover_interfaces/rover_interfaces_s__rosidl_typesupport_c.so" to ""
-- Installing: /home/cam/projects/CubeRover/install/rover_interfaces/lib/librover_interfaces__rosidl_generator_py.so
-- Set non-toolchain portion of runtime path of "/home/cam/projects/CubeRover/install/rover_interfaces/lib/librover_interfaces__rosidl_generator_py.so" to ""
-- Installing: /home/cam/projects/CubeRover/install/rover_interfaces/share/rover_interfaces/msg/TelemData.idl
-- Installing: /home/cam/projects/CubeRover/install/rover_interfaces/share/rover_interfaces/srv/RoverCommand.idl
-- Installing: /home/cam/projects/CubeRover/install/rover_interfaces/share/rover_interfaces/msg/TelemData.msg
-- Installing: /home/cam/projects/CubeRover/install/rover_interfaces/share/rover_interfaces/srv/RoverCommand.srv
-- Installing: /home/cam/projects/CubeRover/install/rover_interfaces/share/ament_index/resource_index/package_run_dependencies/rover_interfaces
-- Installing: /home/cam/projects/CubeRover/install/rover_interfaces/share/ament_index/resource_index/parent_prefix_path/rover_interfaces
-- Installing: /home/cam/projects/CubeRover/install/rover_interfaces/share/rover_interfaces/environment/ament_prefix_path.sh
-- Installing: /home/cam/projects/CubeRover/install/rover_interfaces/share/rover_interfaces/environment/ament_prefix_path.dsv
-- Installing: /home/cam/projects/CubeRover/install/rover_interfaces/share/rover_interfaces/environment/path.sh
-- Installing: /home/cam/projects/CubeRover/install/rover_interfaces/share/rover_interfaces/environment/path.dsv
-- Installing: /home/cam/projects/CubeRover/install/rover_interfaces/share/rover_interfaces/local_setup.bash
-- Installing: /home/cam/projects/CubeRover/install/rover_interfaces/share/rover_interfaces/local_setup.sh
-- Installing: /home/cam/projects/CubeRover/install/rover_interfaces/share/rover_interfaces/local_setup.zsh
-- Installing: /home/cam/projects/CubeRover/install/rover_interfaces/share/rover_interfaces/local_setup.dsv
-- Installing: /home/cam/projects/CubeRover/install/rover_interfaces/share/rover_interfaces/package.dsv
-- Installing: /home/cam/projects/CubeRover/install/rover_interfaces/share/ament_index/resource_index/packages/rover_interfaces
-- Installing: /home/cam/projects/CubeRover/install/rover_interfaces/share/rover_interfaces/cmake/export_rover_interfaces__rosidl_generator_cExport.cmake
-- Installing: /home/cam/projects/CubeRover/install/rover_interfaces/share/rover_interfaces/cmake/export_rover_interfaces__rosidl_generator_cExport-noconfig.cmake
-- Installing: /home/cam/projects/CubeRover/install/rover_interfaces/share/rover_interfaces/cmake/export_rover_interfaces__rosidl_typesupport_fastrtps_cExport.cmake
-- Installing: /home/cam/projects/CubeRover/install/rover_interfaces/share/rover_interfaces/cmake/export_rover_interfaces__rosidl_typesupport_fastrtps_cExport-noconfig.cmake
-- Installing: /home/cam/projects/CubeRover/install/rover_interfaces/share/rover_interfaces/cmake/rover_interfaces__rosidl_typesupport_introspection_cExport.cmake
-- Installing: /home/cam/projects/CubeRover/install/rover_interfaces/share/rover_interfaces/cmake/rover_interfaces__rosidl_typesupport_introspection_cExport-noconfig.cmake
-- Installing: /home/cam/projects/CubeRover/install/rover_interfaces/share/rover_interfaces/cmake/rover_interfaces__rosidl_typesupport_cExport.cmake
-- Installing: /home/cam/projects/CubeRover/install/rover_interfaces/share/rover_interfaces/cmake/rover_interfaces__rosidl_typesupport_cExport-noconfig.cmake
-- Installing: /home/cam/projects/CubeRover/install/rover_interfaces/share/rover_interfaces/cmake/export_rover_interfaces__rosidl_generator_cppExport.cmake
-- Installing: /home/cam/projects/CubeRover/install/rover_interfaces/share/rover_interfaces/cmake/export_rover_interfaces__rosidl_typesupport_fastrtps_cppExport.cmake
-- Installing: /home/cam/projects/CubeRover/install/rover_interfaces/share/rover_interfaces/cmake/export_rover_interfaces__rosidl_typesupport_fastrtps_cppExport-noconfig.cmake
-- Installing: /home/cam/projects/CubeRover/install/rover_interfaces/share/rover_interfaces/cmake/rover_interfaces__rosidl_typesupport_introspection_cppExport.cmake
-- Installing: /home/cam/projects/CubeRover/install/rover_interfaces/share/rover_interfaces/cmake/rover_interfaces__rosidl_typesupport_introspection_cppExport-noconfig.cmake
-- Installing: /home/cam/projects/CubeRover/install/rover_interfaces/share/rover_interfaces/cmake/rover_interfaces__rosidl_typesupport_cppExport.cmake
-- Installing: /home/cam/projects/CubeRover/install/rover_interfaces/share/rover_interfaces/cmake/rover_interfaces__rosidl_typesupport_cppExport-noconfig.cmake
-- Installing: /home/cam/projects/CubeRover/install/rover_interfaces/share/rover_interfaces/cmake/export_rover_interfaces__rosidl_generator_pyExport.cmake
-- Installing: /home/cam/projects/CubeRover/install/rover_interfaces/share/rover_interfaces/cmake/export_rover_interfaces__rosidl_generator_pyExport-noconfig.cmake
-- Installing: /home/cam/projects/CubeRover/install/rover_interfaces/share/rover_interfaces/cmake/rosidl_cmake-extras.cmake
-- Installing: /home/cam/projects/CubeRover/install/rover_interfaces/share/rover_interfaces/cmake/ament_cmake_export_dependencies-extras.cmake
-- Installing: /home/cam/projects/CubeRover/install/rover_interfaces/share/rover_interfaces/cmake/ament_cmake_export_include_directories-extras.cmake
-- Installing: /home/cam/projects/CubeRover/install/rover_interfaces/share/rover_interfaces/cmake/ament_cmake_export_libraries-extras.cmake
-- Installing: /home/cam/projects/CubeRover/install/rover_interfaces/share/rover_interfaces/cmake/ament_cmake_export_targets-extras.cmake
-- Installing: /home/cam/projects/CubeRover/install/rover_interfaces/share/rover_interfaces/cmake/rosidl_cmake_export_typesupport_targets-extras.cmake
-- Installing: /home/cam/projects/CubeRover/install/rover_interfaces/share/rover_interfaces/cmake/rosidl_cmake_export_typesupport_libraries-extras.cmake
-- Installing: /home/cam/projects/CubeRover/install/rover_interfaces/share/rover_interfaces/cmake/rover_interfacesConfig.cmake
-- Installing: /home/cam/projects/CubeRover/install/rover_interfaces/share/rover_interfaces/cmake/rover_interfacesConfig-version.cmake
-- Installing: /home/cam/projects/CubeRover/install/rover_interfaces/share/rover_interfaces/package.xml
